   1               		.file	"Descriptors.c"
   2               	__SREG__ = 0x3f
   3               	__SP_H__ = 0x3e
   4               	__SP_L__ = 0x3d
   5               	__CCP__  = 0x34
   6               	__tmp_reg__ = 0
   7               	__zero_reg__ = 1
  15               	.Ltext0:
  16               		.section	.text.CALLBACK_USB_GetDescriptor,"ax",@progbits
  17               	.global	CALLBACK_USB_GetDescriptor
  19               	CALLBACK_USB_GetDescriptor:
  20               	.LFB187:
  21               	.LSM0:
  22               	.LVL0:
  23               	/* prologue: function */
  24               	/* frame size = 0 */
  25 0000 DA01      		movw r26,r20
  26               	.LSM1:
  27 0002 292F      		mov r18,r25
  28 0004 3327      		clr r19
  29 0006 2230      		cpi r18,lo8(2)
  30 0008 01F0      		breq .L4
  31               	.LVL1:
  32 000a 2330      		cpi r18,lo8(3)
  33 000c 01F0      		breq .L5
  34 000e 2130      		cpi r18,lo8(1)
  35 0010 01F4      		brne .L2
  36 0012 E0E0      		ldi r30,lo8(DeviceDescriptor)
  37 0014 F0E0      		ldi r31,hi8(DeviceDescriptor)
  38               	.LVL2:
  39 0016 82E1      		ldi r24,lo8(18)
  40 0018 90E0      		ldi r25,hi8(18)
  41               	.LVL3:
  42 001a 00C0      		rjmp .L6
  43               	.LVL4:
  44               	.L4:
  45 001c E0E0      		ldi r30,lo8(ConfigurationDescriptor)
  46 001e F0E0      		ldi r31,hi8(ConfigurationDescriptor)
  47               	.LVL5:
  48 0020 8DE5      		ldi r24,lo8(93)
  49 0022 90E0      		ldi r25,hi8(93)
  50               	.LVL6:
  51 0024 00C0      		rjmp .L6
  52               	.LVL7:
  53               	.L5:
  54               	.LSM2:
  55 0026 8130      		cpi r24,lo8(1)
  56 0028 01F0      		breq .L8
  57 002a 8130      		cpi r24,lo8(1)
  58 002c 00F0      		brlo .L7
  59 002e 8230      		cpi r24,lo8(2)
  60 0030 01F4      		brne .L2
  61 0032 00C0      		rjmp .L12
  62               	.L7:
  63               	.LBB2:
  64               	.LSM3:
  65 0034 E0E0      		ldi r30,lo8(LanguageString)
  66 0036 F0E0      		ldi r31,hi8(LanguageString)
  67               	/* #APP */
  68               	 ;  303 "Descriptors.c" 1
  69 0038 8491      		lpm r24, Z
  70               		
  71               	 ;  0 "" 2
  72               	.LVL8:
  73               	/* #NOAPP */
  74 003a 00C0      		rjmp .L11
  75               	.LVL9:
  76               	.L8:
  77               	.LBE2:
  78               	.LBB3:
  79               	.LSM4:
  80 003c E0E0      		ldi r30,lo8(ManufacturerString)
  81 003e F0E0      		ldi r31,hi8(ManufacturerString)
  82               	/* #APP */
  83               	 ;  307 "Descriptors.c" 1
  84 0040 8491      		lpm r24, Z
  85               		
  86               	 ;  0 "" 2
  87               	.LVL10:
  88               	/* #NOAPP */
  89 0042 00C0      		rjmp .L11
  90               	.LVL11:
  91               	.L12:
  92               	.LBE3:
  93               	.LBB4:
  94               	.LSM5:
  95 0044 E0E0      		ldi r30,lo8(ProductString)
  96 0046 F0E0      		ldi r31,hi8(ProductString)
  97               	/* #APP */
  98               	 ;  311 "Descriptors.c" 1
  99 0048 8491      		lpm r24, Z
 100               		
 101               	 ;  0 "" 2
 102               	.LVL12:
 103               	/* #NOAPP */
 104               	.L11:
 105               	.LBE4:
 106 004a 90E0      		ldi r25,lo8(0)
 107               	.LVL13:
 108 004c 00C0      		rjmp .L6
 109               	.LVL14:
 110               	.L2:
 111 004e E0E0      		ldi r30,lo8(0)
 112 0050 F0E0      		ldi r31,hi8(0)
 113               	.LVL15:
 114 0052 80E0      		ldi r24,lo8(0)
 115 0054 90E0      		ldi r25,hi8(0)
 116               	.LVL16:
 117               	.L6:
 118               	.LSM6:
 119 0056 ED93      		st X+,r30
 120 0058 FC93      		st X,r31
 121               	.LVL17:
 122               	/* epilogue start */
 123               	.LSM7:
 124 005a 0895      		ret
 125               	.LFE187:
 127               	.global	DeviceDescriptor
 128               		.section	.progmem.data,"a",@progbits
 131               	DeviceDescriptor:
 132 0000 12        		.byte	18
 133 0001 01        		.byte	1
 134 0002 1001      		.word	272
 135 0004 EF        		.byte	-17
 136 0005 02        		.byte	2
 137 0006 01        		.byte	1
 138 0007 08        		.byte	8
 139 0008 EB03      		.word	1003
 140 000a 6920      		.word	8297
 141 000c 0100      		.word	1
 142 000e 01        		.byte	1
 143 000f 02        		.byte	2
 144 0010 DC        		.byte	-36
 145 0011 01        		.byte	1
 146               	.global	ConfigurationDescriptor
 149               	ConfigurationDescriptor:
 150 0012 09        		.byte	9
 151 0013 02        		.byte	2
 152 0014 5D00      		.word	93
 153 0016 03        		.byte	3
 154 0017 01        		.byte	1
 155 0018 00        		.byte	0
 156 0019 80        		.byte	-128
 157 001a 32        		.byte	50
 158 001b 08        		.byte	8
 159 001c 0B        		.byte	11
 160 001d 00        		.byte	0
 161 001e 02        		.byte	2
 162 001f 02        		.byte	2
 163 0020 02        		.byte	2
 164 0021 FF        		.byte	-1
 165 0022 00        		.byte	0
 166 0023 09        		.byte	9
 167 0024 04        		.byte	4
 168 0025 00        		.byte	0
 169 0026 00        		.byte	0
 170 0027 01        		.byte	1
 171 0028 02        		.byte	2
 172 0029 02        		.byte	2
 173 002a FF        		.byte	-1
 174 002b 00        		.byte	0
 175 002c 05        		.byte	5
 176 002d 24        		.byte	36
 177 002e 00        		.byte	0
 178 002f 1001      		.word	272
 179 0031 04        		.byte	4
 180 0032 24        		.byte	36
 181 0033 02        		.byte	2
 182 0034 00        		.byte	0
 183 0035 05        		.byte	5
 184 0036 24        		.byte	36
 185 0037 06        		.byte	6
 186 0038 00        		.byte	0
 187 0039 01        		.byte	1
 188 003a 07        		.byte	7
 189 003b 05        		.byte	5
 190 003c 85        		.byte	-123
 191 003d 03        		.byte	3
 192 003e 0800      		.word	8
 193 0040 FF        		.byte	-1
 194 0041 09        		.byte	9
 195 0042 04        		.byte	4
 196 0043 01        		.byte	1
 197 0044 00        		.byte	0
 198 0045 02        		.byte	2
 199 0046 0A        		.byte	10
 200 0047 00        		.byte	0
 201 0048 00        		.byte	0
 202 0049 00        		.byte	0
 203 004a 07        		.byte	7
 204 004b 05        		.byte	5
 205 004c 02        		.byte	2
 206 004d 02        		.byte	2
 207 004e 4000      		.word	64
 208 0050 01        		.byte	1
 209 0051 07        		.byte	7
 210 0052 05        		.byte	5
 211 0053 81        		.byte	-127
 212 0054 02        		.byte	2
 213 0055 4000      		.word	64
 214 0057 01        		.byte	1
 215 0058 09        		.byte	9
 216 0059 04        		.byte	4
 217 005a 02        		.byte	2
 218 005b 00        		.byte	0
 219 005c 02        		.byte	2
 220 005d 08        		.byte	8
 221 005e 06        		.byte	6
 222 005f 50        		.byte	80
 223 0060 00        		.byte	0
 224 0061 07        		.byte	7
 225 0062 05        		.byte	5
 226 0063 83        		.byte	-125
 227 0064 02        		.byte	2
 228 0065 4000      		.word	64
 229 0067 01        		.byte	1
 230 0068 07        		.byte	7
 231 0069 05        		.byte	5
 232 006a 04        		.byte	4
 233 006b 02        		.byte	2
 234 006c 4000      		.word	64
 235 006e 01        		.byte	1
 236               	.global	LanguageString
 239               	LanguageString:
 240 006f 04        		.byte	4
 241 0070 03        		.byte	3
 242 0071 0904      		.word	1033
 243               	.global	ManufacturerString
 246               	ManufacturerString:
 247 0073 18        		.byte	24
 248 0074 03        		.byte	3
 249 0075 4400      		.string	"D"
 250 0077 6500      		.string	"e"
 251 0079 6100      		.string	"a"
 252 007b 6E00      		.string	"n"
 253 007d 2000      		.string	" "
 254 007f 4300      		.string	"C"
 255 0081 6100      		.string	"a"
 256 0083 6D00      		.string	"m"
 257 0085 6500      		.string	"e"
 258 0087 7200      		.string	"r"
 259 0089 6100      		.string	"a"
 260 008b 00        		.string	""
 261 008c 00        		.string	""
 262               	.global	ProductString
 265               	ProductString:
 266 008d 1E        		.byte	30
 267 008e 03        		.byte	3
 268 008f 4C00      		.string	"L"
 269 0091 5500      		.string	"U"
 270 0093 4600      		.string	"F"
 271 0095 4100      		.string	"A"
 272 0097 2000      		.string	" "
 273 0099 5700      		.string	"W"
 274 009b 6500      		.string	"e"
 275 009d 6200      		.string	"b"
 276 009f 7300      		.string	"s"
 277 00a1 6500      		.string	"e"
 278 00a3 7200      		.string	"r"
 279 00a5 7600      		.string	"v"
 280 00a7 6500      		.string	"e"
 281 00a9 7200      		.string	"r"
 282 00ab 00        		.string	""
 283 00ac 00        		.string	""
 308               	.Letext0:
DEFINED SYMBOLS
                            *ABS*:00000000 Descriptors.c
     /tmp/ccfG8BoO.s:2      *ABS*:0000003f __SREG__
     /tmp/ccfG8BoO.s:3      *ABS*:0000003e __SP_H__
     /tmp/ccfG8BoO.s:4      *ABS*:0000003d __SP_L__
     /tmp/ccfG8BoO.s:5      *ABS*:00000034 __CCP__
     /tmp/ccfG8BoO.s:6      *ABS*:00000000 __tmp_reg__
     /tmp/ccfG8BoO.s:7      *ABS*:00000001 __zero_reg__
     /tmp/ccfG8BoO.s:19     .text.CALLBACK_USB_GetDescriptor:00000000 CALLBACK_USB_GetDescriptor
     /tmp/ccfG8BoO.s:131    .progmem.data:00000000 DeviceDescriptor
     /tmp/ccfG8BoO.s:149    .progmem.data:00000012 ConfigurationDescriptor
     /tmp/ccfG8BoO.s:239    .progmem.data:0000006f LanguageString
     /tmp/ccfG8BoO.s:246    .progmem.data:00000073 ManufacturerString
     /tmp/ccfG8BoO.s:265    .progmem.data:0000008d ProductString

NO UNDEFINED SYMBOLS
