   1               		.file	"BootloaderDFU.c"
   2               	__SREG__ = 0x3f
   3               	__SP_H__ = 0x3e
   4               	__SP_L__ = 0x3d
   5               	__CCP__  = 0x34
   6               	__tmp_reg__ = 0
   7               	__zero_reg__ = 1
  15               	.Ltext0:
  16               		.section	.text.__vector_20,"ax",@progbits
  17               	.global	__vector_20
  19               	__vector_20:
  20               	.LFB104:
  21               	.LSM0:
  22 0000 1F92      		push __zero_reg__
  23 0002 0F92      		push r0
  24 0004 0FB6      		in r0,__SREG__
  25 0006 0F92      		push r0
  26 0008 1124      		clr __zero_reg__
  27 000a 8F93      		push r24
  28 000c 9F93      		push r25
  29               	/* prologue: Signal */
  30               	/* frame size = 0 */
  31               	.LBB106:
  32               	.LBB107:
  33               	.LSM1:
  34 000e 8BB1      		in r24,43-32
  35 0010 90E3      		ldi r25,lo8(48)
  36 0012 8927      		eor r24,r25
  37 0014 8BB9      		out 43-32,r24
  38               	/* epilogue start */
  39               	.LBE107:
  40               	.LBE106:
  41               	.LSM2:
  42 0016 9F91      		pop r25
  43 0018 8F91      		pop r24
  44 001a 0F90      		pop r0
  45 001c 0FBE      		out __SREG__,r0
  46 001e 0F90      		pop r0
  47 0020 1F90      		pop __zero_reg__
  48 0022 1895      		reti
  49               	.LFE104:
  51               		.section	.text.DiscardFillerBytes,"ax",@progbits
  53               	DiscardFillerBytes:
  54               	.LFB106:
  55               	.LSM3:
  56               	.LVL0:
  57               	/* prologue: function */
  58               	/* frame size = 0 */
  59 0000 282F      		mov r18,r24
  60 0002 00C0      		rjmp .L4
  61               	.LVL1:
  62               	.L10:
  63               	.LBB108:
  64               	.LBB109:
  65               	.LSM4:
  66 0004 8091 F200 		lds r24,242
  67 0008 9091 F300 		lds r25,(242)+1
  68               	.LVL2:
  69               	.LBE109:
  70               	.LBE108:
  71               	.LSM5:
  72 000c 892B      		or r24,r25
  73 000e 01F4      		brne .L5
  74               	.LBB110:
  75               	.LBB111:
  76               	.LSM6:
  77 0010 8091 E800 		lds r24,232
  78 0014 8B7F      		andi r24,lo8(-5)
  79 0016 8093 E800 		sts 232,r24
  80 001a 00C0      		rjmp .L6
  81               	.L8:
  82               	.LBE111:
  83               	.LBE110:
  84               	.LSM7:
  85 001c 8EB3      		in r24,62-32
  86 001e 8823      		tst r24
  87 0020 01F0      		breq .L11
  88               	.L6:
  89               	.LBB112:
  90               	.LBB113:
  91               	.LSM8:
  92 0022 8091 E800 		lds r24,232
  93               	.LBE113:
  94               	.LBE112:
  95               	.LSM9:
  96 0026 82FF      		sbrs r24,2
  97 0028 00C0      		rjmp .L8
  98 002a 00C0      		rjmp .L9
  99               	.L5:
 100               	.LBB114:
 101               	.LBB115:
 102               	.LSM10:
 103 002c 8091 F100 		lds r24,241
 104               	.LVL3:
 105               	.L9:
 106 0030 2150      		subi r18,lo8(-(-1))
 107               	.LVL4:
 108               	.L4:
 109               	.LBE115:
 110               	.LBE114:
 111               	.LSM11:
 112 0032 2223      		tst r18
 113 0034 01F4      		brne .L10
 114               	.L11:
 115 0036 0895      		ret
 116               	.LFE106:
 118               		.section	.text.LoadStartEndAddresses,"ax",@progbits
 120               	LoadStartEndAddresses:
 121               	.LFB108:
 122               	.LSM12:
 123               	/* prologue: function */
 124               	/* frame size = 0 */
 125               	.LSM13:
 126 0000 2091 0000 		lds r18,SentCommand+5
 127 0004 3091 0000 		lds r19,SentCommand+4
 128               	.LSM14:
 129 0008 8091 0000 		lds r24,SentCommand+3
 130               	.LVL5:
 131 000c 9091 0000 		lds r25,SentCommand+2
 132               	.LVL6:
 133 0010 8093 0000 		sts StartAddr,r24
 134 0014 9093 0000 		sts StartAddr+1,r25
 135               	.LSM15:
 136 0018 C901      		movw r24,r18
 137               	.LVL7:
 138 001a 8093 0000 		sts EndAddr,r24
 139               	.LVL8:
 140 001e 9093 0000 		sts EndAddr+1,r25
 141               	.LVL9:
 142               	/* epilogue start */
 143               	.LSM16:
 144 0022 0895      		ret
 145               	.LFE108:
 147               		.section	.text.ProcessBootloaderCommand,"ax",@progbits
 149               	ProcessBootloaderCommand:
 150               	.LFB107:
 151               	.LSM17:
 152 0000 1F93      		push r17
 153 0002 DF93      		push r29
 154 0004 CF93      		push r28
 155 0006 00D0      		rcall .
 156 0008 00D0      		rcall .
 157 000a 00D0      		rcall .
 158 000c CDB7      		in r28,__SP_L__
 159 000e DEB7      		in r29,__SP_H__
 160               	/* prologue: function */
 161               	/* frame size = 6 */
 162               	.LSM18:
 163 0010 8091 0000 		lds r24,IsSecure
 164 0014 8823      		tst r24
 165 0016 01F0      		breq .L15
 166               	.LSM19:
 167 0018 8091 0000 		lds r24,SentCommand
 168 001c 8430      		cpi r24,lo8(4)
 169 001e 01F4      		brne .L16
 170 0020 8091 0000 		lds r24,SentCommand+1
 171 0024 8823      		tst r24
 172 0026 01F4      		brne .L17
 173 0028 8091 0000 		lds r24,SentCommand+2
 174 002c 8F3F      		cpi r24,lo8(-1)
 175 002e 01F4      		brne .L17
 176 0030 00C0      		rjmp .L15
 177               	.L16:
 178 0032 8530      		cpi r24,lo8(5)
 179 0034 01F0      		breq .L15
 180               	.L17:
 181               	.LSM20:
 182 0036 8AE0      		ldi r24,lo8(10)
 183 0038 8093 0000 		sts DFU_State,r24
 184               	.LSM21:
 185 003c 83E0      		ldi r24,lo8(3)
 186 003e 8093 0000 		sts DFU_Status,r24
 187               	.LBB131:
 188               	.LBB132:
 189               	.LSM22:
 190 0042 8091 EB00 		lds r24,235
 191 0046 8062      		ori r24,lo8(32)
 192 0048 8093 EB00 		sts 235,r24
 193 004c 00C0      		rjmp .L40
 194               	.L15:
 195               	.LBE132:
 196               	.LBE131:
 197               	.LSM23:
 198 004e 8091 0000 		lds r24,SentCommand
 199 0052 8430      		cpi r24,lo8(4)
 200 0054 01F4      		brne .+2
 201 0056 00C0      		rjmp .L21
 202 0058 8530      		cpi r24,lo8(5)
 203 005a 00F4      		brsh .L24
 204 005c 8130      		cpi r24,lo8(1)
 205 005e 01F0      		breq .L19
 206 0060 8330      		cpi r24,lo8(3)
 207 0062 01F0      		breq .+2
 208 0064 00C0      		rjmp .L40
 209 0066 00C0      		rjmp .L50
 210               	.L24:
 211 0068 8530      		cpi r24,lo8(5)
 212 006a 01F4      		brne .+2
 213 006c 00C0      		rjmp .L22
 214 006e 8630      		cpi r24,lo8(6)
 215 0070 01F0      		breq .+2
 216 0072 00C0      		rjmp .L40
 217 0074 00C0      		rjmp .L51
 218               	.L19:
 219               	.LBB133:
 220               	.LBB134:
 221               	.LSM24:
 222 0076 1091 0000 		lds r17,SentCommand+1
 223 007a 1230      		cpi r17,lo8(2)
 224 007c 00F0      		brlo .+2
 225 007e 00C0      		rjmp .L40
 226               	.LSM25:
 227 0080 0E94 0000 		call LoadStartEndAddresses
 228               	.LSM26:
 229 0084 1123      		tst r17
 230 0086 01F4      		brne .L25
 231               	.LBB135:
 232               	.LSM27:
 233 0088 8091 0000 		lds r24,StartAddr
 234 008c 9091 0000 		lds r25,(StartAddr)+1
 235               	.LVL10:
 236 0090 A091 0000 		lds r26,Flash64KBPage
 237               	.LVL11:
 238 0094 B0E0      		ldi r27,lo8(0)
 239               	.LVL12:
 240               	.LSM28:
 241 0096 23E0      		ldi r18,lo8(3)
 242               	/* #APP */
 243               	 ;  615 "BootloaderDFU.c" 1
 244 0098 FC01      		movw r30, r24
 245 009a A093 5B00 		sts  91, r26
 246 009e 2093 5700 		sts 87, r18
 247 00a2 E895      		spm
 248               		
 249               	 ;  0 "" 2
 250               	/* #NOAPP */
 251               	.L26:
 252               	.LBE135:
 253               	.LBE134:
 254               	.LSM29:
 255 00a4 07B6      		in __tmp_reg__,87-32
 256 00a6 00FC      		sbrc __tmp_reg__,0
 257 00a8 00C0      		rjmp .L26
 258               	.L25:
 259               	.LBB136:
 260               	.LSM30:
 261 00aa 85E0      		ldi r24,lo8(5)
 262               	.LVL13:
 263 00ac 00C0      		rjmp .L48
 264               	.LVL14:
 265               	.L50:
 266               	.LBE136:
 267               	.LBE133:
 268               	.LBB137:
 269               	.LBB138:
 270               	.LSM31:
 271 00ae 8091 0000 		lds r24,SentCommand+1
 272 00b2 8823      		tst r24
 273 00b4 01F0      		breq .L27
 274 00b6 8230      		cpi r24,lo8(2)
 275 00b8 01F4      		brne .L28
 276               	.L27:
 277               	.LSM32:
 278 00ba 0E94 0000 		call LoadStartEndAddresses
 279               	.LSM33:
 280 00be 89E0      		ldi r24,lo8(9)
 281               	.LVL15:
 282               	.L48:
 283 00c0 8093 0000 		sts DFU_State,r24
 284 00c4 00C0      		rjmp .L40
 285               	.LVL16:
 286               	.L28:
 287               	.LSM34:
 288 00c6 8130      		cpi r24,lo8(1)
 289 00c8 01F0      		breq .+2
 290 00ca 00C0      		rjmp .L40
 291 00cc 20E0      		ldi r18,lo8(0)
 292 00ce 30E0      		ldi r19,hi8(0)
 293 00d0 40E0      		ldi r20,hlo8(0)
 294 00d2 50E0      		ldi r21,hhi8(0)
 295               	.LVL17:
 296               	.L30:
 297               	.LBB139:
 298               	.LBB140:
 299               	.LSM35:
 300               	/* #APP */
 301               	 ;  647 "BootloaderDFU.c" 1
 302 00d4 4BBF      		out 59, r20
 303 00d6 F901      		movw r30, r18
 304 00d8 8791      		elpm r24, Z+
 305               		
 306               	 ;  0 "" 2
 307               	.LVL18:
 308               	/* #NOAPP */
 309               	.LBE140:
 310 00da 8F3F      		cpi r24,lo8(-1)
 311 00dc 01F0      		breq .L29
 312               	.LSM36:
 313 00de CA01      		movw r24,r20
 314 00e0 AA27      		clr r26
 315 00e2 BB27      		clr r27
 316               	.LVL19:
 317 00e4 8093 0000 		sts Flash64KBPage,r24
 318               	.LSM37:
 319 00e8 3093 0000 		sts (StartAddr)+1,r19
 320 00ec 2093 0000 		sts StartAddr,r18
 321               	.LSM38:
 322 00f0 8AE0      		ldi r24,lo8(10)
 323 00f2 8093 0000 		sts DFU_State,r24
 324               	.LSM39:
 325 00f6 85E0      		ldi r24,lo8(5)
 326 00f8 8093 0000 		sts DFU_Status,r24
 327 00fc 00C0      		rjmp .L40
 328               	.LVL20:
 329               	.L29:
 330               	.LSM40:
 331 00fe 2F5F      		subi r18,lo8(-(1))
 332 0100 3F4F      		sbci r19,hi8(-(1))
 333 0102 4F4F      		sbci r20,hlo8(-(1))
 334 0104 5F4F      		sbci r21,hhi8(-(1))
 335               	.LSM41:
 336 0106 2030      		cpi r18,lo8(126976)
 337 0108 80EF      		ldi r24,hi8(126976)
 338 010a 3807      		cpc r19,r24
 339 010c 81E0      		ldi r24,hlo8(126976)
 340 010e 4807      		cpc r20,r24
 341 0110 80E0      		ldi r24,hhi8(126976)
 342 0112 5807      		cpc r21,r24
 343               	.LVL21:
 344 0114 01F4      		brne .L30
 345 0116 00C0      		rjmp .L40
 346               	.LVL22:
 347               	.L21:
 348               	.LBE139:
 349               	.LBE138:
 350               	.LBE137:
 351               	.LBB141:
 352               	.LBB142:
 353               	.LSM42:
 354 0118 8091 0000 		lds r24,SentCommand+1
 355 011c 8330      		cpi r24,lo8(3)
 356 011e 01F4      		brne .L31
 357               	.LSM43:
 358 0120 81E0      		ldi r24,lo8(1)
 359 0122 8093 0000 		sts WaitForExit,r24
 360               	.LSM44:
 361 0126 8091 0000 		lds r24,SentCommand+6
 362 012a 9091 0000 		lds r25,(SentCommand+6)+1
 363 012e 892B      		or r24,r25
 364 0130 01F0      		breq .L32
 365               	.LSM45:
 366 0132 8091 0000 		lds r24,SentCommand+2
 367 0136 8130      		cpi r24,lo8(1)
 368 0138 01F0      		breq .+2
 369 013a 00C0      		rjmp .L40
 370               	.LBB144:
 371               	.LSM46:
 372 013c 8091 0000 		lds r24,SentCommand+5
 373               	.LVL23:
 374 0140 9091 0000 		lds r25,SentCommand+4
 375               	.LVL24:
 376               	.LSM47:
 377 0144 9093 0000 		sts (AppStartPtr)+1,r25
 378 0148 8093 0000 		sts AppStartPtr,r24
 379 014c 00C0      		rjmp .L40
 380               	.LVL25:
 381               	.L32:
 382               	.LBE144:
 383               	.LSM48:
 384 014e 8091 0000 		lds r24,SentCommand+2
 385 0152 8823      		tst r24
 386 0154 01F4      		brne .L33
 387               	.LSM49:
 388 0156 2CE0      		ldi r18,lo8(12)
 389 0158 88E1      		ldi r24,lo8(24)
 390 015a 90E0      		ldi r25,hi8(24)
 391               	/* #APP */
 392               	 ;  698 "BootloaderDFU.c" 1
 393 015c 0FB6      		in __tmp_reg__,__SREG__
 394 015e F894      		cli
 395 0160 A895      		wdr
 396 0162 8093 6000 		sts 96,r24
 397 0166 0FBE      		out __SREG__,__tmp_reg__
 398 0168 2093 6000 		sts 96,r18
 399               		
 400               	 ;  0 "" 2
 401               	/* #NOAPP */
 402 016c 00C0      		rjmp .L40
 403               	.L33:
 404               	.LSM50:
 405 016e 1092 0000 		sts RunBootloader,__zero_reg__
 406 0172 00C0      		rjmp .L40
 407               	.L31:
 408               	.LSM51:
 409 0174 8823      		tst r24
 410 0176 01F0      		breq .+2
 411 0178 00C0      		rjmp .L40
 412 017a 8091 0000 		lds r24,SentCommand+2
 413 017e 8F3F      		cpi r24,lo8(-1)
 414 0180 01F0      		breq .+2
 415 0182 00C0      		rjmp .L40
 416 0184 80E0      		ldi r24,lo8(0)
 417 0186 90E0      		ldi r25,hi8(0)
 418 0188 A0E0      		ldi r26,hlo8(0)
 419 018a B0E0      		ldi r27,hhi8(0)
 420               	.LVL26:
 421               	.LBB145:
 422               	.LSM52:
 423 018c 33E0      		ldi r19,lo8(3)
 424               	.LSM53:
 425 018e 25E0      		ldi r18,lo8(5)
 426               	.L36:
 427               	.LSM54:
 428               	/* #APP */
 429               	 ;  714 "BootloaderDFU.c" 1
 430 0190 FC01      		movw r30, r24
 431 0192 A093 5B00 		sts  91, r26
 432 0196 3093 5700 		sts 87, r19
 433 019a E895      		spm
 434               		
 435               	 ;  0 "" 2
 436               	/* #NOAPP */
 437               	.L34:
 438               	.LBE145:
 439               	.LBE142:
 440               	.LSM55:
 441 019c 07B6      		in __tmp_reg__,87-32
 442 019e 00FC      		sbrc __tmp_reg__,0
 443 01a0 00C0      		rjmp .L34
 444               	.LBB147:
 445               	.LBB143:
 446               	.LSM56:
 447               	/* #APP */
 448               	 ;  716 "BootloaderDFU.c" 1
 449 01a2 FC01      		movw r30, r24
 450 01a4 A093 5B00 		sts 91, r26
 451 01a8 2093 5700 		sts 87, r18
 452 01ac E895      		spm
 453               		
 454               	 ;  0 "" 2
 455               	/* #NOAPP */
 456               	.L35:
 457               	.LBE143:
 458               	.LBE147:
 459               	.LSM57:
 460 01ae 07B6      		in __tmp_reg__,87-32
 461 01b0 00FC      		sbrc __tmp_reg__,0
 462 01b2 00C0      		rjmp .L35
 463               	.LBB148:
 464               	.LBB146:
 465               	.LSM58:
 466 01b4 8050      		subi r24,lo8(-(256))
 467 01b6 9F4F      		sbci r25,hi8(-(256))
 468 01b8 AF4F      		sbci r26,hlo8(-(256))
 469 01ba BF4F      		sbci r27,hhi8(-(256))
 470               	.LSM59:
 471 01bc 8030      		cpi r24,lo8(126976)
 472 01be 40EF      		ldi r20,hi8(126976)
 473 01c0 9407      		cpc r25,r20
 474 01c2 41E0      		ldi r20,hlo8(126976)
 475 01c4 A407      		cpc r26,r20
 476 01c6 40E0      		ldi r20,hhi8(126976)
 477 01c8 B407      		cpc r27,r20
 478 01ca 01F4      		brne .L36
 479               	.LSM60:
 480 01cc 81E1      		ldi r24,lo8(17)
 481               	.LVL27:
 482               	/* #APP */
 483               	 ;  723 "BootloaderDFU.c" 1
 484 01ce 8093 5700 		sts 87, r24
 485 01d2 E895      		spm
 486               		
 487               	 ;  0 "" 2
 488               	.LSM61:
 489               	/* #NOAPP */
 490 01d4 1092 0000 		sts IsSecure,__zero_reg__
 491 01d8 00C0      		rjmp .L40
 492               	.L22:
 493               	.LBE146:
 494               	.LBE148:
 495               	.LBE141:
 496               	.LBB149:
 497               	.LBB150:
 498               	.LSM62:
 499 01da DE01      		movw r26,r28
 500 01dc 1196      		adiw r26,1
 501 01de E0E0      		ldi r30,lo8(C.30.4228)
 502 01e0 F0E0      		ldi r31,hi8(C.30.4228)
 503 01e2 83E0      		ldi r24,lo8(3)
 504               	.L37:
 505 01e4 0190      		ld r0,Z+
 506 01e6 0D92      		st X+,r0
 507 01e8 8150      		subi r24,lo8(-(-1))
 508 01ea 01F4      		brne .L37
 509               	.LSM63:
 510 01ec DE01      		movw r26,r28
 511 01ee 1496      		adiw r26,4
 512 01f0 E0E0      		ldi r30,lo8(C.31.4229)
 513 01f2 F0E0      		ldi r31,hi8(C.31.4229)
 514 01f4 83E0      		ldi r24,lo8(3)
 515               	.L38:
 516 01f6 0190      		ld r0,Z+
 517 01f8 0D92      		st X+,r0
 518 01fa 8150      		subi r24,lo8(-(-1))
 519 01fc 01F4      		brne .L38
 520               	.LSM64:
 521 01fe 9091 0000 		lds r25,SentCommand+2
 522               	.LVL28:
 523               	.LSM65:
 524 0202 8091 0000 		lds r24,SentCommand+1
 525 0206 8823      		tst r24
 526 0208 01F4      		brne .L39
 527               	.LSM66:
 528 020a FE01      		movw r30,r28
 529 020c E90F      		add r30,r25
 530 020e F11D      		adc r31,__zero_reg__
 531 0210 8181      		ldd r24,Z+1
 532 0212 00C0      		rjmp .L49
 533               	.L39:
 534               	.LSM67:
 535 0214 8130      		cpi r24,lo8(1)
 536 0216 01F4      		brne .L40
 537               	.LSM68:
 538 0218 FE01      		movw r30,r28
 539 021a BC97      		sbiw r30,44
 540 021c E90F      		add r30,r25
 541 021e F11D      		adc r31,__zero_reg__
 542 0220 8081      		ld r24,Z
 543               	.L49:
 544 0222 8093 0000 		sts ResponseByte,r24
 545 0226 00C0      		rjmp .L40
 546               	.LVL29:
 547               	.L51:
 548               	.LBE150:
 549               	.LBE149:
 550               	.LSM69:
 551 0228 8091 0000 		lds r24,SentCommand+1
 552 022c 8330      		cpi r24,lo8(3)
 553 022e 01F4      		brne .L40
 554 0230 8091 0000 		lds r24,SentCommand+2
 555 0234 8823      		tst r24
 556 0236 01F4      		brne .L40
 557               	.LSM70:
 558 0238 8091 0000 		lds r24,SentCommand+3
 559 023c 8093 0000 		sts Flash64KBPage,r24
 560               	.LVL30:
 561               	.L40:
 562               	/* epilogue start */
 563               	.LSM71:
 564 0240 2696      		adiw r28,6
 565 0242 0FB6      		in __tmp_reg__,__SREG__
 566 0244 F894      		cli
 567 0246 DEBF      		out __SP_H__,r29
 568 0248 0FBE      		out __SREG__,__tmp_reg__
 569 024a CDBF      		out __SP_L__,r28
 570 024c CF91      		pop r28
 571 024e DF91      		pop r29
 572 0250 1F91      		pop r17
 573 0252 0895      		ret
 574               	.LFE107:
 576               		.section	.text.EVENT_USB_Device_ControlRequest,"ax",@progbits
 577               	.global	EVENT_USB_Device_ControlRequest
 579               	EVENT_USB_Device_ControlRequest:
 580               	.LFB105:
 581               	.LSM72:
 582 0000 8F92      		push r8
 583 0002 9F92      		push r9
 584 0004 AF92      		push r10
 585 0006 BF92      		push r11
 586 0008 CF92      		push r12
 587 000a DF92      		push r13
 588 000c EF92      		push r14
 589 000e FF92      		push r15
 590 0010 0F93      		push r16
 591 0012 1F93      		push r17
 592 0014 CF93      		push r28
 593 0016 DF93      		push r29
 594               	/* prologue: function */
 595               	/* frame size = 0 */
 596               	.LSM73:
 597 0018 8091 0000 		lds r24,USB_ControlRequest
 598 001c 8F77      		andi r24,lo8(127)
 599 001e 8132      		cpi r24,lo8(33)
 600 0020 01F0      		breq .+2
 601 0022 00C0      		rjmp .L101
 602               	.LBB151:
 603               	.LBB152:
 604               	.LSM74:
 605 0024 8BB1      		in r24,43-32
 606 0026 90E3      		ldi r25,lo8(48)
 607 0028 8927      		eor r24,r25
 608 002a 8BB9      		out 43-32,r24
 609               	.LBE152:
 610               	.LBE151:
 611               	.LSM75:
 612 002c C091 0000 		lds r28,USB_ControlRequest+6
 613 0030 D091 0000 		lds r29,(USB_ControlRequest+6)+1
 614 0034 D093 0000 		sts (SentCommand+6)+1,r29
 615 0038 C093 0000 		sts SentCommand+6,r28
 616               	.LSM76:
 617 003c 8091 0000 		lds r24,USB_ControlRequest+1
 618 0040 8330      		cpi r24,lo8(3)
 619 0042 01F4      		brne .+2
 620 0044 00C0      		rjmp .L56
 621 0046 8430      		cpi r24,lo8(4)
 622 0048 00F4      		brsh .L60
 623 004a 8130      		cpi r24,lo8(1)
 624 004c 01F0      		breq .L54
 625 004e 8230      		cpi r24,lo8(2)
 626 0050 01F0      		breq .+2
 627 0052 00C0      		rjmp .L101
 628 0054 00C0      		rjmp .L115
 629               	.L60:
 630 0056 8530      		cpi r24,lo8(5)
 631 0058 01F4      		brne .+2
 632 005a 00C0      		rjmp .L58
 633 005c 8530      		cpi r24,lo8(5)
 634 005e 00F4      		brsh .+2
 635 0060 00C0      		rjmp .L57
 636 0062 8630      		cpi r24,lo8(6)
 637 0064 01F0      		breq .+2
 638 0066 00C0      		rjmp .L101
 639 0068 00C0      		rjmp .L116
 640               	.L54:
 641               	.LBB153:
 642               	.LBB154:
 643               	.LSM77:
 644 006a 8091 E800 		lds r24,232
 645 006e 877F      		andi r24,lo8(-9)
 646 0070 8093 E800 		sts 232,r24
 647               	.LBE154:
 648               	.LBE153:
 649               	.LSM78:
 650 0074 8091 0000 		lds r24,WaitForExit
 651 0078 8823      		tst r24
 652 007a 01F0      		breq .L61
 653               	.LSM79:
 654 007c 0E94 0000 		call ProcessBootloaderCommand
 655               	.LSM80:
 656 0080 1092 0000 		sts WaitForExit,__zero_reg__
 657               	.L61:
 658               	.LSM81:
 659 0084 2097      		sbiw r28,0
 660 0086 01F4      		brne .L106
 661 0088 00C0      		rjmp .L63
 662               	.L64:
 663               	.LSM82:
 664 008a 8EB3      		in r24,62-32
 665 008c 8823      		tst r24
 666 008e 01F4      		brne .+2
 667 0090 00C0      		rjmp .L101
 668               	.L106:
 669               	.LBB155:
 670               	.LBB156:
 671               	.LSM83:
 672 0092 8091 E800 		lds r24,232
 673               	.LBE156:
 674               	.LBE155:
 675               	.LSM84:
 676 0096 82FF      		sbrs r24,2
 677 0098 00C0      		rjmp .L64
 678               	.LBB157:
 679               	.LBB158:
 680               	.LSM85:
 681 009a 8091 F100 		lds r24,241
 682               	.LBE158:
 683               	.LBE157:
 684               	.LSM86:
 685 009e 8093 0000 		sts SentCommand,r24
 686               	.LSM87:
 687 00a2 9E01      		movw r18,r28
 688 00a4 2150      		subi r18,lo8(-(-1))
 689 00a6 3040      		sbci r19,hi8(-(-1))
 690 00a8 3093 0000 		sts (SentCommand+6)+1,r19
 691 00ac 2093 0000 		sts SentCommand+6,r18
 692 00b0 E0E0      		ldi r30,lo8(SentCommand+1)
 693 00b2 F0E0      		ldi r31,hi8(SentCommand+1)
 694 00b4 00C0      		rjmp .L65
 695               	.L67:
 696               	.LBB159:
 697               	.LBB160:
 698               	.LBB161:
 699               	.LSM88:
 700 00b6 8091 F100 		lds r24,241
 701               	.LBE161:
 702               	.LBE160:
 703               	.LSM89:
 704 00ba 8193      		st Z+,r24
 705 00bc 2150      		subi r18,lo8(-(-1))
 706 00be 3040      		sbci r19,hi8(-(-1))
 707               	.LSM90:
 708 00c0 80E0      		ldi r24,hi8(SentCommand+6)
 709 00c2 E030      		cpi r30,lo8(SentCommand+6)
 710 00c4 F807      		cpc r31,r24
 711 00c6 01F4      		brne .L65
 712 00c8 3183      		std Z+1,r19
 713 00ca 2083      		st Z,r18
 714 00cc 00C0      		rjmp .L66
 715               	.L65:
 716               	.LBB162:
 717               	.LBB163:
 718               	.LSM91:
 719 00ce 8091 F200 		lds r24,242
 720 00d2 9091 F300 		lds r25,(242)+1
 721               	.LBE163:
 722               	.LBE162:
 723               	.LSM92:
 724 00d6 892B      		or r24,r25
 725 00d8 01F4      		brne .L67
 726 00da 3093 0000 		sts (SentCommand+6)+1,r19
 727 00de 2093 0000 		sts SentCommand+6,r18
 728               	.L66:
 729               	.LBE159:
 730               	.LSM93:
 731 00e2 0E94 0000 		call ProcessBootloaderCommand
 732               	.L63:
 733               	.LSM94:
 734 00e6 8091 0000 		lds r24,DFU_State
 735 00ea 8530      		cpi r24,lo8(5)
 736 00ec 01F0      		breq .+2
 737 00ee 00C0      		rjmp .L68
 738               	.LSM95:
 739 00f0 8091 0000 		lds r24,SentCommand+6
 740 00f4 9091 0000 		lds r25,(SentCommand+6)+1
 741 00f8 892B      		or r24,r25
 742 00fa 01F4      		brne .L69
 743               	.LSM96:
 744 00fc 82E0      		ldi r24,lo8(2)
 745 00fe 8093 0000 		sts DFU_State,r24
 746 0102 00C0      		rjmp .L68
 747               	.L69:
 748               	.LBB164:
 749               	.LSM97:
 750 0104 8AE1      		ldi r24,lo8(26)
 751 0106 0E94 0000 		call DiscardFillerBytes
 752               	.LSM98:
 753 010a C091 0000 		lds r28,StartAddr
 754 010e D091 0000 		lds r29,(StartAddr)+1
 755 0112 9E01      		movw r18,r28
 756 0114 2F71      		andi r18,lo8(31)
 757 0116 822F      		mov r24,r18
 758 0118 0E94 0000 		call DiscardFillerBytes
 759               	.LSM99:
 760 011c A090 0000 		lds r10,EndAddr
 761 0120 B090 0000 		lds r11,(EndAddr)+1
 762 0124 0894      		sec
 763 0126 A11C      		adc r10,__zero_reg__
 764 0128 B11C      		adc r11,__zero_reg__
 765 012a 8501      		movw r16,r10
 766               	.LVL31:
 767 012c 0C1B      		sub r16,r28
 768 012e 1D0B      		sbc r17,r29
 769 0130 0894      		sec
 770 0132 A108      		sbc r10,__zero_reg__
 771 0134 B108      		sbc r11,__zero_reg__
 772               	.LSM100:
 773 0136 8091 0000 		lds r24,SentCommand+1
 774 013a 8823      		tst r24
 775 013c 01F0      		breq .+2
 776 013e 00C0      		rjmp .L107
 777               	.LBB165:
 778               	.LSM101:
 779 0140 6801      		movw r12,r16
 780               	.LVL32:
 781 0142 D694      		lsr r13
 782 0144 C794      		ror r12
 783               	.LSM102:
 784 0146 CE01      		movw r24,r28
 785               	.LVL33:
 786 0148 A091 0000 		lds r26,Flash64KBPage
 787               	.LVL34:
 788 014c B0E0      		ldi r27,lo8(0)
 789               	.LVL35:
 790               	.LSM103:
 791 014e 7C01      		movw r14,r24
 792 0150 8D01      		movw r16,r26
 793               	.LVL36:
 794 0152 A801      		movw r20,r16
 795 0154 9701      		movw r18,r14
 796 0156 A0E0      		ldi r26,lo8(0)
 797               	.LVL37:
 798               	.LSM104:
 799 0158 8824      		clr r8
 800 015a 8394      		inc r8
 801               	.LSM105:
 802 015c 65E0      		ldi r22,lo8(5)
 803 015e 962E      		mov r9,r22
 804               	.LSM106:
 805 0160 B3E0      		ldi r27,lo8(3)
 806               	.LVL38:
 807 0162 00C0      		rjmp .L110
 808               	.LVL39:
 809               	.L78:
 810               	.LBB166:
 811               	.LBB167:
 812               	.LSM107:
 813 0164 8091 F200 		lds r24,242
 814 0168 9091 F300 		lds r25,(242)+1
 815               	.LVL40:
 816               	.LBE167:
 817               	.LBE166:
 818               	.LSM108:
 819 016c 892B      		or r24,r25
 820 016e 01F4      		brne .L72
 821               	.LBB168:
 822               	.LBB169:
 823               	.LSM109:
 824 0170 8091 E800 		lds r24,232
 825 0174 8B7F      		andi r24,lo8(-5)
 826 0176 8093 E800 		sts 232,r24
 827 017a 00C0      		rjmp .L73
 828               	.L74:
 829               	.LBE169:
 830               	.LBE168:
 831               	.LSM110:
 832 017c 8EB3      		in r24,62-32
 833 017e 8823      		tst r24
 834 0180 01F4      		brne .+2
 835 0182 00C0      		rjmp .L101
 836               	.L73:
 837               	.LBB170:
 838               	.LBB171:
 839               	.LSM111:
 840 0184 8091 E800 		lds r24,232
 841               	.LBE171:
 842               	.LBE170:
 843               	.LSM112:
 844 0188 82FF      		sbrs r24,2
 845 018a 00C0      		rjmp .L74
 846               	.L72:
 847               	.LSM113:
 848 018c 0894      		sec
 849 018e C108      		sbc r12,__zero_reg__
 850 0190 D108      		sbc r13,__zero_reg__
 851               	.LBB172:
 852               	.LBB173:
 853               	.LSM114:
 854 0192 8091 F100 		lds r24,241
 855 0196 682F      		mov r22,r24
 856               	.LSM115:
 857 0198 8091 F100 		lds r24,241
 858 019c 782F      		mov r23,r24
 859               	.LBE173:
 860               	.LBE172:
 861               	.LSM116:
 862               	/* #APP */
 863               	 ;  287 "BootloaderDFU.c" 1
 864 019e 0B01      		movw  r0, r22
 865 01a0 F901      		movw r30, r18
 866 01a2 4093 5B00 		sts 91, r20
 867 01a6 8092 5700 		sts 87, r8
 868 01aa E895      		spm
 869 01ac 1124      		clr  r1
 870               		
 871               	 ;  0 "" 2
 872               	.LSM117:
 873               	/* #NOAPP */
 874 01ae AF5F      		subi r26,lo8(-(1))
 875 01b0 2E5F      		subi r18,lo8(-(2))
 876 01b2 3F4F      		sbci r19,hi8(-(2))
 877 01b4 4F4F      		sbci r20,hlo8(-(2))
 878 01b6 5F4F      		sbci r21,hhi8(-(2))
 879               	.LSM118:
 880 01b8 A038      		cpi r26,lo8(-128)
 881 01ba 01F0      		breq .L75
 882 01bc C114      		cp r12,__zero_reg__
 883 01be D104      		cpc r13,__zero_reg__
 884 01c0 01F4      		brne .L110
 885               	.L75:
 886               	.LSM119:
 887               	/* #APP */
 888               	 ;  297 "BootloaderDFU.c" 1
 889 01c2 F701      		movw r30, r14
 890 01c4 0093 5B00 		sts 91, r16
 891 01c8 9092 5700 		sts 87, r9
 892 01cc E895      		spm
 893               		
 894               	 ;  0 "" 2
 895               	.LVL41:
 896               	/* #NOAPP */
 897               	.L76:
 898               	.LSM120:
 899 01ce 07B6      		in __tmp_reg__,87-32
 900 01d0 00FC      		sbrc __tmp_reg__,0
 901 01d2 00C0      		rjmp .L76
 902               	.LSM121:
 903 01d4 C114      		cp r12,__zero_reg__
 904 01d6 D104      		cpc r13,__zero_reg__
 905 01d8 01F0      		breq .L110
 906               	.LSM122:
 907               	/* #APP */
 908               	 ;  307 "BootloaderDFU.c" 1
 909 01da F901      		movw r30, r18
 910 01dc 4093 5B00 		sts  91, r20
 911 01e0 B093 5700 		sts 87, r27
 912 01e4 E895      		spm
 913               		
 914               	 ;  0 "" 2
 915               	.LVL42:
 916               	/* #NOAPP */
 917               	.L77:
 918               	.LSM123:
 919 01e6 07B6      		in __tmp_reg__,87-32
 920 01e8 00FC      		sbrc __tmp_reg__,0
 921 01ea 00C0      		rjmp .L77
 922 01ec 7901      		movw r14,r18
 923 01ee 8A01      		movw r16,r20
 924 01f0 A0E0      		ldi r26,lo8(0)
 925               	.LVL43:
 926               	.L110:
 927               	.LSM124:
 928 01f2 C114      		cp r12,__zero_reg__
 929 01f4 D104      		cpc r13,__zero_reg__
 930 01f6 01F0      		breq .+2
 931 01f8 00C0      		rjmp .L78
 932               	.LSM125:
 933 01fa B092 0000 		sts (StartAddr)+1,r11
 934 01fe A092 0000 		sts StartAddr,r10
 935               	.LSM126:
 936 0202 81E1      		ldi r24,lo8(17)
 937               	.LVL44:
 938               	/* #APP */
 939               	 ;  317 "BootloaderDFU.c" 1
 940 0204 8093 5700 		sts 87, r24
 941 0208 E895      		spm
 942               		
 943               	 ;  0 "" 2
 944               	/* #NOAPP */
 945 020a 00C0      		rjmp .L79
 946               	.LVL45:
 947               	.L83:
 948               	.LBE165:
 949               	.LBB174:
 950               	.LBB175:
 951               	.LSM127:
 952 020c 8091 F200 		lds r24,242
 953 0210 9091 F300 		lds r25,(242)+1
 954               	.LBE175:
 955               	.LBE174:
 956               	.LSM128:
 957 0214 892B      		or r24,r25
 958 0216 01F4      		brne .L80
 959               	.LBB176:
 960               	.LBB177:
 961               	.LSM129:
 962 0218 8091 E800 		lds r24,232
 963 021c 8B7F      		andi r24,lo8(-5)
 964 021e 8093 E800 		sts 232,r24
 965 0222 00C0      		rjmp .L81
 966               	.L82:
 967               	.LBE177:
 968               	.LBE176:
 969               	.LSM130:
 970 0224 8EB3      		in r24,62-32
 971 0226 8823      		tst r24
 972 0228 01F4      		brne .+2
 973 022a 00C0      		rjmp .L101
 974               	.L81:
 975               	.LBB178:
 976               	.LBB179:
 977               	.LSM131:
 978 022c 8091 E800 		lds r24,232
 979               	.LBE179:
 980               	.LBE178:
 981               	.LSM132:
 982 0230 82FF      		sbrs r24,2
 983 0232 00C0      		rjmp .L82
 984               	.L80:
 985               	.LBB180:
 986               	.LBB181:
 987               	.LSM133:
 988 0234 6091 F100 		lds r22,241
 989               	.LBE181:
 990               	.LBE180:
 991               	.LSM134:
 992 0238 8091 0000 		lds r24,StartAddr
 993 023c 9091 0000 		lds r25,(StartAddr)+1
 994 0240 0E94 0000 		call __eewr_byte_usb1287
 995               	.LSM135:
 996 0244 8091 0000 		lds r24,StartAddr
 997 0248 9091 0000 		lds r25,(StartAddr)+1
 998 024c 0196      		adiw r24,1
 999 024e 9093 0000 		sts (StartAddr)+1,r25
 1000 0252 8093 0000 		sts StartAddr,r24
 1001 0256 0150      		subi r16,lo8(-(-1))
 1002 0258 1040      		sbci r17,hi8(-(-1))
 1003               	.L107:
 1004               	.LSM136:
 1005 025a 0115      		cp r16,__zero_reg__
 1006 025c 1105      		cpc r17,__zero_reg__
 1007 025e 01F4      		brne .L83
 1008               	.LVL46:
 1009               	.L79:
 1010               	.LSM137:
 1011 0260 80E1      		ldi r24,lo8(16)
 1012 0262 0E94 0000 		call DiscardFillerBytes
 1013               	.LVL47:
 1014               	.L68:
 1015               	.LBE164:
 1016               	.LBB182:
 1017               	.LBB183:
 1018               	.LSM138:
 1019 0266 8091 E800 		lds r24,232
 1020 026a 8B7F      		andi r24,lo8(-5)
 1021 026c 00C0      		rjmp .L113
 1022               	.LVL48:
 1023               	.L115:
 1024               	.LBE183:
 1025               	.LBE182:
 1026               	.LBB184:
 1027               	.LBB185:
 1028               	.LSM139:
 1029 026e 8091 E800 		lds r24,232
 1030 0272 877F      		andi r24,lo8(-9)
 1031 0274 8093 E800 		sts 232,r24
 1032 0278 00C0      		rjmp .L84
 1033               	.L85:
 1034               	.LBE185:
 1035               	.LBE184:
 1036               	.LSM140:
 1037 027a 8EB3      		in r24,62-32
 1038 027c 8823      		tst r24
 1039 027e 01F4      		brne .+2
 1040 0280 00C0      		rjmp .L101
 1041               	.L84:
 1042               	.LBB186:
 1043               	.LBB187:
 1044               	.LSM141:
 1045 0282 8091 E800 		lds r24,232
 1046               	.LBE187:
 1047               	.LBE186:
 1048               	.LSM142:
 1049 0286 80FF      		sbrs r24,0
 1050 0288 00C0      		rjmp .L85
 1051               	.LSM143:
 1052 028a 8091 0000 		lds r24,DFU_State
 1053 028e 8930      		cpi r24,lo8(9)
 1054 0290 01F0      		breq .L86
 1055               	.LSM144:
 1056 0292 8A30      		cpi r24,lo8(10)
 1057 0294 01F4      		brne .L87
 1058 0296 8091 0000 		lds r24,SentCommand+1
 1059 029a 8130      		cpi r24,lo8(1)
 1060 029c 01F4      		brne .L87
 1061               	.LSM145:
 1062 029e 8091 0000 		lds r24,StartAddr
 1063 02a2 9091 0000 		lds r25,StartAddr+1
 1064               	.LBB188:
 1065               	.LBB189:
 1066               	.LSM146:
 1067 02a6 8093 F100 		sts 241,r24
 1068               	.LSM147:
 1069 02aa 9093 F100 		sts 241,r25
 1070 02ae 00C0      		rjmp .L112
 1071               	.L87:
 1072               	.LBE189:
 1073               	.LBE188:
 1074               	.LSM148:
 1075 02b0 8091 0000 		lds r24,ResponseByte
 1076 02b4 00C0      		rjmp .L114
 1077               	.L86:
 1078               	.LBB190:
 1079               	.LSM149:
 1080 02b6 6091 0000 		lds r22,EndAddr
 1081 02ba 7091 0000 		lds r23,(EndAddr)+1
 1082 02be 2091 0000 		lds r18,StartAddr
 1083 02c2 3091 0000 		lds r19,(StartAddr)+1
 1084 02c6 6F5F      		subi r22,lo8(-(1))
 1085 02c8 7F4F      		sbci r23,hi8(-(1))
 1086 02ca EB01      		movw r28,r22
 1087               	.LVL49:
 1088 02cc C21B      		sub r28,r18
 1089 02ce D30B      		sbc r29,r19
 1090 02d0 6150      		subi r22,lo8(-(-1))
 1091 02d2 7040      		sbci r23,hi8(-(-1))
 1092               	.LSM150:
 1093 02d4 8091 0000 		lds r24,SentCommand+1
 1094 02d8 8823      		tst r24
 1095 02da 01F4      		brne .L89
 1096               	.LBB191:
 1097               	.LSM151:
 1098 02dc D695      		lsr r29
 1099 02de C795      		ror r28
 1100               	.LVL50:
 1101               	.LSM152:
 1102 02e0 C901      		movw r24,r18
 1103               	.LVL51:
 1104 02e2 A091 0000 		lds r26,Flash64KBPage
 1105               	.LVL52:
 1106 02e6 B0E0      		ldi r27,lo8(0)
 1107               	.LVL53:
 1108 02e8 9C01      		movw r18,r24
 1109 02ea AD01      		movw r20,r26
 1110 02ec 00C0      		rjmp .L90
 1111               	.LVL54:
 1112               	.L94:
 1113               	.LBB192:
 1114               	.LBB193:
 1115               	.LSM153:
 1116 02ee 8091 F200 		lds r24,242
 1117 02f2 9091 F300 		lds r25,(242)+1
 1118               	.LVL55:
 1119               	.LBE193:
 1120               	.LBE192:
 1121               	.LSM154:
 1122 02f6 8097      		sbiw r24,32
 1123 02f8 01F4      		brne .L91
 1124               	.LBB194:
 1125               	.LBB195:
 1126               	.LSM155:
 1127 02fa 8091 E800 		lds r24,232
 1128 02fe 8E7F      		andi r24,lo8(-2)
 1129 0300 8093 E800 		sts 232,r24
 1130 0304 00C0      		rjmp .L92
 1131               	.L93:
 1132               	.LBE195:
 1133               	.LBE194:
 1134               	.LSM156:
 1135 0306 8EB3      		in r24,62-32
 1136 0308 8823      		tst r24
 1137 030a 01F4      		brne .+2
 1138 030c 00C0      		rjmp .L101
 1139               	.L92:
 1140               	.LBB196:
 1141               	.LBB197:
 1142               	.LSM157:
 1143 030e 8091 E800 		lds r24,232
 1144               	.LBE197:
 1145               	.LBE196:
 1146               	.LSM158:
 1147 0312 80FF      		sbrs r24,0
 1148 0314 00C0      		rjmp .L93
 1149               	.L91:
 1150               	.LBB198:
 1151               	.LSM159:
 1152               	/* #APP */
 1153               	 ;  408 "BootloaderDFU.c" 1
 1154 0316 4BBF      		out 59, r20
 1155 0318 F901      		movw r30, r18
 1156 031a 8791      		elpm r24, Z+
 1157 031c 9691      		elpm r25, Z
 1158               		
 1159               	 ;  0 "" 2
 1160               	.LVL56:
 1161               	/* #NOAPP */
 1162               	.LBE198:
 1163               	.LBB199:
 1164               	.LBB200:
 1165               	.LSM160:
 1166 031e 8093 F100 		sts 241,r24
 1167               	.LSM161:
 1168 0322 9093 F100 		sts 241,r25
 1169 0326 2197      		sbiw r28,1
 1170 0328 2E5F      		subi r18,lo8(-(2))
 1171 032a 3F4F      		sbci r19,hi8(-(2))
 1172 032c 4F4F      		sbci r20,hlo8(-(2))
 1173 032e 5F4F      		sbci r21,hhi8(-(2))
 1174               	.LVL57:
 1175               	.L90:
 1176               	.LBE200:
 1177               	.LBE199:
 1178               	.LSM162:
 1179 0330 2097      		sbiw r28,0
 1180 0332 01F4      		brne .L94
 1181               	.LSM163:
 1182 0334 7093 0000 		sts (StartAddr)+1,r23
 1183 0338 6093 0000 		sts StartAddr,r22
 1184 033c 00C0      		rjmp .L95
 1185               	.LVL58:
 1186               	.L89:
 1187               	.LBE191:
 1188               	.LSM164:
 1189 033e 8230      		cpi r24,lo8(2)
 1190 0340 01F4      		brne .L95
 1191 0342 00C0      		rjmp .L109
 1192               	.L100:
 1193               	.LBB201:
 1194               	.LBB202:
 1195               	.LSM165:
 1196 0344 8091 F200 		lds r24,242
 1197 0348 9091 F300 		lds r25,(242)+1
 1198               	.LBE202:
 1199               	.LBE201:
 1200               	.LSM166:
 1201 034c 8097      		sbiw r24,32
 1202 034e 01F4      		brne .L97
 1203               	.LBB203:
 1204               	.LBB204:
 1205               	.LSM167:
 1206 0350 8091 E800 		lds r24,232
 1207 0354 8E7F      		andi r24,lo8(-2)
 1208 0356 8093 E800 		sts 232,r24
 1209 035a 00C0      		rjmp .L98
 1210               	.L99:
 1211               	.LBE204:
 1212               	.LBE203:
 1213               	.LSM168:
 1214 035c 8EB3      		in r24,62-32
 1215 035e 8823      		tst r24
 1216 0360 01F4      		brne .+2
 1217 0362 00C0      		rjmp .L101
 1218               	.L98:
 1219               	.LBB205:
 1220               	.LBB206:
 1221               	.LSM169:
 1222 0364 8091 E800 		lds r24,232
 1223               	.LBE206:
 1224               	.LBE205:
 1225               	.LSM170:
 1226 0368 80FF      		sbrs r24,0
 1227 036a 00C0      		rjmp .L99
 1228               	.L97:
 1229               	.LSM171:
 1230 036c 0091 0000 		lds r16,StartAddr
 1231 0370 1091 0000 		lds r17,(StartAddr)+1
 1232 0374 C801      		movw r24,r16
 1233 0376 0E94 0000 		call __eerd_byte_usb1287
 1234               	.LBB207:
 1235               	.LBB208:
 1236               	.LSM172:
 1237 037a 8093 F100 		sts 241,r24
 1238               	.LBE208:
 1239               	.LBE207:
 1240               	.LSM173:
 1241 037e 0F5F      		subi r16,lo8(-(1))
 1242 0380 1F4F      		sbci r17,hi8(-(1))
 1243 0382 1093 0000 		sts (StartAddr)+1,r17
 1244 0386 0093 0000 		sts StartAddr,r16
 1245 038a 2197      		sbiw r28,1
 1246               	.L109:
 1247               	.LSM174:
 1248 038c 2097      		sbiw r28,0
 1249 038e 01F4      		brne .L100
 1250               	.LVL59:
 1251               	.L95:
 1252               	.LSM175:
 1253 0390 82E0      		ldi r24,lo8(2)
 1254               	.LVL60:
 1255 0392 8093 0000 		sts DFU_State,r24
 1256 0396 00C0      		rjmp .L112
 1257               	.LVL61:
 1258               	.L56:
 1259               	.LBE190:
 1260               	.LBB209:
 1261               	.LBB210:
 1262               	.LSM176:
 1263 0398 8091 E800 		lds r24,232
 1264 039c 877F      		andi r24,lo8(-9)
 1265 039e 8093 E800 		sts 232,r24
 1266               	.LBE210:
 1267               	.LBE209:
 1268               	.LSM177:
 1269 03a2 8091 0000 		lds r24,DFU_Status
 1270               	.LBB211:
 1271               	.LBB212:
 1272               	.LSM178:
 1273 03a6 8093 F100 		sts 241,r24
 1274               	.LBE212:
 1275               	.LBE211:
 1276               	.LBB213:
 1277               	.LBB214:
 1278 03aa 1092 F100 		sts 241,__zero_reg__
 1279               	.LBE214:
 1280               	.LBE213:
 1281               	.LBB215:
 1282               	.LBB216:
 1283               	.LSM179:
 1284 03ae 1092 F100 		sts 241,__zero_reg__
 1285               	.LSM180:
 1286 03b2 1092 F100 		sts 241,__zero_reg__
 1287               	.LBE216:
 1288               	.LBE215:
 1289               	.LSM181:
 1290 03b6 8091 0000 		lds r24,DFU_State
 1291               	.LBB217:
 1292               	.LBB218:
 1293               	.LSM182:
 1294 03ba 8093 F100 		sts 241,r24
 1295               	.LBE218:
 1296               	.LBE217:
 1297               	.LBB219:
 1298               	.LBB220:
 1299 03be 1092 F100 		sts 241,__zero_reg__
 1300 03c2 00C0      		rjmp .L112
 1301               	.L57:
 1302               	.LBE220:
 1303               	.LBE219:
 1304               	.LBB221:
 1305               	.LBB222:
 1306               	.LSM183:
 1307 03c4 8091 E800 		lds r24,232
 1308 03c8 877F      		andi r24,lo8(-9)
 1309 03ca 8093 E800 		sts 232,r24
 1310               	.LBE222:
 1311               	.LBE221:
 1312               	.LSM184:
 1313 03ce 1092 0000 		sts DFU_Status,__zero_reg__
 1314 03d2 00C0      		rjmp .L111
 1315               	.L58:
 1316               	.LBB223:
 1317               	.LBB224:
 1318               	.LSM185:
 1319 03d4 8091 E800 		lds r24,232
 1320 03d8 877F      		andi r24,lo8(-9)
 1321 03da 8093 E800 		sts 232,r24
 1322               	.LBE224:
 1323               	.LBE223:
 1324               	.LSM186:
 1325 03de 8091 0000 		lds r24,DFU_State
 1326               	.L114:
 1327               	.LBB225:
 1328               	.LBB226:
 1329               	.LSM187:
 1330 03e2 8093 F100 		sts 241,r24
 1331               	.LVL62:
 1332               	.L112:
 1333               	.LBE226:
 1334               	.LBE225:
 1335               	.LBB227:
 1336               	.LBB228:
 1337               	.LSM188:
 1338 03e6 8091 E800 		lds r24,232
 1339 03ea 8E7F      		andi r24,lo8(-2)
 1340               	.LVL63:
 1341               	.L113:
 1342 03ec 8093 E800 		sts 232,r24
 1343 03f0 00C0      		rjmp .L111
 1344               	.LVL64:
 1345               	.L116:
 1346               	.LBE228:
 1347               	.LBE227:
 1348               	.LBB229:
 1349               	.LBB230:
 1350               	.LSM189:
 1351 03f2 8091 E800 		lds r24,232
 1352 03f6 877F      		andi r24,lo8(-9)
 1353 03f8 8093 E800 		sts 232,r24
 1354               	.LBE230:
 1355               	.LBE229:
 1356               	.LSM190:
 1357 03fc 82E0      		ldi r24,lo8(2)
 1358 03fe 8093 0000 		sts DFU_State,r24
 1359               	.LVL65:
 1360               	.L111:
 1361               	.LSM191:
 1362 0402 0E94 0000 		call Endpoint_ClearStatusStage
 1363               	.LVL66:
 1364               	.L101:
 1365               	/* epilogue start */
 1366               	.LSM192:
 1367 0406 DF91      		pop r29
 1368 0408 CF91      		pop r28
 1369               	.LVL67:
 1370 040a 1F91      		pop r17
 1371 040c 0F91      		pop r16
 1372               	.LVL68:
 1373 040e FF90      		pop r15
 1374 0410 EF90      		pop r14
 1375               	.LVL69:
 1376 0412 DF90      		pop r13
 1377 0414 CF90      		pop r12
 1378               	.LVL70:
 1379 0416 BF90      		pop r11
 1380 0418 AF90      		pop r10
 1381 041a 9F90      		pop r9
 1382 041c 8F90      		pop r8
 1383 041e 0895      		ret
 1384               	.LFE105:
 1386               		.section	.text.ResetHardware,"ax",@progbits
 1387               	.global	ResetHardware
 1389               	ResetHardware:
 1390               	.LFB103:
 1391               	.LSM193:
 1392               	/* prologue: function */
 1393               	/* frame size = 0 */
 1394               	.LSM194:
 1395 0000 0E94 0000 		call USB_Disable
 1396               	.LSM195:
 1397 0004 81E0      		ldi r24,lo8(1)
 1398 0006 85BF      		out 85-32,r24
 1399               	.LSM196:
 1400 0008 15BE      		out 85-32,__zero_reg__
 1401               	/* epilogue start */
 1402               	.LSM197:
 1403 000a 0895      		ret
 1404               	.LFE103:
 1406               		.section	.text.SetupHardware,"ax",@progbits
 1407               	.global	SetupHardware
 1409               	SetupHardware:
 1410               	.LFB102:
 1411               	.LSM198:
 1412 0000 1F93      		push r17
 1413               	/* prologue: function */
 1414               	/* frame size = 0 */
 1415               	.LSM199:
 1416 0002 84B7      		in r24,84-32
 1417 0004 877F      		andi r24,lo8(-9)
 1418 0006 84BF      		out 84-32,r24
 1419               	.LSM200:
 1420 0008 88E1      		ldi r24,lo8(24)
 1421               	/* #APP */
 1422               	 ;  144 "BootloaderDFU.c" 1
 1423 000a 0FB6      		in __tmp_reg__, __SREG__
 1424 000c F894      		cli
 1425 000e 8093 6000 		sts 96, r24
 1426 0012 1092 6000 		sts 96, __zero_reg__
 1427 0016 0FBE      		out __SREG__,__tmp_reg__
 1428               		
 1429               	 ;  0 "" 2
 1430               	/* #NOAPP */
 1431               	.LBB231:
 1432               	.LBB232:
 1433               	.LSM201:
 1434 0018 90E0      		ldi r25,lo8(0)
 1435 001a 80E8      		ldi r24,lo8(-128)
 1436               	/* #APP */
 1437               	 ;  1394 "/usr/lib/gcc/avr/4.3.5/../../../avr/include/avr/power.h" 1
 1438 001c 0FB6      		in __tmp_reg__,__SREG__
 1439 001e F894      		cli
 1440 0020 8093 6100 		sts 97, r24
 1441 0024 9093 6100 		sts 97, r25
 1442 0028 0FBE      		out __SREG__, __tmp_reg__
 1443               	 ;  0 "" 2
 1444               	/* #NOAPP */
 1445               	.LBE232:
 1446               	.LBE231:
 1447               	.LSM202:
 1448 002a 11E0      		ldi r17,lo8(1)
 1449 002c 15BF      		out 85-32,r17
 1450               	.LSM203:
 1451 002e 82E0      		ldi r24,lo8(2)
 1452 0030 85BF      		out 85-32,r24
 1453               	.LSM204:
 1454 0032 0E94 0000 		call USB_Init
 1455               	.LBB233:
 1456               	.LBB234:
 1457               	.LSM205:
 1458 0036 8AB1      		in r24,42-32
 1459 0038 806F      		ori r24,lo8(-16)
 1460 003a 8AB9      		out 42-32,r24
 1461               	.LSM206:
 1462 003c 8BB1      		in r24,43-32
 1463 003e 8F70      		andi r24,lo8(15)
 1464 0040 8BB9      		out 43-32,r24
 1465               	.LBE234:
 1466               	.LBE233:
 1467               	.LSM207:
 1468 0042 1093 6F00 		sts 111,r17
 1469               	.LSM208:
 1470 0046 83E0      		ldi r24,lo8(3)
 1471 0048 8093 8100 		sts 129,r24
 1472               	/* epilogue start */
 1473               	.LSM209:
 1474 004c 1F91      		pop r17
 1475 004e 0895      		ret
 1476               	.LFE102:
 1478               		.section	.text.main,"ax",@progbits
 1479               	.global	main
 1481               	main:
 1482               	.LFB101:
 1483               	.LSM210:
 1484               	/* prologue: function */
 1485               	/* frame size = 0 */
 1486               	.LSM211:
 1487 0000 0E94 0000 		call SetupHardware
 1488               	.LBB235:
 1489               	.LBB236:
 1490               	.LSM212:
 1491 0004 8BB1      		in r24,43-32
 1492 0006 8F70      		andi r24,lo8(15)
 1493 0008 8061      		ori r24,lo8(16)
 1494 000a 8BB9      		out 43-32,r24
 1495               	.LBE236:
 1496               	.LBE235:
 1497               	.LSM213:
 1498               	/* #APP */
 1499               	 ;  126 "BootloaderDFU.c" 1
 1500 000c 7894      		sei
 1501               	 ;  0 "" 2
 1502               	/* #NOAPP */
 1503 000e 00C0      		rjmp .L122
 1504               	.L123:
 1505               	.LSM214:
 1506 0010 0E94 0000 		call USB_USBTask
 1507               	.L122:
 1508               	.LSM215:
 1509 0014 8091 0000 		lds r24,RunBootloader
 1510 0018 8823      		tst r24
 1511 001a 01F4      		brne .L123
 1512 001c 8091 0000 		lds r24,WaitForExit
 1513 0020 8823      		tst r24
 1514 0022 01F4      		brne .L123
 1515               	.LSM216:
 1516 0024 0E94 0000 		call ResetHardware
 1517               	.LSM217:
 1518 0028 E091 0000 		lds r30,AppStartPtr
 1519 002c F091 0000 		lds r31,(AppStartPtr)+1
 1520 0030 0995      		icall
 1521               	.LFE101:
 1523               		.lcomm WaitForExit,1
 1524               		.data
 1527               	DFU_State:
 1528 0000 02        		.byte	2
 1529               		.lcomm StartAddr,2
 1530               		.lcomm EndAddr,2
 1531               		.lcomm Flash64KBPage,1
 1532               		.lcomm DFU_Status,1
 1533               		.lcomm IsSecure,1
 1534               		.lcomm AppStartPtr,2
 1537               	RunBootloader:
 1538 0001 01        		.byte	1
 1541               	C.31.4229:
 1542 0002 1E        		.byte	30
 1543 0003 97        		.byte	-105
 1544 0004 82        		.byte	-126
 1547               	C.30.4228:
 1548 0005 20        		.byte	32
 1549 0006 DC        		.byte	-36
 1550 0007 FB        		.byte	-5
 1551               		.lcomm SentCommand,8
 1552               		.lcomm ResponseByte,1
 1633               	.Letext0:
DEFINED SYMBOLS
                            *ABS*:00000000 BootloaderDFU.c
     /tmp/ccg8ERmJ.s:2      *ABS*:0000003f __SREG__
     /tmp/ccg8ERmJ.s:3      *ABS*:0000003e __SP_H__
     /tmp/ccg8ERmJ.s:4      *ABS*:0000003d __SP_L__
     /tmp/ccg8ERmJ.s:5      *ABS*:00000034 __CCP__
     /tmp/ccg8ERmJ.s:6      *ABS*:00000000 __tmp_reg__
     /tmp/ccg8ERmJ.s:7      *ABS*:00000001 __zero_reg__
     /tmp/ccg8ERmJ.s:19     .text.__vector_20:00000000 __vector_20
     /tmp/ccg8ERmJ.s:53     .text.DiscardFillerBytes:00000000 DiscardFillerBytes
     /tmp/ccg8ERmJ.s:120    .text.LoadStartEndAddresses:00000000 LoadStartEndAddresses
     /tmp/ccg8ERmJ.s:1534   .bss:0000000a SentCommand
     /tmp/ccg8ERmJ.s:1523   .bss:00000001 StartAddr
     /tmp/ccg8ERmJ.s:1529   .bss:00000003 EndAddr
     /tmp/ccg8ERmJ.s:149    .text.ProcessBootloaderCommand:00000000 ProcessBootloaderCommand
     /tmp/ccg8ERmJ.s:1532   .bss:00000007 IsSecure
     /tmp/ccg8ERmJ.s:1527   .data:00000000 DFU_State
     /tmp/ccg8ERmJ.s:1531   .bss:00000006 DFU_Status
     /tmp/ccg8ERmJ.s:1530   .bss:00000005 Flash64KBPage
                             .bss:00000000 WaitForExit
     /tmp/ccg8ERmJ.s:1533   .bss:00000008 AppStartPtr
     /tmp/ccg8ERmJ.s:1537   .data:00000001 RunBootloader
     /tmp/ccg8ERmJ.s:1547   .data:00000005 C.30.4228
     /tmp/ccg8ERmJ.s:1541   .data:00000002 C.31.4229
     /tmp/ccg8ERmJ.s:1551   .bss:00000012 ResponseByte
     /tmp/ccg8ERmJ.s:579    .text.EVENT_USB_Device_ControlRequest:00000000 EVENT_USB_Device_ControlRequest
     /tmp/ccg8ERmJ.s:1389   .text.ResetHardware:00000000 ResetHardware
     /tmp/ccg8ERmJ.s:1409   .text.SetupHardware:00000000 SetupHardware
     /tmp/ccg8ERmJ.s:1481   .text.main:00000000 main

UNDEFINED SYMBOLS
USB_ControlRequest
__eewr_byte_usb1287
__eerd_byte_usb1287
Endpoint_ClearStatusStage
USB_Disable
USB_Init
USB_USBTask
__do_copy_data
__do_clear_bss
