   1               		.file	"Descriptors.c"
   2               	__SREG__ = 0x3f
   3               	__SP_H__ = 0x3e
   4               	__SP_L__ = 0x3d
   5               	__CCP__  = 0x34
   6               	__tmp_reg__ = 0
   7               	__zero_reg__ = 1
  15               	.Ltext0:
  16               		.section	.text.CALLBACK_USB_GetDescriptor,"ax",@progbits
  17               	.global	CALLBACK_USB_GetDescriptor
  19               	CALLBACK_USB_GetDescriptor:
  20               	.LFB90:
  21               	.LSM0:
  22               	.LVL0:
  23               	/* prologue: function */
  24               	/* frame size = 0 */
  25 0000 DA01      		movw r26,r20
  26               	.LSM1:
  27 0002 292F      		mov r18,r25
  28 0004 3327      		clr r19
  29 0006 2230      		cpi r18,lo8(2)
  30 0008 01F0      		breq .L4
  31               	.LVL1:
  32 000a 2330      		cpi r18,lo8(3)
  33 000c 01F0      		breq .L5
  34 000e 2130      		cpi r18,lo8(1)
  35 0010 01F4      		brne .L2
  36 0012 E0E0      		ldi r30,lo8(DeviceDescriptor)
  37 0014 F0E0      		ldi r31,hi8(DeviceDescriptor)
  38               	.LVL2:
  39 0016 82E1      		ldi r24,lo8(18)
  40 0018 90E0      		ldi r25,hi8(18)
  41               	.LVL3:
  42 001a 00C0      		rjmp .L6
  43               	.LVL4:
  44               	.L4:
  45 001c E0E0      		ldi r30,lo8(ConfigurationDescriptor)
  46 001e F0E0      		ldi r31,hi8(ConfigurationDescriptor)
  47               	.LVL5:
  48 0020 80E2      		ldi r24,lo8(32)
  49 0022 90E0      		ldi r25,hi8(32)
  50               	.LVL6:
  51 0024 00C0      		rjmp .L6
  52               	.LVL7:
  53               	.L5:
  54               	.LSM2:
  55 0026 8130      		cpi r24,lo8(1)
  56 0028 01F0      		breq .L8
  57 002a 8130      		cpi r24,lo8(1)
  58 002c 00F0      		brlo .L7
  59 002e 8230      		cpi r24,lo8(2)
  60 0030 01F0      		breq .L9
  61 0032 8330      		cpi r24,lo8(3)
  62 0034 01F4      		brne .L2
  63 0036 00C0      		rjmp .L13
  64               	.L7:
  65               	.LBB2:
  66               	.LSM3:
  67 0038 E0E0      		ldi r30,lo8(LanguageString)
  68 003a F0E0      		ldi r31,hi8(LanguageString)
  69               	/* #APP */
  70               	 ;  200 "Descriptors.c" 1
  71 003c 8491      		lpm r24, Z
  72               		
  73               	 ;  0 "" 2
  74               	.LVL8:
  75               	/* #NOAPP */
  76 003e 00C0      		rjmp .L12
  77               	.LVL9:
  78               	.L8:
  79               	.LBE2:
  80               	.LBB3:
  81               	.LSM4:
  82 0040 E0E0      		ldi r30,lo8(ManufacturerString)
  83 0042 F0E0      		ldi r31,hi8(ManufacturerString)
  84               	/* #APP */
  85               	 ;  204 "Descriptors.c" 1
  86 0044 8491      		lpm r24, Z
  87               		
  88               	 ;  0 "" 2
  89               	.LVL10:
  90               	/* #NOAPP */
  91 0046 00C0      		rjmp .L12
  92               	.LVL11:
  93               	.L9:
  94               	.LBE3:
  95               	.LBB4:
  96               	.LSM5:
  97 0048 E0E0      		ldi r30,lo8(ProductString)
  98 004a F0E0      		ldi r31,hi8(ProductString)
  99               	/* #APP */
 100               	 ;  208 "Descriptors.c" 1
 101 004c 8491      		lpm r24, Z
 102               		
 103               	 ;  0 "" 2
 104               	.LVL12:
 105               	/* #NOAPP */
 106 004e 00C0      		rjmp .L12
 107               	.LVL13:
 108               	.L13:
 109               	.LBE4:
 110               	.LBB5:
 111               	.LSM6:
 112 0050 E0E0      		ldi r30,lo8(SerialString)
 113 0052 F0E0      		ldi r31,hi8(SerialString)
 114               	/* #APP */
 115               	 ;  212 "Descriptors.c" 1
 116 0054 8491      		lpm r24, Z
 117               		
 118               	 ;  0 "" 2
 119               	.LVL14:
 120               	/* #NOAPP */
 121               	.L12:
 122               	.LBE5:
 123 0056 90E0      		ldi r25,lo8(0)
 124               	.LVL15:
 125 0058 00C0      		rjmp .L6
 126               	.LVL16:
 127               	.L2:
 128 005a E0E0      		ldi r30,lo8(0)
 129 005c F0E0      		ldi r31,hi8(0)
 130               	.LVL17:
 131 005e 80E0      		ldi r24,lo8(0)
 132 0060 90E0      		ldi r25,hi8(0)
 133               	.LVL18:
 134               	.L6:
 135               	.LSM7:
 136 0062 ED93      		st X+,r30
 137 0064 FC93      		st X,r31
 138               	.LVL19:
 139               	/* epilogue start */
 140               	.LSM8:
 141 0066 0895      		ret
 142               	.LFE90:
 144               	.global	DeviceDescriptor
 145               		.section	.progmem.data,"a",@progbits
 148               	DeviceDescriptor:
 149 0000 12        		.byte	18
 150 0001 01        		.byte	1
 151 0002 1001      		.word	272
 152 0004 FF        		.byte	-1
 153 0005 00        		.byte	0
 154 0006 00        		.byte	0
 155 0007 10        		.byte	16
 156 0008 EB03      		.word	1003
 157 000a 0421      		.word	8452
 158 000c 0002      		.word	512
 159 000e 01        		.byte	1
 160 000f 02        		.byte	2
 161 0010 03        		.byte	3
 162 0011 01        		.byte	1
 163               	.global	ConfigurationDescriptor
 166               	ConfigurationDescriptor:
 167 0012 09        		.byte	9
 168 0013 02        		.byte	2
 169 0014 2000      		.word	32
 170 0016 01        		.byte	1
 171 0017 01        		.byte	1
 172 0018 00        		.byte	0
 173 0019 80        		.byte	-128
 174 001a 32        		.byte	50
 175 001b 09        		.byte	9
 176 001c 04        		.byte	4
 177 001d 00        		.byte	0
 178 001e 00        		.byte	0
 179 001f 02        		.byte	2
 180 0020 FF        		.byte	-1
 181 0021 00        		.byte	0
 182 0022 00        		.byte	0
 183 0023 00        		.byte	0
 184 0024 07        		.byte	7
 185 0025 05        		.byte	5
 186 0026 82        		.byte	-126
 187 0027 02        		.byte	2
 188 0028 4000      		.word	64
 189 002a 0A        		.byte	10
 190 002b 07        		.byte	7
 191 002c 05        		.byte	5
 192 002d 02        		.byte	2
 193 002e 02        		.byte	2
 194 002f 4000      		.word	64
 195 0031 0A        		.byte	10
 196               	.global	LanguageString
 199               	LanguageString:
 200 0032 04        		.byte	4
 201 0033 03        		.byte	3
 202 0034 0904      		.word	1033
 203               	.global	ManufacturerString
 206               	ManufacturerString:
 207 0036 18        		.byte	24
 208 0037 03        		.byte	3
 209 0038 4400      		.string	"D"
 210 003a 6500      		.string	"e"
 211 003c 6100      		.string	"a"
 212 003e 6E00      		.string	"n"
 213 0040 2000      		.string	" "
 214 0042 4300      		.string	"C"
 215 0044 6100      		.string	"a"
 216 0046 6D00      		.string	"m"
 217 0048 6500      		.string	"e"
 218 004a 7200      		.string	"r"
 219 004c 6100      		.string	"a"
 220 004e 00        		.string	""
 221 004f 00        		.string	""
 222               	.global	ProductString
 225               	ProductString:
 226 0050 2E        		.byte	46
 227 0051 03        		.byte	3
 228 0052 4C00      		.string	"L"
 229 0054 5500      		.string	"U"
 230 0056 4600      		.string	"F"
 231 0058 4100      		.string	"A"
 232 005a 2000      		.string	" "
 233 005c 4100      		.string	"A"
 234 005e 5600      		.string	"V"
 235 0060 5200      		.string	"R"
 236 0062 4900      		.string	"I"
 237 0064 5300      		.string	"S"
 238 0066 5000      		.string	"P"
 239 0068 2000      		.string	" "
 240 006a 4D00      		.string	"M"
 241 006c 6B00      		.string	"k"
 242 006e 4900      		.string	"I"
 243 0070 4900      		.string	"I"
 244 0072 2000      		.string	" "
 245 0074 4300      		.string	"C"
 246 0076 6C00      		.string	"l"
 247 0078 6F00      		.string	"o"
 248 007a 6E00      		.string	"n"
 249 007c 6500      		.string	"e"
 250 007e 00        		.string	""
 251 007f 00        		.string	""
 252               	.global	SerialString
 255               	SerialString:
 256 0080 1C        		.byte	28
 257 0081 03        		.byte	3
 258 0082 3000      		.string	"0"
 259 0084 3000      		.string	"0"
 260 0086 3000      		.string	"0"
 261 0088 3000      		.string	"0"
 262 008a 4100      		.string	"A"
 263 008c 3000      		.string	"0"
 264 008e 3000      		.string	"0"
 265 0090 3100      		.string	"1"
 266 0092 3200      		.string	"2"
 267 0094 3800      		.string	"8"
 268 0096 3200      		.string	"2"
 269 0098 3500      		.string	"5"
 270 009a 3500      		.string	"5"
 271 009c 00        		.string	""
 272 009d 00        		.string	""
 297               	.Letext0:
DEFINED SYMBOLS
                            *ABS*:00000000 Descriptors.c
     /tmp/ccbC3X8W.s:2      *ABS*:0000003f __SREG__
     /tmp/ccbC3X8W.s:3      *ABS*:0000003e __SP_H__
     /tmp/ccbC3X8W.s:4      *ABS*:0000003d __SP_L__
     /tmp/ccbC3X8W.s:5      *ABS*:00000034 __CCP__
     /tmp/ccbC3X8W.s:6      *ABS*:00000000 __tmp_reg__
     /tmp/ccbC3X8W.s:7      *ABS*:00000001 __zero_reg__
     /tmp/ccbC3X8W.s:19     .text.CALLBACK_USB_GetDescriptor:00000000 CALLBACK_USB_GetDescriptor
     /tmp/ccbC3X8W.s:148    .progmem.data:00000000 DeviceDescriptor
     /tmp/ccbC3X8W.s:166    .progmem.data:00000012 ConfigurationDescriptor
     /tmp/ccbC3X8W.s:199    .progmem.data:00000032 LanguageString
     /tmp/ccbC3X8W.s:206    .progmem.data:00000036 ManufacturerString
     /tmp/ccbC3X8W.s:225    .progmem.data:00000050 ProductString
     /tmp/ccbC3X8W.s:255    .progmem.data:00000080 SerialString

NO UNDEFINED SYMBOLS
