   1               		.file	"MassStorage.c"
   2               	__SREG__ = 0x3f
   3               	__SP_H__ = 0x3e
   4               	__SP_L__ = 0x3d
   5               	__CCP__  = 0x34
   6               	__tmp_reg__ = 0
   7               	__zero_reg__ = 1
  15               	.Ltext0:
  16               		.section	.text.EVENT_USB_Device_Connect,"ax",@progbits
  17               	.global	EVENT_USB_Device_Connect
  19               	EVENT_USB_Device_Connect:
  20               	.LFB123:
  21               	.LSM0:
  22               	/* prologue: function */
  23               	/* frame size = 0 */
  24               	.LBB22:
  25               	.LBB23:
  26               	.LSM1:
  27 0000 8BB1      		in r24,43-32
  28 0002 8F70      		andi r24,lo8(15)
  29 0004 806A      		ori r24,lo8(-96)
  30 0006 8BB9      		out 43-32,r24
  31               	/* epilogue start */
  32               	.LBE23:
  33               	.LBE22:
  34               	.LSM2:
  35 0008 0895      		ret
  36               	.LFE123:
  38               		.section	.text.EVENT_USB_Device_Disconnect,"ax",@progbits
  39               	.global	EVENT_USB_Device_Disconnect
  41               	EVENT_USB_Device_Disconnect:
  42               	.LFB124:
  43               	.LSM3:
  44               	/* prologue: function */
  45               	/* frame size = 0 */
  46               	.LBB24:
  47               	.LBB25:
  48               	.LSM4:
  49 0000 8BB1      		in r24,43-32
  50 0002 8F70      		andi r24,lo8(15)
  51 0004 8061      		ori r24,lo8(16)
  52 0006 8BB9      		out 43-32,r24
  53               	/* epilogue start */
  54               	.LBE25:
  55               	.LBE24:
  56               	.LSM5:
  57 0008 0895      		ret
  58               	.LFE124:
  60               		.section	.text.CALLBACK_MS_Device_SCSICommandReceived,"ax",@progbits
  61               	.global	CALLBACK_MS_Device_SCSICommandReceived
  63               	CALLBACK_MS_Device_SCSICommandReceived:
  64               	.LFB127:
  65               	.LSM6:
  66               	.LVL0:
  67               	/* prologue: function */
  68               	/* frame size = 0 */
  69               	.LBB26:
  70               	.LBB27:
  71               	.LSM7:
  72 0000 2BB1      		in r18,43-32
  73 0002 2F70      		andi r18,lo8(15)
  74 0004 2062      		ori r18,lo8(32)
  75 0006 2BB9      		out 43-32,r18
  76               	.LBE27:
  77               	.LBE26:
  78               	.LSM8:
  79 0008 0E94 0000 		call SCSI_DecodeSCSICommand
  80               	.LVL1:
  81               	.LBB28:
  82               	.LBB29:
  83               	.LSM9:
  84 000c 9BB1      		in r25,43-32
  85 000e 9F70      		andi r25,lo8(15)
  86 0010 9066      		ori r25,lo8(96)
  87 0012 9BB9      		out 43-32,r25
  88               	/* epilogue start */
  89               	.LBE29:
  90               	.LBE28:
  91               	.LSM10:
  92 0014 0895      		ret
  93               	.LFE127:
  95               		.section	.text.EVENT_USB_Device_ControlRequest,"ax",@progbits
  96               	.global	EVENT_USB_Device_ControlRequest
  98               	EVENT_USB_Device_ControlRequest:
  99               	.LFB126:
 100               	.LSM11:
 101               	/* prologue: function */
 102               	/* frame size = 0 */
 103               	.LSM12:
 104 0000 80E0      		ldi r24,lo8(Disk_MS_Interface)
 105 0002 90E0      		ldi r25,hi8(Disk_MS_Interface)
 106 0004 0E94 0000 		call MS_Device_ProcessControlRequest
 107               	/* epilogue start */
 108               	.LSM13:
 109 0008 0895      		ret
 110               	.LFE126:
 112               		.section	.text.EVENT_USB_Device_ConfigurationChanged,"ax",@progbits
 113               	.global	EVENT_USB_Device_ConfigurationChanged
 115               	EVENT_USB_Device_ConfigurationChanged:
 116               	.LFB125:
 117               	.LSM14:
 118               	/* prologue: function */
 119               	/* frame size = 0 */
 120               	.LSM15:
 121 0000 80E0      		ldi r24,lo8(Disk_MS_Interface)
 122 0002 90E0      		ldi r25,hi8(Disk_MS_Interface)
 123 0004 0E94 0000 		call MS_Device_ConfigureEndpoints
 124               	.LSM16:
 125 0008 80FD      		sbrc r24,0
 126 000a 00C0      		rjmp .L10
 127 000c 90E9      		ldi r25,lo8(-112)
 128 000e 00C0      		rjmp .L11
 129               	.L10:
 130 0010 90E6      		ldi r25,lo8(96)
 131               	.L11:
 132               	.LBB30:
 133               	.LBB31:
 134               	.LSM17:
 135 0012 8BB1      		in r24,43-32
 136 0014 8F70      		andi r24,lo8(15)
 137 0016 982B      		or r25,r24
 138 0018 9BB9      		out 43-32,r25
 139               	/* epilogue start */
 140               	.LBE31:
 141               	.LBE30:
 142               	.LSM18:
 143 001a 0895      		ret
 144               	.LFE125:
 146               		.section	.text.SetupHardware,"ax",@progbits
 147               	.global	SetupHardware
 149               	SetupHardware:
 150               	.LFB122:
 151               	.LSM19:
 152               	/* prologue: function */
 153               	/* frame size = 0 */
 154               	.LSM20:
 155 0000 84B7      		in r24,84-32
 156 0002 877F      		andi r24,lo8(-9)
 157 0004 84BF      		out 84-32,r24
 158               	.LSM21:
 159 0006 88E1      		ldi r24,lo8(24)
 160               	/* #APP */
 161               	 ;  84 "MassStorage.c" 1
 162 0008 0FB6      		in __tmp_reg__, __SREG__
 163 000a F894      		cli
 164 000c 8093 6000 		sts 96, r24
 165 0010 1092 6000 		sts 96, __zero_reg__
 166 0014 0FBE      		out __SREG__,__tmp_reg__
 167               		
 168               	 ;  0 "" 2
 169               	/* #NOAPP */
 170               	.LBB32:
 171               	.LBB33:
 172               	.LSM22:
 173 0016 90E0      		ldi r25,lo8(0)
 174 0018 80E8      		ldi r24,lo8(-128)
 175               	/* #APP */
 176               	 ;  1394 "/usr/lib/gcc/avr/4.3.5/../../../avr/include/avr/power.h" 1
 177 001a 0FB6      		in __tmp_reg__,__SREG__
 178 001c F894      		cli
 179 001e 8093 6100 		sts 97, r24
 180 0022 9093 6100 		sts 97, r25
 181 0026 0FBE      		out __SREG__, __tmp_reg__
 182               	 ;  0 "" 2
 183               	/* #NOAPP */
 184               	.LBE33:
 185               	.LBE32:
 186               	.LBB34:
 187               	.LBB35:
 188               	.LSM23:
 189 0028 8AB1      		in r24,42-32
 190 002a 806F      		ori r24,lo8(-16)
 191 002c 8AB9      		out 42-32,r24
 192               	.LSM24:
 193 002e 8BB1      		in r24,43-32
 194 0030 8F70      		andi r24,lo8(15)
 195 0032 8BB9      		out 43-32,r24
 196               	.LBE35:
 197               	.LBE34:
 198               	.LBB36:
 199               	.LBB37:
 200               	.LSM25:
 201 0034 209A      		sbi 36-32,0
 202               	.LSM26:
 203 0036 289A      		sbi 37-32,0
 204               	.LSM27:
 205 0038 84B1      		in r24,36-32
 206 003a 8660      		ori r24,lo8(6)
 207 003c 84B9      		out 36-32,r24
 208               	.LSM28:
 209 003e 2398      		cbi 36-32,3
 210               	.LSM29:
 211 0040 2B9A      		sbi 37-32,3
 212               	.LSM30:
 213 0042 8DB5      		in r24,77-32
 214 0044 8160      		ori r24,lo8(1)
 215 0046 8DBD      		out 77-32,r24
 216               	.LSM31:
 217 0048 2098      		cbi 36-32,0
 218               	.LSM32:
 219 004a 8CE5      		ldi r24,lo8(92)
 220 004c 8CBD      		out 76-32,r24
 221               	.LBE37:
 222               	.LBE36:
 223               	.LBB38:
 224               	.LBB39:
 225               	.LSM33:
 226 004e 8DB1      		in r24,45-32
 227 0050 8360      		ori r24,lo8(3)
 228 0052 8DB9      		out 45-32,r24
 229               	.LSM34:
 230 0054 8EB1      		in r24,46-32
 231 0056 8360      		ori r24,lo8(3)
 232 0058 8EB9      		out 46-32,r24
 233               	.LBE39:
 234               	.LBE38:
 235               	.LSM35:
 236 005a 0E94 0000 		call USB_Init
 237               	.LSM36:
 238 005e 0E94 0000 		call DataflashManager_ResetDataflashProtections
 239               	/* epilogue start */
 240               	.LSM37:
 241 0062 0895      		ret
 242               	.LFE122:
 244               		.section	.text.main,"ax",@progbits
 245               	.global	main
 247               	main:
 248               	.LFB121:
 249               	.LSM38:
 250               	/* prologue: function */
 251               	/* frame size = 0 */
 252               	.LSM39:
 253 0000 0E94 0000 		call SetupHardware
 254               	.LBB40:
 255               	.LBB41:
 256               	.LSM40:
 257 0004 8BB1      		in r24,43-32
 258 0006 8F70      		andi r24,lo8(15)
 259 0008 8061      		ori r24,lo8(16)
 260 000a 8BB9      		out 43-32,r24
 261               	.LBE41:
 262               	.LBE40:
 263               	.LSM41:
 264               	/* #APP */
 265               	 ;  70 "MassStorage.c" 1
 266 000c 7894      		sei
 267               	 ;  0 "" 2
 268               	/* #NOAPP */
 269               	.L16:
 270               	.LSM42:
 271 000e 80E0      		ldi r24,lo8(Disk_MS_Interface)
 272 0010 90E0      		ldi r25,hi8(Disk_MS_Interface)
 273 0012 0E94 0000 		call MS_Device_USBTask
 274               	.LSM43:
 275 0016 0E94 0000 		call USB_USBTask
 276 001a 00C0      		rjmp .L16
 277               	.LFE121:
 279               	.global	Disk_MS_Interface
 280               		.data
 283               	Disk_MS_Interface:
 284 0000 00        		.byte	0
 285 0001 03        		.byte	3
 286 0002 4000      		.word	64
 287 0004 00        		.byte	0
 288 0005 04        		.byte	4
 289 0006 4000      		.word	64
 290 0008 00        		.byte	0
 291 0009 01        		.byte	1
 292 000a 0000 0000 		.skip 45,0
 292      0000 0000 
 292      0000 0000 
 292      0000 0000 
 292      0000 0000 
 365               	.Letext0:
DEFINED SYMBOLS
                            *ABS*:00000000 MassStorage.c
     /tmp/cc6vy9nA.s:2      *ABS*:0000003f __SREG__
     /tmp/cc6vy9nA.s:3      *ABS*:0000003e __SP_H__
     /tmp/cc6vy9nA.s:4      *ABS*:0000003d __SP_L__
     /tmp/cc6vy9nA.s:5      *ABS*:00000034 __CCP__
     /tmp/cc6vy9nA.s:6      *ABS*:00000000 __tmp_reg__
     /tmp/cc6vy9nA.s:7      *ABS*:00000001 __zero_reg__
     /tmp/cc6vy9nA.s:19     .text.EVENT_USB_Device_Connect:00000000 EVENT_USB_Device_Connect
     /tmp/cc6vy9nA.s:41     .text.EVENT_USB_Device_Disconnect:00000000 EVENT_USB_Device_Disconnect
     /tmp/cc6vy9nA.s:63     .text.CALLBACK_MS_Device_SCSICommandReceived:00000000 CALLBACK_MS_Device_SCSICommandReceived
     /tmp/cc6vy9nA.s:98     .text.EVENT_USB_Device_ControlRequest:00000000 EVENT_USB_Device_ControlRequest
     /tmp/cc6vy9nA.s:283    .data:00000000 Disk_MS_Interface
     /tmp/cc6vy9nA.s:115    .text.EVENT_USB_Device_ConfigurationChanged:00000000 EVENT_USB_Device_ConfigurationChanged
     /tmp/cc6vy9nA.s:149    .text.SetupHardware:00000000 SetupHardware
     /tmp/cc6vy9nA.s:247    .text.main:00000000 main

UNDEFINED SYMBOLS
SCSI_DecodeSCSICommand
MS_Device_ProcessControlRequest
MS_Device_ConfigureEndpoints
USB_Init
DataflashManager_ResetDataflashProtections
MS_Device_USBTask
USB_USBTask
__do_copy_data
