   1               		.file	"Endpoint_AVR8.c"
   2               	__SREG__ = 0x3f
   3               	__SP_H__ = 0x3e
   4               	__SP_L__ = 0x3d
   5               	__CCP__  = 0x34
   6               	__tmp_reg__ = 0
   7               	__zero_reg__ = 1
  15               	.Ltext0:
  16               		.section	.text.Endpoint_ConfigureEndpoint_Prv,"ax",@progbits
  17               	.global	Endpoint_ConfigureEndpoint_Prv
  19               	Endpoint_ConfigureEndpoint_Prv:
  20               	.LFB83:
  21               	.LSM0:
  22               	.LVL0:
  23               	/* prologue: function */
  24               	/* frame size = 0 */
  25               	.LBB34:
  26               	.LBB35:
  27               	.LSM1:
  28 0000 8093 E900 		sts 233,r24
  29               	.LBE35:
  30               	.LBE34:
  31               	.LBB36:
  32               	.LBB37:
  33               	.LSM2:
  34 0004 8091 EB00 		lds r24,235
  35               	.LVL1:
  36 0008 8160      		ori r24,lo8(1)
  37 000a 8093 EB00 		sts 235,r24
  38               	.LBE37:
  39               	.LBE36:
  40               	.LSM3:
  41 000e 1092 ED00 		sts 237,__zero_reg__
  42               	.LSM4:
  43 0012 6093 EC00 		sts 236,r22
  44               	.LSM5:
  45 0016 4093 ED00 		sts 237,r20
  46               	.LBB38:
  47               	.LBB39:
  48               	.LSM6:
  49 001a 8091 EE00 		lds r24,238
  50               	.LBE39:
  51               	.LBE38:
  52               	.LSM7:
  53 001e 881F      		rol r24
  54 0020 8827      		clr r24
  55 0022 881F      		rol r24
  56               	/* epilogue start */
  57 0024 0895      		ret
  58               	.LFE83:
  60               		.section	.text.Endpoint_ClearEndpoints,"ax",@progbits
  61               	.global	Endpoint_ClearEndpoints
  63               	Endpoint_ClearEndpoints:
  64               	.LFB84:
  65               	.LSM8:
  66               	/* prologue: function */
  67               	/* frame size = 0 */
  68               	.LSM9:
  69 0000 1092 F400 		sts 244,__zero_reg__
  70 0004 90E0      		ldi r25,lo8(0)
  71               	.LVL2:
  72               	.L5:
  73               	.LBB40:
  74               	.LBB41:
  75               	.LBB42:
  76               	.LSM10:
  77 0006 9093 E900 		sts 233,r25
  78               	.LBE42:
  79               	.LBE41:
  80               	.LSM11:
  81 000a 1092 F000 		sts 240,__zero_reg__
  82               	.LSM12:
  83 000e 1092 E800 		sts 232,__zero_reg__
  84               	.LSM13:
  85 0012 1092 ED00 		sts 237,__zero_reg__
  86               	.LBB43:
  87               	.LBB44:
  88               	.LSM14:
  89 0016 8091 EB00 		lds r24,235
  90 001a 8E7F      		andi r24,lo8(-2)
  91 001c 8093 EB00 		sts 235,r24
  92               	.LBE44:
  93               	.LBE43:
  94               	.LSM15:
  95 0020 9F5F      		subi r25,lo8(-(1))
  96 0022 9730      		cpi r25,lo8(7)
  97 0024 01F4      		brne .L5
  98               	/* epilogue start */
  99               	.LBE40:
 100               	.LSM16:
 101 0026 0895      		ret
 102               	.LFE84:
 104               		.section	.text.Endpoint_ClearStatusStage,"ax",@progbits
 105               	.global	Endpoint_ClearStatusStage
 107               	Endpoint_ClearStatusStage:
 108               	.LFB85:
 109               	.LSM17:
 110               	/* prologue: function */
 111               	/* frame size = 0 */
 112               	.LSM18:
 113 0000 8091 0000 		lds r24,USB_ControlRequest
 114 0004 8823      		tst r24
 115 0006 04F4      		brge .L16
 116 0008 00C0      		rjmp .L15
 117               	.L12:
 118               	.LSM19:
 119 000a 8EB3      		in r24,62-32
 120 000c 8823      		tst r24
 121 000e 01F0      		breq .L14
 122               	.L15:
 123               	.LBB45:
 124               	.LBB46:
 125               	.LSM20:
 126 0010 8091 E800 		lds r24,232
 127               	.LBE46:
 128               	.LBE45:
 129               	.LSM21:
 130 0014 82FF      		sbrs r24,2
 131 0016 00C0      		rjmp .L12
 132               	.LBB47:
 133               	.LBB48:
 134               	.LSM22:
 135 0018 8091 E800 		lds r24,232
 136 001c 8B77      		andi r24,lo8(123)
 137 001e 8093 E800 		sts 232,r24
 138 0022 0895      		ret
 139               	.L13:
 140               	.LBE48:
 141               	.LBE47:
 142               	.LSM23:
 143 0024 8EB3      		in r24,62-32
 144 0026 8823      		tst r24
 145 0028 01F0      		breq .L14
 146               	.L16:
 147               	.LBB49:
 148               	.LBB50:
 149               	.LSM24:
 150 002a 8091 E800 		lds r24,232
 151               	.LBE50:
 152               	.LBE49:
 153               	.LSM25:
 154 002e 80FF      		sbrs r24,0
 155 0030 00C0      		rjmp .L13
 156               	.LBB51:
 157               	.LBB52:
 158               	.LSM26:
 159 0032 8091 E800 		lds r24,232
 160 0036 8E77      		andi r24,lo8(126)
 161 0038 8093 E800 		sts 232,r24
 162               	.L14:
 163 003c 0895      		ret
 164               	.LBE52:
 165               	.LBE51:
 166               	.LFE85:
 168               		.section	.text.Endpoint_WaitUntilReady,"ax",@progbits
 169               	.global	Endpoint_WaitUntilReady
 171               	Endpoint_WaitUntilReady:
 172               	.LFB86:
 173               	.LSM27:
 174               	/* prologue: function */
 175               	/* frame size = 0 */
 176               	.LBB53:
 177               	.LBB54:
 178               	.LSM28:
 179 0000 4091 E400 		lds r20,228
 180 0004 5091 E500 		lds r21,(228)+1
 181               	.LVL3:
 182 0008 24E6      		ldi r18,lo8(100)
 183               	.LVL4:
 184               	.L30:
 185               	.LBE54:
 186               	.LBE53:
 187               	.LBB55:
 188               	.LBB56:
 189               	.LBB57:
 190               	.LSM29:
 191 000a 8091 EC00 		lds r24,236
 192               	.LVL5:
 193               	.LBE57:
 194               	.LBE56:
 195               	.LSM30:
 196 000e 8078      		andi r24,lo8(-128)
 197 0010 8038      		cpi r24,lo8(-128)
 198 0012 01F4      		brne .L18
 199               	.LBB58:
 200               	.LBB59:
 201               	.LSM31:
 202 0014 8091 E800 		lds r24,232
 203               	.LBE59:
 204               	.LBE58:
 205               	.LSM32:
 206 0018 80FF      		sbrs r24,0
 207 001a 00C0      		rjmp .L20
 208 001c 00C0      		rjmp .L19
 209               	.L18:
 210               	.LBB60:
 211               	.LBB61:
 212               	.LSM33:
 213 001e 8091 E800 		lds r24,232
 214               	.LBE61:
 215               	.LBE60:
 216               	.LSM34:
 217 0022 82FD      		sbrc r24,2
 218 0024 00C0      		rjmp .L19
 219               	.L20:
 220               	.LSM35:
 221 0026 8EB3      		in r24,62-32
 222               	.LVL6:
 223               	.LSM36:
 224 0028 8823      		tst r24
 225 002a 01F4      		brne .L21
 226 002c 82E0      		ldi r24,lo8(2)
 227               	.LVL7:
 228 002e 0895      		ret
 229               	.LVL8:
 230               	.L21:
 231               	.LSM37:
 232 0030 8530      		cpi r24,lo8(5)
 233 0032 01F4      		brne .L23
 234 0034 83E0      		ldi r24,lo8(3)
 235               	.LVL9:
 236 0036 0895      		ret
 237               	.LVL10:
 238               	.L23:
 239               	.LBB62:
 240               	.LBB63:
 241               	.LSM38:
 242 0038 8091 EB00 		lds r24,235
 243               	.LVL11:
 244               	.LBE63:
 245               	.LBE62:
 246               	.LSM39:
 247 003c 85FF      		sbrs r24,5
 248 003e 00C0      		rjmp .L24
 249 0040 81E0      		ldi r24,lo8(1)
 250 0042 0895      		ret
 251               	.L24:
 252               	.LBB64:
 253               	.LBB65:
 254               	.LSM40:
 255 0044 8091 E400 		lds r24,228
 256 0048 9091 E500 		lds r25,(228)+1
 257               	.LVL12:
 258               	.LBE65:
 259               	.LBE64:
 260               	.LSM41:
 261 004c 8417      		cp r24,r20
 262 004e 9507      		cpc r25,r21
 263 0050 01F0      		breq .L30
 264               	.LSM42:
 265 0052 2223      		tst r18
 266 0054 01F4      		brne .L26
 267 0056 84E0      		ldi r24,lo8(4)
 268               	.LVL13:
 269 0058 0895      		ret
 270               	.LVL14:
 271               	.L26:
 272 005a 2150      		subi r18,lo8(-(-1))
 273 005c AC01      		movw r20,r24
 274 005e 00C0      		rjmp .L30
 275               	.LVL15:
 276               	.L19:
 277 0060 80E0      		ldi r24,lo8(0)
 278               	.LBE55:
 279               	.LSM43:
 280 0062 0895      		ret
 281               	.LFE86:
 331               	.Letext0:
DEFINED SYMBOLS
                            *ABS*:00000000 Endpoint_AVR8.c
     /tmp/ccz0Y9sT.s:2      *ABS*:0000003f __SREG__
     /tmp/ccz0Y9sT.s:3      *ABS*:0000003e __SP_H__
     /tmp/ccz0Y9sT.s:4      *ABS*:0000003d __SP_L__
     /tmp/ccz0Y9sT.s:5      *ABS*:00000034 __CCP__
     /tmp/ccz0Y9sT.s:6      *ABS*:00000000 __tmp_reg__
     /tmp/ccz0Y9sT.s:7      *ABS*:00000001 __zero_reg__
     /tmp/ccz0Y9sT.s:19     .text.Endpoint_ConfigureEndpoint_Prv:00000000 Endpoint_ConfigureEndpoint_Prv
     /tmp/ccz0Y9sT.s:63     .text.Endpoint_ClearEndpoints:00000000 Endpoint_ClearEndpoints
     /tmp/ccz0Y9sT.s:107    .text.Endpoint_ClearStatusStage:00000000 Endpoint_ClearStatusStage
     /tmp/ccz0Y9sT.s:171    .text.Endpoint_WaitUntilReady:00000000 Endpoint_WaitUntilReady

UNDEFINED SYMBOLS
USB_ControlRequest
