   1               		.file	"MIDIHost.c"
   2               	__SREG__ = 0x3f
   3               	__SP_H__ = 0x3e
   4               	__SP_L__ = 0x3d
   5               	__CCP__  = 0x34
   6               	__tmp_reg__ = 0
   7               	__zero_reg__ = 1
  15               	.Ltext0:
  16               		.section	.text.EVENT_USB_Host_DeviceEnumerationFailed,"ax",@progbits
  17               	.global	EVENT_USB_Host_DeviceEnumerationFailed
  19               	EVENT_USB_Host_DeviceEnumerationFailed:
  20               	.LFB152:
  21               	.LSM0:
  22               	.LVL0:
  23               	/* prologue: function */
  24               	/* frame size = 0 */
  25               	.LSM1:
  26 0000 9091 0000 		lds r25,USB_HostState
  27 0004 2DB7      		in r18,__SP_L__
  28 0006 3EB7      		in r19,__SP_H__
  29 0008 2850      		subi r18,lo8(-(-8))
  30 000a 3040      		sbci r19,hi8(-(-8))
  31 000c 0FB6      		in __tmp_reg__,__SREG__
  32 000e F894      		cli
  33 0010 3EBF      		out __SP_H__,r19
  34 0012 0FBE      		out __SREG__,__tmp_reg__
  35 0014 2DBF      		out __SP_L__,r18
  36 0016 EDB7      		in r30,__SP_L__
  37 0018 FEB7      		in r31,__SP_H__
  38 001a 3196      		adiw r30,1
  39 001c 20E0      		ldi r18,lo8(__c.4623)
  40 001e 30E0      		ldi r19,hi8(__c.4623)
  41 0020 ADB7      		in r26,__SP_L__
  42 0022 BEB7      		in r27,__SP_H__
  43 0024 1296      		adiw r26,1+1
  44 0026 3C93      		st X,r19
  45 0028 2E93      		st -X,r18
  46 002a 1197      		sbiw r26,1
  47 002c 8283      		std Z+2,r24
  48 002e 1382      		std Z+3,__zero_reg__
  49 0030 6483      		std Z+4,r22
  50 0032 1582      		std Z+5,__zero_reg__
  51 0034 9683      		std Z+6,r25
  52 0036 1782      		std Z+7,__zero_reg__
  53 0038 0E94 0000 		call printf_P
  54               	.LVL1:
  55               	.LBB63:
  56               	.LBB64:
  57               	.LSM2:
  58 003c 8BB1      		in r24,43-32
  59 003e 8F70      		andi r24,lo8(15)
  60 0040 8069      		ori r24,lo8(-112)
  61 0042 8BB9      		out 43-32,r24
  62 0044 2DB7      		in r18,__SP_L__
  63 0046 3EB7      		in r19,__SP_H__
  64 0048 285F      		subi r18,lo8(-(8))
  65 004a 3F4F      		sbci r19,hi8(-(8))
  66 004c 0FB6      		in __tmp_reg__,__SREG__
  67 004e F894      		cli
  68 0050 3EBF      		out __SP_H__,r19
  69 0052 0FBE      		out __SREG__,__tmp_reg__
  70 0054 2DBF      		out __SP_L__,r18
  71               	/* epilogue start */
  72               	.LBE64:
  73               	.LBE63:
  74               	.LSM3:
  75 0056 0895      		ret
  76               	.LFE152:
  78               		.data
  79               	.LC0:
  80 0000 4F6E 00   		.string	"On"
  81               	.LC1:
  82 0003 4F66 6600 		.string	"Off"
  83               		.section	.text.MIDIHost_Task,"ax",@progbits
  84               	.global	MIDIHost_Task
  86               	MIDIHost_Task:
  87               	.LFB153:
  88               	.LSM4:
  89 0000 1F93      		push r17
  90 0002 DF93      		push r29
  91 0004 CF93      		push r28
  92 0006 00D0      		rcall .
  93 0008 00D0      		rcall .
  94 000a CDB7      		in r28,__SP_L__
  95 000c DEB7      		in r29,__SP_H__
  96               	/* prologue: function */
  97               	/* frame size = 4 */
  98               	.LSM5:
  99 000e 8091 0000 		lds r24,USB_HostState
 100 0012 8B30      		cpi r24,lo8(11)
 101 0014 01F0      		breq .+2
 102 0016 00C0      		rjmp .L26
 103               	.LBB65:
 104               	.LBB66:
 105               	.LSM6:
 106 0018 81E0      		ldi r24,lo8(1)
 107 001a 8093 A700 		sts 167,r24
 108               	.LBE66:
 109               	.LBE65:
 110               	.LBB67:
 111               	.LBB68:
 112               	.LSM7:
 113 001e 8091 A600 		lds r24,166
 114               	.LBE68:
 115               	.LBE67:
 116               	.LSM8:
 117 0022 80FF      		sbrs r24,0
 118 0024 00C0      		rjmp .L5
 119               	.LBB69:
 120               	.LSM9:
 121 0026 CE01      		movw r24,r28
 122 0028 0196      		adiw r24,1
 123 002a 64E0      		ldi r22,lo8(4)
 124 002c 70E0      		ldi r23,hi8(4)
 125 002e 40E0      		ldi r20,lo8(0)
 126 0030 50E0      		ldi r21,hi8(0)
 127 0032 0E94 0000 		call Pipe_Read_Stream_LE
 128               	.LBB70:
 129               	.LBB71:
 130               	.LSM10:
 131 0036 8091 F600 		lds r24,246
 132 003a 9091 F700 		lds r25,(246)+1
 133               	.LBE71:
 134               	.LBE70:
 135               	.LSM11:
 136 003e 892B      		or r24,r25
 137 0040 01F4      		brne .L6
 138               	.LBB72:
 139               	.LBB73:
 140               	.LSM12:
 141 0042 8091 A600 		lds r24,166
 142 0046 8E77      		andi r24,lo8(126)
 143 0048 8093 A600 		sts 166,r24
 144               	.L6:
 145               	.LBE73:
 146               	.LBE72:
 147               	.LSM13:
 148 004c 8981      		ldd r24,Y+1
 149 004e 8F70      		andi r24,lo8(15)
 150 0050 90E0      		ldi r25,lo8(0)
 151               	.LSM14:
 152 0052 8930      		cpi r24,9
 153 0054 9105      		cpc r25,__zero_reg__
 154 0056 01F4      		brne .L7
 155 0058 20E0      		ldi r18,lo8(.LC0)
 156 005a 30E0      		ldi r19,hi8(.LC0)
 157 005c 00C0      		rjmp .L8
 158               	.L7:
 159 005e 0897      		sbiw r24,8
 160 0060 01F4      		brne .L5
 161 0062 20E0      		ldi r18,lo8(.LC1)
 162 0064 30E0      		ldi r19,hi8(.LC1)
 163               	.L8:
 164               	.LSM15:
 165 0066 8DB7      		in r24,__SP_L__
 166 0068 9EB7      		in r25,__SP_H__
 167 006a 0A97      		sbiw r24,10
 168 006c 0FB6      		in __tmp_reg__,__SREG__
 169 006e F894      		cli
 170 0070 9EBF      		out __SP_H__,r25
 171 0072 0FBE      		out __SREG__,__tmp_reg__
 172 0074 8DBF      		out __SP_L__,r24
 173 0076 EDB7      		in r30,__SP_L__
 174 0078 FEB7      		in r31,__SP_H__
 175 007a 3196      		adiw r30,1
 176 007c 80E0      		ldi r24,lo8(__c.4635)
 177 007e 90E0      		ldi r25,hi8(__c.4635)
 178 0080 ADB7      		in r26,__SP_L__
 179 0082 BEB7      		in r27,__SP_H__
 180 0084 1296      		adiw r26,1+1
 181 0086 9C93      		st X,r25
 182 0088 8E93      		st -X,r24
 183 008a 1197      		sbiw r26,1
 184 008c 3383      		std Z+3,r19
 185 008e 2283      		std Z+2,r18
 186 0090 8A81      		ldd r24,Y+2
 187 0092 90E0      		ldi r25,lo8(0)
 188 0094 8F70      		andi r24,lo8(15)
 189 0096 9070      		andi r25,hi8(15)
 190 0098 0196      		adiw r24,1
 191 009a 9583      		std Z+5,r25
 192 009c 8483      		std Z+4,r24
 193 009e 8B81      		ldd r24,Y+3
 194 00a0 8683      		std Z+6,r24
 195 00a2 1782      		std Z+7,__zero_reg__
 196 00a4 8C81      		ldd r24,Y+4
 197 00a6 8087      		std Z+8,r24
 198 00a8 1186      		std Z+9,__zero_reg__
 199 00aa 0E94 0000 		call printf_P
 200 00ae 8DB7      		in r24,__SP_L__
 201 00b0 9EB7      		in r25,__SP_H__
 202 00b2 0A96      		adiw r24,10
 203 00b4 0FB6      		in __tmp_reg__,__SREG__
 204 00b6 F894      		cli
 205 00b8 9EBF      		out __SP_H__,r25
 206 00ba 0FBE      		out __SREG__,__tmp_reg__
 207 00bc 8DBF      		out __SP_L__,r24
 208               	.L5:
 209               	.LBE69:
 210               	.LBB74:
 211               	.LBB75:
 212               	.LSM16:
 213 00be 82E0      		ldi r24,lo8(2)
 214 00c0 8093 A700 		sts 167,r24
 215               	.LBE75:
 216               	.LBE74:
 217               	.LBB76:
 218               	.LBB77:
 219               	.LSM17:
 220 00c4 8091 A600 		lds r24,166
 221               	.LBE77:
 222               	.LBE76:
 223               	.LSM18:
 224 00c8 82FF      		sbrs r24,2
 225 00ca 00C0      		rjmp .L26
 226               	.LBB78:
 227               	.LBB79:
 228               	.LBB80:
 229               	.LSM19:
 230 00cc 13B1      		in r17,35-32
 231 00ce 8CB1      		in r24,44-32
 232 00d0 8095      		com r24
 233 00d2 90E0      		ldi r25,lo8(0)
 234 00d4 8073      		andi r24,lo8(48)
 235 00d6 9070      		andi r25,hi8(48)
 236 00d8 9595      		asr r25
 237 00da 8795      		ror r24
 238 00dc 1095      		com r17
 239 00de 107E      		andi r17,lo8(-32)
 240 00e0 182B      		or r17,r24
 241               	.LBE80:
 242               	.LBE79:
 243               	.LSM20:
 244 00e2 8091 0000 		lds r24,PrevJoystickStatus.4639
 245               	.LVL2:
 246 00e6 8127      		eor r24,r17
 247               	.LSM21:
 248 00e8 629B      		sbis 44-32,2
 249 00ea 00C0      		rjmp .L9
 250 00ec 40E0      		ldi r20,lo8(0)
 251               	.LVL3:
 252 00ee 00C0      		rjmp .L10
 253               	.LVL4:
 254               	.L9:
 255 00f0 49E0      		ldi r20,lo8(9)
 256               	.LVL5:
 257               	.L10:
 258               	.LSM22:
 259 00f2 382F      		mov r19,r24
 260 00f4 90E0      		ldi r25,lo8(0)
 261 00f6 86FF      		sbrs r24,6
 262 00f8 00C0      		rjmp .L12
 263               	.LVL6:
 264               	.LSM23:
 265 00fa 16FD      		sbrc r17,6
 266 00fc 00C0      		rjmp .L13
 267 00fe 90E8      		ldi r25,lo8(-128)
 268               	.LVL7:
 269 0100 00C0      		rjmp .L12
 270               	.LVL8:
 271               	.L13:
 272 0102 90E9      		ldi r25,lo8(-112)
 273               	.LVL9:
 274               	.L12:
 275               	.LSM24:
 276 0104 87FD      		sbrc r24,7
 277 0106 00C0      		rjmp .L14
 278               	.LVL10:
 279 0108 2CE3      		ldi r18,lo8(60)
 280               	.LVL11:
 281 010a 00C0      		rjmp .L15
 282               	.LVL12:
 283               	.L14:
 284               	.LSM25:
 285 010c 17FD      		sbrc r17,7
 286 010e 00C0      		rjmp .L16
 287 0110 90E8      		ldi r25,lo8(-128)
 288 0112 00C0      		rjmp .L27
 289               	.L16:
 290 0114 90E9      		ldi r25,lo8(-112)
 291               	.L27:
 292 0116 2DE3      		ldi r18,lo8(61)
 293               	.LVL13:
 294               	.L15:
 295               	.LSM26:
 296 0118 33FF      		sbrs r19,3
 297 011a 00C0      		rjmp .L17
 298               	.LSM27:
 299 011c 13FD      		sbrc r17,3
 300 011e 00C0      		rjmp .L18
 301 0120 90E8      		ldi r25,lo8(-128)
 302 0122 00C0      		rjmp .L28
 303               	.L18:
 304 0124 90E9      		ldi r25,lo8(-112)
 305               	.L28:
 306 0126 2EE3      		ldi r18,lo8(62)
 307               	.L17:
 308               	.LSM28:
 309 0128 34FF      		sbrs r19,4
 310 012a 00C0      		rjmp .L19
 311               	.LSM29:
 312 012c 14FD      		sbrc r17,4
 313 012e 00C0      		rjmp .L20
 314 0130 90E8      		ldi r25,lo8(-128)
 315 0132 00C0      		rjmp .L29
 316               	.L20:
 317 0134 90E9      		ldi r25,lo8(-112)
 318               	.L29:
 319 0136 2FE3      		ldi r18,lo8(63)
 320               	.L19:
 321               	.LSM30:
 322 0138 35FF      		sbrs r19,5
 323 013a 00C0      		rjmp .L21
 324               	.LSM31:
 325 013c 15FF      		sbrs r17,5
 326 013e 00C0      		rjmp .L22
 327 0140 90E9      		ldi r25,lo8(-112)
 328 0142 00C0      		rjmp .L23
 329               	.L21:
 330               	.LSM32:
 331 0144 9923      		tst r25
 332 0146 01F0      		breq .L24
 333               	.L25:
 334               	.LBB81:
 335               	.LSM33:
 336 0148 892F      		mov r24,r25
 337               	.LVL14:
 338 014a 8295      		swap r24
 339 014c 8F70      		andi r24,lo8(15)
 340 014e 8983      		std Y+1,r24
 341 0150 942B      		or r25,r20
 342 0152 9A83      		std Y+2,r25
 343 0154 2B83      		std Y+3,r18
 344 0156 80E4      		ldi r24,lo8(64)
 345 0158 8C83      		std Y+4,r24
 346               	.LSM34:
 347 015a CE01      		movw r24,r28
 348 015c 0196      		adiw r24,1
 349 015e 64E0      		ldi r22,lo8(4)
 350 0160 70E0      		ldi r23,hi8(4)
 351 0162 40E0      		ldi r20,lo8(0)
 352 0164 50E0      		ldi r21,hi8(0)
 353               	.LVL15:
 354 0166 0E94 0000 		call Pipe_Write_Stream_LE
 355               	.LVL16:
 356               	.LBB82:
 357               	.LBB83:
 358               	.LSM35:
 359 016a 8091 A600 		lds r24,166
 360 016e 8B77      		andi r24,lo8(123)
 361 0170 8093 A600 		sts 166,r24
 362               	.LVL17:
 363               	.L24:
 364               	.LBE83:
 365               	.LBE82:
 366               	.LBE81:
 367               	.LSM36:
 368 0174 1093 0000 		sts PrevJoystickStatus.4639,r17
 369 0178 00C0      		rjmp .L26
 370               	.L22:
 371 017a 90E8      		ldi r25,lo8(-128)
 372               	.L23:
 373 017c 2BE3      		ldi r18,lo8(59)
 374 017e 00C0      		rjmp .L25
 375               	.L26:
 376               	/* epilogue start */
 377               	.LBE78:
 378               	.LSM37:
 379 0180 0F90      		pop __tmp_reg__
 380 0182 0F90      		pop __tmp_reg__
 381 0184 0F90      		pop __tmp_reg__
 382 0186 0F90      		pop __tmp_reg__
 383 0188 CF91      		pop r28
 384 018a DF91      		pop r29
 385 018c 1F91      		pop r17
 386 018e 0895      		ret
 387               	.LFE153:
 389               		.section	.text.EVENT_USB_Host_HostError,"ax",@progbits
 390               	.global	EVENT_USB_Host_HostError
 392               	EVENT_USB_Host_HostError:
 393               	.LFB151:
 394               	.LSM38:
 395               	.LVL18:
 396 0000 1F93      		push r17
 397               	/* prologue: function */
 398               	/* frame size = 0 */
 399 0002 182F      		mov r17,r24
 400               	.LSM39:
 401 0004 0E94 0000 		call USB_Disable
 402               	.LVL19:
 403               	.LSM40:
 404 0008 00D0      		rcall .
 405 000a 00D0      		rcall .
 406 000c EDB7      		in r30,__SP_L__
 407 000e FEB7      		in r31,__SP_H__
 408 0010 3196      		adiw r30,1
 409 0012 80E0      		ldi r24,lo8(__c.4615)
 410 0014 90E0      		ldi r25,hi8(__c.4615)
 411 0016 ADB7      		in r26,__SP_L__
 412 0018 BEB7      		in r27,__SP_H__
 413 001a 1296      		adiw r26,1+1
 414 001c 9C93      		st X,r25
 415 001e 8E93      		st -X,r24
 416 0020 1197      		sbiw r26,1
 417 0022 1283      		std Z+2,r17
 418 0024 1382      		std Z+3,__zero_reg__
 419 0026 0E94 0000 		call printf_P
 420               	.LBB84:
 421               	.LBB85:
 422               	.LSM41:
 423 002a 8BB1      		in r24,43-32
 424 002c 8F70      		andi r24,lo8(15)
 425 002e 8069      		ori r24,lo8(-112)
 426 0030 8BB9      		out 43-32,r24
 427 0032 0F90      		pop __tmp_reg__
 428 0034 0F90      		pop __tmp_reg__
 429 0036 0F90      		pop __tmp_reg__
 430 0038 0F90      		pop __tmp_reg__
 431               	.L31:
 432 003a 00C0      		rjmp .L31
 433               	.LBE85:
 434               	.LBE84:
 435               	.LFE151:
 437               		.section	.text.EVENT_USB_Host_DeviceUnattached,"ax",@progbits
 438               	.global	EVENT_USB_Host_DeviceUnattached
 440               	EVENT_USB_Host_DeviceUnattached:
 441               	.LFB149:
 442               	.LSM42:
 443               	/* prologue: function */
 444               	/* frame size = 0 */
 445               	.LSM43:
 446 0000 80E0      		ldi r24,lo8(__c.4591)
 447 0002 90E0      		ldi r25,hi8(__c.4591)
 448 0004 0E94 0000 		call puts_P
 449               	.LBB86:
 450               	.LBB87:
 451               	.LSM44:
 452 0008 8BB1      		in r24,43-32
 453 000a 8F70      		andi r24,lo8(15)
 454 000c 8061      		ori r24,lo8(16)
 455 000e 8BB9      		out 43-32,r24
 456               	/* epilogue start */
 457               	.LBE87:
 458               	.LBE86:
 459               	.LSM45:
 460 0010 0895      		ret
 461               	.LFE149:
 463               		.section	.text.EVENT_USB_Host_DeviceAttached,"ax",@progbits
 464               	.global	EVENT_USB_Host_DeviceAttached
 466               	EVENT_USB_Host_DeviceAttached:
 467               	.LFB148:
 468               	.LSM46:
 469               	/* prologue: function */
 470               	/* frame size = 0 */
 471               	.LSM47:
 472 0000 80E0      		ldi r24,lo8(__c.4586)
 473 0002 90E0      		ldi r25,hi8(__c.4586)
 474 0004 0E94 0000 		call puts_P
 475               	.LBB88:
 476               	.LBB89:
 477               	.LSM48:
 478 0008 8BB1      		in r24,43-32
 479 000a 8F70      		andi r24,lo8(15)
 480 000c 806A      		ori r24,lo8(-96)
 481 000e 8BB9      		out 43-32,r24
 482               	/* epilogue start */
 483               	.LBE89:
 484               	.LBE88:
 485               	.LSM49:
 486 0010 0895      		ret
 487               	.LFE148:
 489               		.section	.text.EVENT_USB_Host_DeviceEnumerationComplete,"ax",@progbits
 490               	.global	EVENT_USB_Host_DeviceEnumerationComplete
 492               	EVENT_USB_Host_DeviceEnumerationComplete:
 493               	.LFB150:
 494               	.LSM50:
 495 0000 1F93      		push r17
 496               	/* prologue: function */
 497               	/* frame size = 0 */
 498               	.LSM51:
 499 0002 80E0      		ldi r24,lo8(__c.4596)
 500 0004 90E0      		ldi r25,hi8(__c.4596)
 501 0006 0E94 0000 		call puts_P
 502               	.LSM52:
 503 000a 0E94 0000 		call ProcessConfigurationDescriptor
 504 000e 182F      		mov r17,r24
 505               	.LVL20:
 506 0010 8823      		tst r24
 507 0012 01F0      		breq .L38
 508               	.LVL21:
 509               	.LSM53:
 510 0014 8130      		cpi r24,lo8(1)
 511 0016 01F4      		brne .L39
 512               	.LSM54:
 513 0018 80E0      		ldi r24,lo8(__c.4599)
 514 001a 90E0      		ldi r25,hi8(__c.4599)
 515               	.LVL22:
 516 001c 00C0      		rjmp .L44
 517               	.LVL23:
 518               	.L39:
 519               	.LSM55:
 520 001e 80E0      		ldi r24,lo8(__c.4601)
 521 0020 90E0      		ldi r25,hi8(__c.4601)
 522               	.LVL24:
 523               	.L44:
 524 0022 0E94 0000 		call puts_P
 525               	.LSM56:
 526 0026 00D0      		rcall .
 527 0028 00D0      		rcall .
 528 002a EDB7      		in r30,__SP_L__
 529 002c FEB7      		in r31,__SP_H__
 530 002e 3196      		adiw r30,1
 531 0030 80E0      		ldi r24,lo8(__c.4603)
 532 0032 90E0      		ldi r25,hi8(__c.4603)
 533 0034 ADB7      		in r26,__SP_L__
 534 0036 BEB7      		in r27,__SP_H__
 535 0038 1296      		adiw r26,1+1
 536 003a 9C93      		st X,r25
 537 003c 8E93      		st -X,r24
 538 003e 1197      		sbiw r26,1
 539 0040 1283      		std Z+2,r17
 540 0042 00C0      		rjmp .L45
 541               	.LVL25:
 542               	.L38:
 543               	.LSM57:
 544 0044 81E0      		ldi r24,lo8(1)
 545               	.LVL26:
 546 0046 0E94 0000 		call USB_Host_SetDeviceConfiguration
 547 004a 282F      		mov r18,r24
 548               	.LVL27:
 549 004c 8823      		tst r24
 550 004e 01F0      		breq .L42
 551               	.LVL28:
 552               	.LSM58:
 553 0050 00D0      		rcall .
 554 0052 00D0      		rcall .
 555 0054 EDB7      		in r30,__SP_L__
 556 0056 FEB7      		in r31,__SP_H__
 557 0058 3196      		adiw r30,1
 558 005a 80E0      		ldi r24,lo8(__c.4605)
 559 005c 90E0      		ldi r25,hi8(__c.4605)
 560               	.LVL29:
 561 005e ADB7      		in r26,__SP_L__
 562 0060 BEB7      		in r27,__SP_H__
 563 0062 1296      		adiw r26,1+1
 564 0064 9C93      		st X,r25
 565 0066 8E93      		st -X,r24
 566 0068 1197      		sbiw r26,1
 567 006a 2283      		std Z+2,r18
 568               	.LVL30:
 569               	.L45:
 570 006c 1382      		std Z+3,__zero_reg__
 571 006e 0E94 0000 		call printf_P
 572               	.LVL31:
 573               	.LBB90:
 574               	.LBB91:
 575               	.LSM59:
 576 0072 8BB1      		in r24,43-32
 577 0074 8F70      		andi r24,lo8(15)
 578 0076 8069      		ori r24,lo8(-112)
 579 0078 8BB9      		out 43-32,r24
 580 007a 0F90      		pop __tmp_reg__
 581 007c 0F90      		pop __tmp_reg__
 582 007e 0F90      		pop __tmp_reg__
 583 0080 0F90      		pop __tmp_reg__
 584 0082 00C0      		rjmp .L43
 585               	.LVL32:
 586               	.L42:
 587               	.LBE91:
 588               	.LBE90:
 589               	.LSM60:
 590 0084 80E0      		ldi r24,lo8(__c.4607)
 591 0086 90E0      		ldi r25,hi8(__c.4607)
 592               	.LVL33:
 593 0088 0E94 0000 		call puts_P
 594               	.LVL34:
 595               	.LBB92:
 596               	.LBB93:
 597               	.LSM61:
 598 008c 8BB1      		in r24,43-32
 599 008e 8F70      		andi r24,lo8(15)
 600 0090 8066      		ori r24,lo8(96)
 601 0092 8BB9      		out 43-32,r24
 602               	.LVL35:
 603               	.L43:
 604               	/* epilogue start */
 605               	.LBE93:
 606               	.LBE92:
 607               	.LSM62:
 608 0094 1F91      		pop r17
 609               	.LVL36:
 610 0096 0895      		ret
 611               	.LFE150:
 613               		.section	.text.SetupHardware,"ax",@progbits
 614               	.global	SetupHardware
 616               	SetupHardware:
 617               	.LFB147:
 618               	.LSM63:
 619               	/* prologue: function */
 620               	/* frame size = 0 */
 621               	.LSM64:
 622 0000 84B7      		in r24,84-32
 623 0002 877F      		andi r24,lo8(-9)
 624 0004 84BF      		out 84-32,r24
 625               	.LSM65:
 626 0006 28E1      		ldi r18,lo8(24)
 627               	/* #APP */
 628               	 ;  64 "MIDIHost.c" 1
 629 0008 0FB6      		in __tmp_reg__, __SREG__
 630 000a F894      		cli
 631 000c 2093 6000 		sts 96, r18
 632 0010 1092 6000 		sts 96, __zero_reg__
 633 0014 0FBE      		out __SREG__,__tmp_reg__
 634               		
 635               	 ;  0 "" 2
 636               	/* #NOAPP */
 637               	.LBB94:
 638               	.LBB95:
 639               	.LSM66:
 640 0016 90E0      		ldi r25,lo8(0)
 641 0018 80E8      		ldi r24,lo8(-128)
 642               	/* #APP */
 643               	 ;  1394 "/usr/lib/gcc/avr/4.3.5/../../../avr/include/avr/power.h" 1
 644 001a 0FB6      		in __tmp_reg__,__SREG__
 645 001c F894      		cli
 646 001e 8093 6100 		sts 97, r24
 647 0022 9093 6100 		sts 97, r25
 648 0026 0FBE      		out __SREG__, __tmp_reg__
 649               	 ;  0 "" 2
 650               	/* #NOAPP */
 651               	.LBE95:
 652               	.LBE94:
 653               	.LBB96:
 654               	.LBB97:
 655               	.LSM67:
 656 0028 83E3      		ldi r24,lo8(51)
 657 002a 90E0      		ldi r25,hi8(51)
 658 002c 9093 CD00 		sts (204)+1,r25
 659 0030 8093 CC00 		sts 204,r24
 660               	.LSM68:
 661 0034 86E0      		ldi r24,lo8(6)
 662 0036 8093 CA00 		sts 202,r24
 663               	.LSM69:
 664 003a 1092 C800 		sts 200,__zero_reg__
 665               	.LSM70:
 666 003e 2093 C900 		sts 201,r18
 667               	.LSM71:
 668 0042 539A      		sbi 42-32,3
 669               	.LSM72:
 670 0044 5A9A      		sbi 43-32,2
 671               	.LBE97:
 672               	.LBE96:
 673               	.LBB98:
 674               	.LBB99:
 675               	.LSM73:
 676 0046 8AB1      		in r24,42-32
 677 0048 806F      		ori r24,lo8(-16)
 678 004a 8AB9      		out 42-32,r24
 679               	.LSM74:
 680 004c 8BB1      		in r24,43-32
 681 004e 8F70      		andi r24,lo8(15)
 682 0050 8BB9      		out 43-32,r24
 683               	.LBE99:
 684               	.LBE98:
 685               	.LBB100:
 686               	.LBB101:
 687               	.LSM75:
 688 0052 6A98      		cbi 45-32,2
 689               	.LSM76:
 690 0054 729A      		sbi 46-32,2
 691               	.LBE101:
 692               	.LBE100:
 693               	.LBB102:
 694               	.LBB103:
 695               	.LSM77:
 696 0056 84B1      		in r24,36-32
 697 0058 8F71      		andi r24,lo8(31)
 698 005a 84B9      		out 36-32,r24
 699               	.LSM78:
 700 005c 8DB1      		in r24,45-32
 701 005e 8F7C      		andi r24,lo8(-49)
 702 0060 8DB9      		out 45-32,r24
 703               	.LSM79:
 704 0062 85B1      		in r24,37-32
 705 0064 806E      		ori r24,lo8(-32)
 706 0066 85B9      		out 37-32,r24
 707               	.LSM80:
 708 0068 8EB1      		in r24,46-32
 709 006a 8063      		ori r24,lo8(48)
 710 006c 8EB9      		out 46-32,r24
 711               	.LBE103:
 712               	.LBE102:
 713               	.LSM81:
 714 006e 0E94 0000 		call USB_Init
 715               	.LBB104:
 716               	.LBB105:
 717               	.LSM82:
 718 0072 E0E0      		ldi r30,lo8(USARTSerialStream)
 719 0074 F0E0      		ldi r31,hi8(USARTSerialStream)
 720 0076 F093 0000 		sts (__iob)+1,r31
 721 007a E093 0000 		sts __iob,r30
 722               	.LSM83:
 723 007e F093 0000 		sts (__iob+2)+1,r31
 724 0082 E093 0000 		sts __iob+2,r30
 725               	.LSM84:
 726 0086 8EE0      		ldi r24,lo8(14)
 727 0088 DF01      		movw r26,r30
 728 008a 1D92      		st X+,__zero_reg__
 729 008c 8A95      	        dec r24
 730 008e 01F4      		brne .-6
 731 0090 83E0      		ldi r24,lo8(3)
 732 0092 8093 0000 		sts USARTSerialStream+3,r24
 733 0096 80E0      		ldi r24,lo8(gs(Serial_putchar))
 734 0098 90E0      		ldi r25,hi8(gs(Serial_putchar))
 735 009a 9093 0000 		sts (USARTSerialStream+8)+1,r25
 736 009e 8093 0000 		sts USARTSerialStream+8,r24
 737 00a2 80E0      		ldi r24,lo8(gs(Serial_getchar))
 738 00a4 90E0      		ldi r25,hi8(gs(Serial_getchar))
 739 00a6 9093 0000 		sts (USARTSerialStream+10)+1,r25
 740 00aa 8093 0000 		sts USARTSerialStream+10,r24
 741               	/* epilogue start */
 742               	.LBE105:
 743               	.LBE104:
 744               	.LSM85:
 745 00ae 0895      		ret
 746               	.LFE147:
 748               		.section	.text.main,"ax",@progbits
 749               	.global	main
 751               	main:
 752               	.LFB146:
 753               	.LSM86:
 754               	/* prologue: function */
 755               	/* frame size = 0 */
 756               	.LSM87:
 757 0000 0E94 0000 		call SetupHardware
 758               	.LSM88:
 759 0004 80E0      		ldi r24,lo8(__c.4573)
 760 0006 90E0      		ldi r25,hi8(__c.4573)
 761 0008 0E94 0000 		call puts_P
 762               	.LBB106:
 763               	.LBB107:
 764               	.LSM89:
 765 000c 8BB1      		in r24,43-32
 766 000e 8F70      		andi r24,lo8(15)
 767 0010 8061      		ori r24,lo8(16)
 768 0012 8BB9      		out 43-32,r24
 769               	.LBE107:
 770               	.LBE106:
 771               	.LSM90:
 772               	/* #APP */
 773               	 ;  49 "MIDIHost.c" 1
 774 0014 7894      		sei
 775               	 ;  0 "" 2
 776               	/* #NOAPP */
 777               	.L49:
 778               	.LSM91:
 779 0016 0E94 0000 		call MIDIHost_Task
 780               	.LSM92:
 781 001a 0E94 0000 		call USB_USBTask
 782 001e 00C0      		rjmp .L49
 783               	.LFE146:
 785               		.lcomm PrevJoystickStatus.4639,1
 786               		.section	.progmem.data,"a",@progbits
 789               	__c.4635:
 790 0000 4D49 4449 		.string	"MIDI Note %s - Channel %d, Pitch %d, Velocity %d\r\n"
 790      204E 6F74 
 790      6520 2573 
 790      202D 2043 
 790      6861 6E6E 
 793               	__c.4623:
 794 0033 1B5B 3331 		.ascii	"\033[31mDev Enum Error\r\n"
 794      6D44 6576 
 794      2045 6E75 
 794      6D20 4572 
 794      726F 720D 
 795 0048 202D 2D20 		.string	" -- Error Code %d\r\n -- Sub Error Code %d\r\n -- In State %d\r\n\033[37m"
 795      4572 726F 
 795      7220 436F 
 795      6465 2025 
 795      640D 0A20 
 798               	__c.4615:
 799 0089 1B5B 3331 		.string	"\033[31mHost Mode Error\r\n -- Error Code %d\r\n\033[37m"
 799      6D48 6F73 
 799      7420 4D6F 
 799      6465 2045 
 799      7272 6F72 
 802               	__c.4607:
 803 00b8 4D49 4449 		.string	"MIDI Device Enumerated.\r\n"
 803      2044 6576 
 803      6963 6520 
 803      456E 756D 
 803      6572 6174 
 806               	__c.4605:
 807 00d2 1B5B      		.ascii	"\033["
 808 00d4 3331 6D43 		.string	"31mControl Error (Set Configuration).\r\n -- Error Code: %d\r\n\033[37m"
 808      6F6E 7472 
 808      6F6C 2045 
 808      7272 6F72 
 808      2028 5365 
 811               	__c.4603:
 812 0115 202D 2D20 		.string	" -- Error Code: %d\r\n\033[37m"
 812      4572 726F 
 812      7220 436F 
 812      6465 3A20 
 812      2564 0D0A 
 815               	__c.4601:
 816 012f 1B5B 3331 		.string	"\033[31mInvalid Device.\r\n"
 816      6D49 6E76 
 816      616C 6964 
 816      2044 6576 
 816      6963 652E 
 819               	__c.4599:
 820 0146 1B5B 3331 		.string	"\033[31mControl Error (Get Configuration).\r\n"
 820      6D43 6F6E 
 820      7472 6F6C 
 820      2045 7272 
 820      6F72 2028 
 823               	__c.4596:
 824 0170 4765 7474 		.string	"Getting Config Data.\r\n"
 824      696E 6720 
 824      436F 6E66 
 824      6967 2044 
 824      6174 612E 
 827               	__c.4591:
 828 0187 1B5B 3332 		.string	"\033[32m\r\nDevice Unattached.\r\n\033[37m"
 828      6D0D 0A44 
 828      6576 6963 
 828      6520 556E 
 828      6174 7461 
 831               	__c.4586:
 832 01a8 1B5B 3332 		.string	"\033[32mDevice Attached.\r\n\033[37m"
 832      6D44 6576 
 832      6963 6520 
 832      4174 7461 
 832      6368 6564 
 835               	__c.4573:
 836 01c5 1B5B 3336 		.string	"\033[36mMIDI Host Demo running.\r\n\033[37m"
 836      6D4D 4944 
 836      4920 486F 
 836      7374 2044 
 836      656D 6F20 
 917               	.Letext0:
DEFINED SYMBOLS
                            *ABS*:00000000 MIDIHost.c
     /tmp/ccri9cHx.s:2      *ABS*:0000003f __SREG__
     /tmp/ccri9cHx.s:3      *ABS*:0000003e __SP_H__
     /tmp/ccri9cHx.s:4      *ABS*:0000003d __SP_L__
     /tmp/ccri9cHx.s:5      *ABS*:00000034 __CCP__
     /tmp/ccri9cHx.s:6      *ABS*:00000000 __tmp_reg__
     /tmp/ccri9cHx.s:7      *ABS*:00000001 __zero_reg__
     /tmp/ccri9cHx.s:19     .text.EVENT_USB_Host_DeviceEnumerationFailed:00000000 EVENT_USB_Host_DeviceEnumerationFailed
     /tmp/ccri9cHx.s:793    .progmem.data:00000033 __c.4623
     /tmp/ccri9cHx.s:86     .text.MIDIHost_Task:00000000 MIDIHost_Task
     /tmp/ccri9cHx.s:789    .progmem.data:00000000 __c.4635
                             .bss:00000000 PrevJoystickStatus.4639
     /tmp/ccri9cHx.s:392    .text.EVENT_USB_Host_HostError:00000000 EVENT_USB_Host_HostError
     /tmp/ccri9cHx.s:798    .progmem.data:00000089 __c.4615
     /tmp/ccri9cHx.s:440    .text.EVENT_USB_Host_DeviceUnattached:00000000 EVENT_USB_Host_DeviceUnattached
     /tmp/ccri9cHx.s:827    .progmem.data:00000187 __c.4591
     /tmp/ccri9cHx.s:466    .text.EVENT_USB_Host_DeviceAttached:00000000 EVENT_USB_Host_DeviceAttached
     /tmp/ccri9cHx.s:831    .progmem.data:000001a8 __c.4586
     /tmp/ccri9cHx.s:492    .text.EVENT_USB_Host_DeviceEnumerationComplete:00000000 EVENT_USB_Host_DeviceEnumerationComplete
     /tmp/ccri9cHx.s:823    .progmem.data:00000170 __c.4596
     /tmp/ccri9cHx.s:819    .progmem.data:00000146 __c.4599
     /tmp/ccri9cHx.s:815    .progmem.data:0000012f __c.4601
     /tmp/ccri9cHx.s:811    .progmem.data:00000115 __c.4603
     /tmp/ccri9cHx.s:806    .progmem.data:000000d2 __c.4605
     /tmp/ccri9cHx.s:802    .progmem.data:000000b8 __c.4607
     /tmp/ccri9cHx.s:616    .text.SetupHardware:00000000 SetupHardware
     /tmp/ccri9cHx.s:751    .text.main:00000000 main
     /tmp/ccri9cHx.s:835    .progmem.data:000001c5 __c.4573

UNDEFINED SYMBOLS
USB_HostState
printf_P
Pipe_Read_Stream_LE
Pipe_Write_Stream_LE
USB_Disable
puts_P
ProcessConfigurationDescriptor
USB_Host_SetDeviceConfiguration
USB_Init
USARTSerialStream
__iob
Serial_putchar
Serial_getchar
USB_USBTask
__do_copy_data
__do_clear_bss
