   1               		.file	"DualVirtualSerial.c"
   2               	__SREG__ = 0x3f
   3               	__SP_H__ = 0x3e
   4               	__SP_L__ = 0x3d
   5               	__CCP__  = 0x34
   6               	__tmp_reg__ = 0
   7               	__zero_reg__ = 1
  15               	.Ltext0:
  16               		.section	.text.EVENT_USB_Device_Connect,"ax",@progbits
  17               	.global	EVENT_USB_Device_Connect
  19               	EVENT_USB_Device_Connect:
  20               	.LFB109:
  21               	.LSM0:
  22               	/* prologue: function */
  23               	/* frame size = 0 */
  24               	.LBB19:
  25               	.LBB20:
  26               	.LSM1:
  27 0000 8BB1      		in r24,43-32
  28 0002 8F70      		andi r24,lo8(15)
  29 0004 806A      		ori r24,lo8(-96)
  30 0006 8BB9      		out 43-32,r24
  31               	/* epilogue start */
  32               	.LBE20:
  33               	.LBE19:
  34               	.LSM2:
  35 0008 0895      		ret
  36               	.LFE109:
  38               		.section	.text.EVENT_USB_Device_Disconnect,"ax",@progbits
  39               	.global	EVENT_USB_Device_Disconnect
  41               	EVENT_USB_Device_Disconnect:
  42               	.LFB110:
  43               	.LSM3:
  44               	/* prologue: function */
  45               	/* frame size = 0 */
  46               	.LBB21:
  47               	.LBB22:
  48               	.LSM4:
  49 0000 8BB1      		in r24,43-32
  50 0002 8F70      		andi r24,lo8(15)
  51 0004 8061      		ori r24,lo8(16)
  52 0006 8BB9      		out 43-32,r24
  53               	/* epilogue start */
  54               	.LBE22:
  55               	.LBE21:
  56               	.LSM5:
  57 0008 0895      		ret
  58               	.LFE110:
  60               		.section	.text.EVENT_USB_Device_ControlRequest,"ax",@progbits
  61               	.global	EVENT_USB_Device_ControlRequest
  63               	EVENT_USB_Device_ControlRequest:
  64               	.LFB112:
  65               	.LSM6:
  66               	/* prologue: function */
  67               	/* frame size = 0 */
  68               	.LSM7:
  69 0000 80E0      		ldi r24,lo8(VirtualSerial1_CDC_Interface)
  70 0002 90E0      		ldi r25,hi8(VirtualSerial1_CDC_Interface)
  71 0004 0E94 0000 		call CDC_Device_ProcessControlRequest
  72               	.LSM8:
  73 0008 80E0      		ldi r24,lo8(VirtualSerial2_CDC_Interface)
  74 000a 90E0      		ldi r25,hi8(VirtualSerial2_CDC_Interface)
  75 000c 0E94 0000 		call CDC_Device_ProcessControlRequest
  76               	/* epilogue start */
  77               	.LSM9:
  78 0010 0895      		ret
  79               	.LFE112:
  81               		.section	.text.EVENT_USB_Device_ConfigurationChanged,"ax",@progbits
  82               	.global	EVENT_USB_Device_ConfigurationChanged
  84               	EVENT_USB_Device_ConfigurationChanged:
  85               	.LFB111:
  86               	.LSM10:
  87 0000 0F93      		push r16
  88 0002 1F93      		push r17
  89               	/* prologue: function */
  90               	/* frame size = 0 */
  91               	.LSM11:
  92 0004 80E0      		ldi r24,lo8(VirtualSerial1_CDC_Interface)
  93 0006 90E0      		ldi r25,hi8(VirtualSerial1_CDC_Interface)
  94 0008 0E94 0000 		call CDC_Device_ConfigureEndpoints
  95 000c 082F      		mov r16,r24
  96               	.LSM12:
  97 000e 80E0      		ldi r24,lo8(VirtualSerial2_CDC_Interface)
  98 0010 90E0      		ldi r25,hi8(VirtualSerial2_CDC_Interface)
  99 0012 0E94 0000 		call CDC_Device_ConfigureEndpoints
 100               	.LSM13:
 101 0016 10E0      		ldi r17,lo8(0)
 102 0018 90E0      		ldi r25,lo8(0)
 103 001a 0823      		and r16,r24
 104 001c 1923      		and r17,r25
 105 001e 00FF      		sbrs r16,0
 106 0020 00C0      		rjmp .L8
 107 0022 90E6      		ldi r25,lo8(96)
 108 0024 00C0      		rjmp .L9
 109               	.L8:
 110 0026 90E9      		ldi r25,lo8(-112)
 111               	.L9:
 112               	.LBB23:
 113               	.LBB24:
 114               	.LSM14:
 115 0028 8BB1      		in r24,43-32
 116 002a 8F70      		andi r24,lo8(15)
 117 002c 982B      		or r25,r24
 118 002e 9BB9      		out 43-32,r25
 119               	/* epilogue start */
 120               	.LBE24:
 121               	.LBE23:
 122               	.LSM15:
 123 0030 1F91      		pop r17
 124 0032 0F91      		pop r16
 125 0034 0895      		ret
 126               	.LFE111:
 128               		.data
 129               	.LC0:
 130 0000 4A6F 7973 		.string	"Joystick Down\r\n"
 130      7469 636B 
 130      2044 6F77 
 130      6E0D 0A00 
 131               	.LC1:
 132 0010 4A6F 7973 		.string	"Joystick Left\r\n"
 132      7469 636B 
 132      204C 6566 
 132      740D 0A00 
 133               	.LC2:
 134 0020 4A6F 7973 		.string	"Joystick Right\r\n"
 134      7469 636B 
 134      2052 6967 
 134      6874 0D0A 
 134      00
 135               	.LC3:
 136 0031 4A6F 7973 		.string	"Joystick Pressed\r\n"
 136      7469 636B 
 136      2050 7265 
 136      7373 6564 
 136      0D0A 00
 137               	.LC4:
 138 0044 4A6F 7973 		.string	"Joystick Up\r\n"
 138      7469 636B 
 138      2055 700D 
 138      0A00 
 139               		.section	.text.CheckJoystickMovement,"ax",@progbits
 140               	.global	CheckJoystickMovement
 142               	CheckJoystickMovement:
 143               	.LFB108:
 144               	.LSM16:
 145               	/* prologue: function */
 146               	/* frame size = 0 */
 147               	.LBB25:
 148               	.LBB26:
 149               	.LSM17:
 150 0000 23B1      		in r18,35-32
 151 0002 8CB1      		in r24,44-32
 152 0004 8095      		com r24
 153 0006 90E0      		ldi r25,lo8(0)
 154 0008 8073      		andi r24,lo8(48)
 155 000a 9070      		andi r25,hi8(48)
 156 000c 9595      		asr r25
 157 000e 8795      		ror r24
 158 0010 2095      		com r18
 159 0012 207E      		andi r18,lo8(-32)
 160 0014 282B      		or r18,r24
 161               	.LBE26:
 162               	.LBE25:
 163               	.LSM18:
 164 0016 27FD      		sbrc r18,7
 165 0018 00C0      		rjmp .L12
 166               	.LSM19:
 167 001a 24FF      		sbrs r18,4
 168 001c 00C0      		rjmp .L13
 169 001e 60E0      		ldi r22,lo8(.LC0)
 170 0020 70E0      		ldi r23,hi8(.LC0)
 171               	.LVL0:
 172 0022 00C0      		rjmp .L14
 173               	.LVL1:
 174               	.L13:
 175               	.LSM20:
 176 0024 26FF      		sbrs r18,6
 177 0026 00C0      		rjmp .L15
 178 0028 60E0      		ldi r22,lo8(.LC1)
 179 002a 70E0      		ldi r23,hi8(.LC1)
 180               	.LVL2:
 181 002c 00C0      		rjmp .L14
 182               	.LVL3:
 183               	.L15:
 184               	.LSM21:
 185 002e 23FF      		sbrs r18,3
 186 0030 00C0      		rjmp .L16
 187 0032 60E0      		ldi r22,lo8(.LC2)
 188 0034 70E0      		ldi r23,hi8(.LC2)
 189               	.LVL4:
 190 0036 00C0      		rjmp .L14
 191               	.LVL5:
 192               	.L16:
 193               	.LSM22:
 194 0038 25FF      		sbrs r18,5
 195 003a 00C0      		rjmp .L17
 196 003c 60E0      		ldi r22,lo8(.LC3)
 197 003e 70E0      		ldi r23,hi8(.LC3)
 198               	.LVL6:
 199 0040 00C0      		rjmp .L14
 200               	.LVL7:
 201               	.L17:
 202               	.LSM23:
 203 0042 1092 0000 		sts ActionSent.3990,__zero_reg__
 204 0046 0895      		ret
 205               	.L12:
 206 0048 60E0      		ldi r22,lo8(.LC4)
 207 004a 70E0      		ldi r23,hi8(.LC4)
 208               	.LVL8:
 209               	.L14:
 210               	.LSM24:
 211 004c 8091 0000 		lds r24,ActionSent.3990
 212 0050 8823      		tst r24
 213 0052 01F4      		brne .L19
 214               	.LSM25:
 215 0054 81E0      		ldi r24,lo8(1)
 216 0056 8093 0000 		sts ActionSent.3990,r24
 217               	.LSM26:
 218 005a 80E0      		ldi r24,lo8(VirtualSerial1_CDC_Interface)
 219 005c 90E0      		ldi r25,hi8(VirtualSerial1_CDC_Interface)
 220 005e 0E94 0000 		call CDC_Device_SendString
 221               	.LVL9:
 222               	.L19:
 223 0062 0895      		ret
 224               	.LFE108:
 226               		.section	.text.SetupHardware,"ax",@progbits
 227               	.global	SetupHardware
 229               	SetupHardware:
 230               	.LFB107:
 231               	.LSM27:
 232               	/* prologue: function */
 233               	/* frame size = 0 */
 234               	.LSM28:
 235 0000 84B7      		in r24,84-32
 236 0002 877F      		andi r24,lo8(-9)
 237 0004 84BF      		out 84-32,r24
 238               	.LSM29:
 239 0006 88E1      		ldi r24,lo8(24)
 240               	/* #APP */
 241               	 ;  123 "DualVirtualSerial.c" 1
 242 0008 0FB6      		in __tmp_reg__, __SREG__
 243 000a F894      		cli
 244 000c 8093 6000 		sts 96, r24
 245 0010 1092 6000 		sts 96, __zero_reg__
 246 0014 0FBE      		out __SREG__,__tmp_reg__
 247               		
 248               	 ;  0 "" 2
 249               	/* #NOAPP */
 250               	.LBB27:
 251               	.LBB28:
 252               	.LSM30:
 253 0016 90E0      		ldi r25,lo8(0)
 254 0018 80E8      		ldi r24,lo8(-128)
 255               	/* #APP */
 256               	 ;  1394 "/usr/lib/gcc/avr/4.3.5/../../../avr/include/avr/power.h" 1
 257 001a 0FB6      		in __tmp_reg__,__SREG__
 258 001c F894      		cli
 259 001e 8093 6100 		sts 97, r24
 260 0022 9093 6100 		sts 97, r25
 261 0026 0FBE      		out __SREG__, __tmp_reg__
 262               	 ;  0 "" 2
 263               	/* #NOAPP */
 264               	.LBE28:
 265               	.LBE27:
 266               	.LBB29:
 267               	.LBB30:
 268               	.LSM31:
 269 0028 84B1      		in r24,36-32
 270 002a 8F71      		andi r24,lo8(31)
 271 002c 84B9      		out 36-32,r24
 272               	.LSM32:
 273 002e 8DB1      		in r24,45-32
 274 0030 8F7C      		andi r24,lo8(-49)
 275 0032 8DB9      		out 45-32,r24
 276               	.LSM33:
 277 0034 85B1      		in r24,37-32
 278 0036 806E      		ori r24,lo8(-32)
 279 0038 85B9      		out 37-32,r24
 280               	.LSM34:
 281 003a 8EB1      		in r24,46-32
 282 003c 8063      		ori r24,lo8(48)
 283 003e 8EB9      		out 46-32,r24
 284               	.LBE30:
 285               	.LBE29:
 286               	.LBB31:
 287               	.LBB32:
 288               	.LSM35:
 289 0040 8AB1      		in r24,42-32
 290 0042 806F      		ori r24,lo8(-16)
 291 0044 8AB9      		out 42-32,r24
 292               	.LSM36:
 293 0046 8BB1      		in r24,43-32
 294 0048 8F70      		andi r24,lo8(15)
 295 004a 8BB9      		out 43-32,r24
 296               	.LBE32:
 297               	.LBE31:
 298               	.LSM37:
 299 004c 0E94 0000 		call USB_Init
 300               	/* epilogue start */
 301               	.LSM38:
 302 0050 0895      		ret
 303               	.LFE107:
 305               		.section	.text.main,"ax",@progbits
 306               	.global	main
 308               	main:
 309               	.LFB106:
 310               	.LSM39:
 311               	/* prologue: function */
 312               	/* frame size = 0 */
 313               	.LSM40:
 314 0000 0E94 0000 		call SetupHardware
 315               	.LBB33:
 316               	.LBB34:
 317               	.LSM41:
 318 0004 8BB1      		in r24,43-32
 319 0006 8F70      		andi r24,lo8(15)
 320 0008 8061      		ori r24,lo8(16)
 321 000a 8BB9      		out 43-32,r24
 322               	.LBE34:
 323               	.LBE33:
 324               	.LSM42:
 325               	/* #APP */
 326               	 ;  98 "DualVirtualSerial.c" 1
 327 000c 7894      		sei
 328               	 ;  0 "" 2
 329               	/* #NOAPP */
 330               	.L24:
 331               	.LBB35:
 332               	.LSM43:
 333 000e 0E94 0000 		call CheckJoystickMovement
 334               	.LSM44:
 335 0012 80E0      		ldi r24,lo8(VirtualSerial1_CDC_Interface)
 336 0014 90E0      		ldi r25,hi8(VirtualSerial1_CDC_Interface)
 337 0016 0E94 0000 		call CDC_Device_ReceiveByte
 338               	.LSM45:
 339 001a 80E0      		ldi r24,lo8(VirtualSerial2_CDC_Interface)
 340 001c 90E0      		ldi r25,hi8(VirtualSerial2_CDC_Interface)
 341 001e 0E94 0000 		call CDC_Device_ReceiveByte
 342 0022 BC01      		movw r22,r24
 343               	.LVL10:
 344               	.LSM46:
 345 0024 97FD      		sbrc r25,7
 346 0026 00C0      		rjmp .L23
 347               	.LVL11:
 348               	.LSM47:
 349 0028 80E0      		ldi r24,lo8(VirtualSerial2_CDC_Interface)
 350 002a 90E0      		ldi r25,hi8(VirtualSerial2_CDC_Interface)
 351               	.LVL12:
 352 002c 0E94 0000 		call CDC_Device_SendByte
 353               	.LVL13:
 354               	.L23:
 355               	.LSM48:
 356 0030 80E0      		ldi r24,lo8(VirtualSerial1_CDC_Interface)
 357 0032 90E0      		ldi r25,hi8(VirtualSerial1_CDC_Interface)
 358               	.LVL14:
 359 0034 0E94 0000 		call CDC_Device_USBTask
 360               	.LVL15:
 361               	.LSM49:
 362 0038 80E0      		ldi r24,lo8(VirtualSerial2_CDC_Interface)
 363 003a 90E0      		ldi r25,hi8(VirtualSerial2_CDC_Interface)
 364 003c 0E94 0000 		call CDC_Device_USBTask
 365               	.LSM50:
 366 0040 0E94 0000 		call USB_USBTask
 367 0044 00C0      		rjmp .L24
 368               	.LBE35:
 369               	.LFE106:
 371               	.global	VirtualSerial1_CDC_Interface
 372               		.data
 375               	VirtualSerial1_CDC_Interface:
 376 0052 00        		.byte	0
 377 0053 01        		.byte	1
 378 0054 1000      		.word	16
 379 0056 00        		.byte	0
 380 0057 02        		.byte	2
 381 0058 1000      		.word	16
 382 005a 00        		.byte	0
 383 005b 03        		.byte	3
 384 005c 0800      		.word	8
 385 005e 00        		.byte	0
 386 005f 0000 0000 		.skip 9,0
 386      0000 0000 
 386      00
 387               	.global	VirtualSerial2_CDC_Interface
 390               	VirtualSerial2_CDC_Interface:
 391 0068 02        		.byte	2
 392 0069 04        		.byte	4
 393 006a 1000      		.word	16
 394 006c 00        		.byte	0
 395 006d 05        		.byte	5
 396 006e 1000      		.word	16
 397 0070 00        		.byte	0
 398 0071 06        		.byte	6
 399 0072 0800      		.word	8
 400 0074 00        		.byte	0
 401 0075 0000 0000 		.skip 9,0
 401      0000 0000 
 401      00
 402               		.lcomm ActionSent.3990,1
 475               	.Letext0:
DEFINED SYMBOLS
                            *ABS*:00000000 DualVirtualSerial.c
     /tmp/ccYVLom8.s:2      *ABS*:0000003f __SREG__
     /tmp/ccYVLom8.s:3      *ABS*:0000003e __SP_H__
     /tmp/ccYVLom8.s:4      *ABS*:0000003d __SP_L__
     /tmp/ccYVLom8.s:5      *ABS*:00000034 __CCP__
     /tmp/ccYVLom8.s:6      *ABS*:00000000 __tmp_reg__
     /tmp/ccYVLom8.s:7      *ABS*:00000001 __zero_reg__
     /tmp/ccYVLom8.s:19     .text.EVENT_USB_Device_Connect:00000000 EVENT_USB_Device_Connect
     /tmp/ccYVLom8.s:41     .text.EVENT_USB_Device_Disconnect:00000000 EVENT_USB_Device_Disconnect
     /tmp/ccYVLom8.s:63     .text.EVENT_USB_Device_ControlRequest:00000000 EVENT_USB_Device_ControlRequest
     /tmp/ccYVLom8.s:375    .data:00000052 VirtualSerial1_CDC_Interface
     /tmp/ccYVLom8.s:390    .data:00000068 VirtualSerial2_CDC_Interface
     /tmp/ccYVLom8.s:84     .text.EVENT_USB_Device_ConfigurationChanged:00000000 EVENT_USB_Device_ConfigurationChanged
     /tmp/ccYVLom8.s:142    .text.CheckJoystickMovement:00000000 CheckJoystickMovement
                             .bss:00000000 ActionSent.3990
     /tmp/ccYVLom8.s:229    .text.SetupHardware:00000000 SetupHardware
     /tmp/ccYVLom8.s:308    .text.main:00000000 main

UNDEFINED SYMBOLS
CDC_Device_ProcessControlRequest
CDC_Device_ConfigureEndpoints
CDC_Device_SendString
USB_Init
CDC_Device_ReceiveByte
CDC_Device_SendByte
CDC_Device_USBTask
USB_USBTask
__do_copy_data
__do_clear_bss
