   1               		.file	"DataflashManager.c"
   2               	__SREG__ = 0x3f
   3               	__SP_H__ = 0x3e
   4               	__SP_L__ = 0x3d
   5               	__CCP__  = 0x34
   6               	__tmp_reg__ = 0
   7               	__zero_reg__ = 1
  15               	.Ltext0:
  16               		.section	.text.Dataflash_SelectChipFromPage,"ax",@progbits
  18               	Dataflash_SelectChipFromPage:
  19               	.LFB200:
  20               	.LSM0:
  21               	.LVL0:
  22               	/* prologue: function */
  23               	/* frame size = 0 */
  24 0000 9C01      		movw r18,r24
  25               	.LBB498:
  26               	.LBB499:
  27               	.LBB500:
  28               	.LBB501:
  29               	.LSM1:
  30 0002 8EB1      		in r24,46-32
  31               	.LVL1:
  32 0004 8360      		ori r24,lo8(3)
  33 0006 8EB9      		out 46-32,r24
  34               	.LBE501:
  35               	.LBE500:
  36               	.LBE499:
  37               	.LBE498:
  38               	.LSM2:
  39 0008 80E4      		ldi r24,hi8(16384)
  40 000a 2030      		cpi r18,lo8(16384)
  41 000c 3807      		cpc r19,r24
  42 000e 00F4      		brsh .L4
  43               	.LSM3:
  44 0010 20FF      		sbrs r18,0
  45 0012 00C0      		rjmp .L3
  46               	.LBB502:
  47               	.LBB503:
  48               	.LSM4:
  49 0014 8EB1      		in r24,46-32
  50 0016 8C7F      		andi r24,lo8(-4)
  51 0018 8160      		ori r24,lo8(1)
  52 001a 8EB9      		out 46-32,r24
  53 001c 0895      		ret
  54               	.L3:
  55               	.LBE503:
  56               	.LBE502:
  57               	.LBB504:
  58               	.LBB505:
  59 001e 8EB1      		in r24,46-32
  60 0020 8C7F      		andi r24,lo8(-4)
  61 0022 8260      		ori r24,lo8(2)
  62 0024 8EB9      		out 46-32,r24
  63               	.L4:
  64 0026 0895      		ret
  65               	.LBE505:
  66               	.LBE504:
  67               	.LFE200:
  69               		.section	.text.Dataflash_ToggleSelectedChipCS,"ax",@progbits
  71               	Dataflash_ToggleSelectedChipCS:
  72               	.LFB201:
  73               	.LSM5:
  74               	/* prologue: function */
  75               	/* frame size = 0 */
  76               	.LBB506:
  77               	.LBB507:
  78               	.LSM6:
  79 0000 8EB1      		in r24,46-32
  80               	.LBE507:
  81               	.LBE506:
  82               	.LBB508:
  83               	.LBB509:
  84               	.LBB510:
  85               	.LBB511:
  86               	.LSM7:
  87 0002 9EB1      		in r25,46-32
  88 0004 9360      		ori r25,lo8(3)
  89 0006 9EB9      		out 46-32,r25
  90               	.LBE511:
  91               	.LBE510:
  92               	.LBE509:
  93               	.LBE508:
  94               	.LBB512:
  95               	.LBB513:
  96 0008 9EB1      		in r25,46-32
  97 000a 8370      		andi r24,lo8(3)
  98 000c 9C7F      		andi r25,lo8(-4)
  99 000e 892B      		or r24,r25
 100 0010 8EB9      		out 46-32,r24
 101               	/* epilogue start */
 102               	.LBE513:
 103               	.LBE512:
 104               	.LSM8:
 105 0012 0895      		ret
 106               	.LFE201:
 108               		.section	.text.Dataflash_WaitWhileBusy,"ax",@progbits
 110               	Dataflash_WaitWhileBusy:
 111               	.LFB202:
 112               	.LSM9:
 113               	/* prologue: function */
 114               	/* frame size = 0 */
 115               	.LSM10:
 116 0000 0E94 0000 		call Dataflash_ToggleSelectedChipCS
 117               	.LBB514:
 118               	.LBB515:
 119               	.LBB516:
 120               	.LBB517:
 121               	.LSM11:
 122 0004 87ED      		ldi r24,lo8(-41)
 123 0006 8EBD      		out 78-32,r24
 124               	.L8:
 125               	.LSM12:
 126 0008 0DB4      		in __tmp_reg__,77-32
 127 000a 07FE      		sbrs __tmp_reg__,7
 128 000c 00C0      		rjmp .L8
 129               	.L12:
 130               	.LBE517:
 131               	.LBE516:
 132               	.LBE515:
 133               	.LBE514:
 134               	.LBB518:
 135               	.LBB519:
 136               	.LBB520:
 137               	.LBB521:
 138               	.LSM13:
 139 000e 1EBC      		out 78-32,__zero_reg__
 140               	.L9:
 141               	.LSM14:
 142 0010 0DB4      		in __tmp_reg__,77-32
 143 0012 07FE      		sbrs __tmp_reg__,7
 144 0014 00C0      		rjmp .L9
 145               	.LBE521:
 146               	.LBE520:
 147               	.LBE519:
 148               	.LBE518:
 149               	.LSM15:
 150 0016 0EB4      		in __tmp_reg__,78-32
 151 0018 07FE      		sbrs __tmp_reg__,7
 152 001a 00C0      		rjmp .L12
 153               	.LSM16:
 154 001c 0E94 0000 		call Dataflash_ToggleSelectedChipCS
 155               	/* epilogue start */
 156               	.LSM17:
 157 0020 0895      		ret
 158               	.LFE202:
 160               		.section	.text.Dataflash_SendAddressBytes,"ax",@progbits
 162               	Dataflash_SendAddressBytes:
 163               	.LFB203:
 164               	.LSM18:
 165               	.LVL2:
 166               	/* prologue: function */
 167               	/* frame size = 0 */
 168               	.LSM19:
 169 0000 AC01      		movw r20,r24
 170 0002 5695      		lsr r21
 171 0004 4795      		ror r20
 172               	.LVL3:
 173               	.LSM20:
 174 0006 26E0      		ldi r18,6
 175 0008 9695      	1:	lsr r25
 176 000a 8795      		ror r24
 177 000c 2A95      		dec r18
 178 000e 01F4      		brne 1b
 179               	.LVL4:
 180               	.LBB522:
 181               	.LBB523:
 182               	.LBB524:
 183               	.LBB525:
 184               	.LSM21:
 185 0010 8EBD      		out 78-32,r24
 186               	.L17:
 187               	.LSM22:
 188 0012 0DB4      		in __tmp_reg__,77-32
 189 0014 07FE      		sbrs __tmp_reg__,7
 190 0016 00C0      		rjmp .L17
 191               	.LBE525:
 192               	.LBE524:
 193               	.LBE523:
 194               	.LBE522:
 195               	.LSM23:
 196 0018 272F      		mov r18,r23
 197 001a 3327      		clr r19
 198               	.LVL5:
 199 001c 842F      		mov r24,r20
 200 001e 880F      		lsl r24
 201 0020 880F      		lsl r24
 202 0022 880F      		lsl r24
 203 0024 822B      		or r24,r18
 204               	.LBB526:
 205               	.LBB527:
 206               	.LBB528:
 207               	.LBB529:
 208               	.LSM24:
 209 0026 8EBD      		out 78-32,r24
 210               	.L18:
 211               	.LSM25:
 212 0028 0DB4      		in __tmp_reg__,77-32
 213 002a 07FE      		sbrs __tmp_reg__,7
 214 002c 00C0      		rjmp .L18
 215               	.LBE529:
 216               	.LBE528:
 217               	.LBE527:
 218               	.LBE526:
 219               	.LBB530:
 220               	.LBB531:
 221               	.LBB532:
 222               	.LBB533:
 223               	.LSM26:
 224 002e 6EBD      		out 78-32,r22
 225               	.L19:
 226               	.LSM27:
 227 0030 0DB4      		in __tmp_reg__,77-32
 228 0032 07FE      		sbrs __tmp_reg__,7
 229 0034 00C0      		rjmp .L19
 230               	/* epilogue start */
 231               	.LBE533:
 232               	.LBE532:
 233               	.LBE531:
 234               	.LBE530:
 235               	.LSM28:
 236 0036 0895      		ret
 237               	.LFE203:
 239               		.section	.text.DataflashManager_WriteBlocks_RAM,"ax",@progbits
 240               	.global	DataflashManager_WriteBlocks_RAM
 242               	DataflashManager_WriteBlocks_RAM:
 243               	.LFB206:
 244               	.LSM29:
 245               	.LVL6:
 246 0000 6F92      		push r6
 247 0002 7F92      		push r7
 248 0004 8F92      		push r8
 249 0006 9F92      		push r9
 250 0008 AF92      		push r10
 251 000a BF92      		push r11
 252 000c CF92      		push r12
 253 000e DF92      		push r13
 254 0010 EF92      		push r14
 255 0012 FF92      		push r15
 256 0014 0F93      		push r16
 257 0016 1F93      		push r17
 258 0018 CF93      		push r28
 259 001a DF93      		push r29
 260               	/* prologue: function */
 261               	/* frame size = 0 */
 262 001c 5A01      		movw r10,r20
 263 001e 4901      		movw r8,r18
 264               	.LSM30:
 265 0020 F9E0      		ldi r31,9
 266 0022 660F      	1:	lsl r22
 267 0024 771F      		rol r23
 268 0026 881F      		rol r24
 269 0028 991F      		rol r25
 270 002a FA95      		dec r31
 271 002c 01F4      		brne 1b
 272               	.LVL7:
 273 002e 9B01      		movw r18,r22
 274 0030 AC01      		movw r20,r24
 275               	.LVL8:
 276 0032 EAE0      		ldi r30,10
 277 0034 5695      	1:	lsr r21
 278 0036 4795      		ror r20
 279 0038 3795      		ror r19
 280 003a 2795      		ror r18
 281 003c EA95      		dec r30
 282 003e 01F4      		brne 1b
 283 0040 E901      		movw r28,r18
 284               	.LVL9:
 285               	.LSM31:
 286 0042 8B01      		movw r16,r22
 287               	.LVL10:
 288 0044 1370      		andi r17,hi8(1023)
 289               	.LSM32:
 290 0046 C901      		movw r24,r18
 291 0048 0E94 0000 		call Dataflash_SelectChipFromPage
 292               	.LVL11:
 293               	.LBB534:
 294               	.LBB535:
 295               	.LBB536:
 296               	.LBB537:
 297               	.LSM33:
 298 004c 83E5      		ldi r24,lo8(83)
 299 004e 8EBD      		out 78-32,r24
 300               	.L25:
 301               	.LSM34:
 302 0050 0DB4      		in __tmp_reg__,77-32
 303 0052 07FE      		sbrs __tmp_reg__,7
 304 0054 00C0      		rjmp .L25
 305               	.LBE537:
 306               	.LBE536:
 307               	.LBE535:
 308               	.LBE534:
 309               	.LSM35:
 310 0056 CE01      		movw r24,r28
 311 0058 60E0      		ldi r22,lo8(0)
 312 005a 70E0      		ldi r23,hi8(0)
 313 005c 0E94 0000 		call Dataflash_SendAddressBytes
 314               	.LSM36:
 315 0060 0E94 0000 		call Dataflash_WaitWhileBusy
 316               	.LBB538:
 317               	.LBB539:
 318               	.LBB540:
 319               	.LBB541:
 320               	.LSM37:
 321 0064 84E8      		ldi r24,lo8(-124)
 322 0066 8EBD      		out 78-32,r24
 323               	.L26:
 324               	.LSM38:
 325 0068 0DB4      		in __tmp_reg__,77-32
 326 006a 07FE      		sbrs __tmp_reg__,7
 327 006c 00C0      		rjmp .L26
 328               	.LBE541:
 329               	.LBE540:
 330               	.LBE539:
 331               	.LBE538:
 332               	.LSM39:
 333 006e C801      		movw r24,r16
 334 0070 64E0      		ldi r22,4
 335 0072 9695      	1:	lsr r25
 336 0074 8795      		ror r24
 337 0076 6A95      		dec r22
 338 0078 01F4      		brne 1b
 339 007a F82E      		mov r15,r24
 340               	.LVL12:
 341               	.LSM40:
 342 007c 80E0      		ldi r24,lo8(0)
 343 007e 90E0      		ldi r25,hi8(0)
 344 0080 B801      		movw r22,r16
 345 0082 0E94 0000 		call Dataflash_SendAddressBytes
 346 0086 6501      		movw r12,r10
 347 0088 55E0      		ldi r21,5
 348 008a CC0C      	1:	lsl r12
 349 008c DD1C      		rol r13
 350 008e 5A95      		dec r21
 351 0090 01F4      		brne 1b
 352 0092 EE24      		clr r14
 353               	.LVL13:
 354               	.LBB542:
 355               	.LBB543:
 356               	.LBB544:
 357               	.LBB545:
 358               	.LBB546:
 359               	.LSM41:
 360 0094 44E8      		ldi r20,lo8(-124)
 361 0096 642E      		mov r6,r20
 362 0098 00C0      		rjmp .L27
 363               	.LVL14:
 364               	.L41:
 365               	.LBE546:
 366               	.LBE545:
 367               	.LBE544:
 368               	.LBE543:
 369               	.LBE542:
 370               	.LSM42:
 371 009a 8401      		movw r16,r8
 372               	.LVL15:
 373 009c 7724      		clr r7
 374               	.LVL16:
 375               	.L40:
 376               	.LBB566:
 377               	.LSM43:
 378 009e 80E4      		ldi r24,lo8(64)
 379 00a0 F816      		cp r15,r24
 380 00a2 01F4      		brne .L28
 381               	.LSM44:
 382 00a4 0E94 0000 		call Dataflash_WaitWhileBusy
 383               	.LVL17:
 384               	.LSM45:
 385 00a8 EE20      		tst r14
 386 00aa 01F4      		brne .L29
 387 00ac 83E8      		ldi r24,lo8(-125)
 388 00ae 00C0      		rjmp .L30
 389               	.L29:
 390 00b0 86E8      		ldi r24,lo8(-122)
 391               	.L30:
 392               	.LBB550:
 393               	.LBB551:
 394               	.LBB552:
 395               	.LBB553:
 396               	.LSM46:
 397 00b2 8EBD      		out 78-32,r24
 398               	.L31:
 399               	.LSM47:
 400 00b4 0DB4      		in __tmp_reg__,77-32
 401 00b6 07FE      		sbrs __tmp_reg__,7
 402 00b8 00C0      		rjmp .L31
 403               	.LBE553:
 404               	.LBE552:
 405               	.LBE551:
 406               	.LBE550:
 407               	.LSM48:
 408 00ba CE01      		movw r24,r28
 409 00bc 60E0      		ldi r22,lo8(0)
 410 00be 70E0      		ldi r23,hi8(0)
 411 00c0 0E94 0000 		call Dataflash_SendAddressBytes
 412               	.LSM49:
 413 00c4 2196      		adiw r28,1
 414               	.LBB554:
 415               	.LBB555:
 416               	.LSM50:
 417 00c6 8EB1      		in r24,46-32
 418               	.LBE555:
 419               	.LBE554:
 420               	.LSM51:
 421 00c8 8370      		andi r24,lo8(3)
 422 00ca 8130      		cpi r24,lo8(1)
 423 00cc 01F4      		brne .L32
 424               	.LSM52:
 425 00ce E826      		eor r14,r24
 426               	.L32:
 427               	.LSM53:
 428 00d0 CE01      		movw r24,r28
 429 00d2 0E94 0000 		call Dataflash_SelectChipFromPage
 430               	.LSM54:
 431 00d6 90E4      		ldi r25,lo8(64)
 432 00d8 C916      		cp r12,r25
 433 00da D104      		cpc r13,__zero_reg__
 434 00dc 00F4      		brsh .L33
 435               	.LSM55:
 436 00de 0E94 0000 		call Dataflash_WaitWhileBusy
 437               	.LSM56:
 438 00e2 EE20      		tst r14
 439 00e4 01F4      		brne .L34
 440 00e6 83E5      		ldi r24,lo8(83)
 441 00e8 00C0      		rjmp .L35
 442               	.L34:
 443 00ea 85E5      		ldi r24,lo8(85)
 444               	.L35:
 445               	.LBB556:
 446               	.LBB557:
 447               	.LBB558:
 448               	.LBB559:
 449               	.LSM57:
 450 00ec 8EBD      		out 78-32,r24
 451               	.L36:
 452               	.LSM58:
 453 00ee 0DB4      		in __tmp_reg__,77-32
 454 00f0 07FE      		sbrs __tmp_reg__,7
 455 00f2 00C0      		rjmp .L36
 456               	.LBE559:
 457               	.LBE558:
 458               	.LBE557:
 459               	.LBE556:
 460               	.LSM59:
 461 00f4 CE01      		movw r24,r28
 462 00f6 60E0      		ldi r22,lo8(0)
 463 00f8 70E0      		ldi r23,hi8(0)
 464 00fa 0E94 0000 		call Dataflash_SendAddressBytes
 465               	.LSM60:
 466 00fe 0E94 0000 		call Dataflash_WaitWhileBusy
 467               	.L33:
 468               	.LSM61:
 469 0102 0E94 0000 		call Dataflash_ToggleSelectedChipCS
 470               	.LBB560:
 471               	.LBB549:
 472               	.LBB548:
 473               	.LBB547:
 474               	.LSM62:
 475 0106 6EBC      		out 78-32,r6
 476               	.L37:
 477               	.LSM63:
 478 0108 0DB4      		in __tmp_reg__,77-32
 479 010a 07FE      		sbrs __tmp_reg__,7
 480 010c 00C0      		rjmp .L37
 481               	.LBE547:
 482               	.LBE548:
 483               	.LBE549:
 484               	.LBE560:
 485               	.LSM64:
 486 010e 80E0      		ldi r24,lo8(0)
 487 0110 90E0      		ldi r25,hi8(0)
 488 0112 60E0      		ldi r22,lo8(0)
 489 0114 70E0      		ldi r23,hi8(0)
 490 0116 0E94 0000 		call Dataflash_SendAddressBytes
 491 011a FF24      		clr r15
 492               	.LVL18:
 493               	.L28:
 494 011c F801      		movw r30,r16
 495 011e 90E0      		ldi r25,lo8(0)
 496               	.LVL19:
 497               	.L39:
 498               	.LBB561:
 499               	.LSM65:
 500 0120 8191      		ld r24,Z+
 501               	.LBB562:
 502               	.LBB563:
 503               	.LBB564:
 504               	.LBB565:
 505               	.LSM66:
 506 0122 8EBD      		out 78-32,r24
 507               	.L38:
 508               	.LSM67:
 509 0124 0DB4      		in __tmp_reg__,77-32
 510 0126 07FE      		sbrs __tmp_reg__,7
 511 0128 00C0      		rjmp .L38
 512               	.LBE565:
 513               	.LBE564:
 514               	.LBE563:
 515               	.LBE562:
 516               	.LSM68:
 517 012a 9F5F      		subi r25,lo8(-(1))
 518 012c 9031      		cpi r25,lo8(16)
 519 012e 01F4      		brne .L39
 520 0130 005F      		subi r16,lo8(-(16))
 521 0132 1F4F      		sbci r17,hi8(-(16))
 522               	.LVL20:
 523               	.LBE561:
 524               	.LSM69:
 525 0134 F394      		inc r15
 526               	.LSM70:
 527 0136 7394      		inc r7
 528               	.LSM71:
 529 0138 80E2      		ldi r24,lo8(32)
 530 013a 7816      		cp r7,r24
 531 013c 01F0      		breq .+2
 532 013e 00C0      		rjmp .L40
 533 0140 80E0      		ldi r24,lo8(512)
 534 0142 92E0      		ldi r25,hi8(512)
 535 0144 880E      		add r8,r24
 536 0146 991E      		adc r9,r25
 537               	.LVL21:
 538               	.LSM72:
 539 0148 0894      		sec
 540 014a A108      		sbc r10,__zero_reg__
 541 014c B108      		sbc r11,__zero_reg__
 542 014e 80EE      		ldi r24,lo8(-32)
 543 0150 9FEF      		ldi r25,hi8(-32)
 544 0152 C80E      		add r12,r24
 545 0154 D91E      		adc r13,r25
 546               	.LVL22:
 547               	.L27:
 548               	.LBE566:
 549               	.LSM73:
 550 0156 A114      		cp r10,__zero_reg__
 551 0158 B104      		cpc r11,__zero_reg__
 552 015a 01F0      		breq .+2
 553 015c 00C0      		rjmp .L41
 554               	.LSM74:
 555 015e 0E94 0000 		call Dataflash_WaitWhileBusy
 556               	.LVL23:
 557               	.LSM75:
 558 0162 EE20      		tst r14
 559 0164 01F4      		brne .L42
 560 0166 83E8      		ldi r24,lo8(-125)
 561 0168 00C0      		rjmp .L43
 562               	.L42:
 563 016a 86E8      		ldi r24,lo8(-122)
 564               	.L43:
 565               	.LBB567:
 566               	.LBB568:
 567               	.LBB569:
 568               	.LBB570:
 569               	.LSM76:
 570 016c 8EBD      		out 78-32,r24
 571               	.L44:
 572               	.LSM77:
 573 016e 0DB4      		in __tmp_reg__,77-32
 574 0170 07FE      		sbrs __tmp_reg__,7
 575 0172 00C0      		rjmp .L44
 576               	.LBE570:
 577               	.LBE569:
 578               	.LBE568:
 579               	.LBE567:
 580               	.LSM78:
 581 0174 CE01      		movw r24,r28
 582 0176 60E0      		ldi r22,lo8(0)
 583 0178 70E0      		ldi r23,hi8(0)
 584 017a 0E94 0000 		call Dataflash_SendAddressBytes
 585               	.LSM79:
 586 017e 0E94 0000 		call Dataflash_WaitWhileBusy
 587               	.LBB571:
 588               	.LBB572:
 589               	.LBB573:
 590               	.LBB574:
 591               	.LSM80:
 592 0182 8EB1      		in r24,46-32
 593 0184 8360      		ori r24,lo8(3)
 594 0186 8EB9      		out 46-32,r24
 595               	/* epilogue start */
 596               	.LBE574:
 597               	.LBE573:
 598               	.LBE572:
 599               	.LBE571:
 600               	.LSM81:
 601 0188 DF91      		pop r29
 602 018a CF91      		pop r28
 603               	.LVL24:
 604 018c 1F91      		pop r17
 605 018e 0F91      		pop r16
 606               	.LVL25:
 607 0190 FF90      		pop r15
 608               	.LVL26:
 609 0192 EF90      		pop r14
 610               	.LVL27:
 611 0194 DF90      		pop r13
 612 0196 CF90      		pop r12
 613 0198 BF90      		pop r11
 614 019a AF90      		pop r10
 615               	.LVL28:
 616 019c 9F90      		pop r9
 617 019e 8F90      		pop r8
 618               	.LVL29:
 619 01a0 7F90      		pop r7
 620               	.LVL30:
 621 01a2 6F90      		pop r6
 622 01a4 0895      		ret
 623               	.LFE206:
 625               		.section	.text.DataflashManager_ReadBlocks_RAM,"ax",@progbits
 626               	.global	DataflashManager_ReadBlocks_RAM
 628               	DataflashManager_ReadBlocks_RAM:
 629               	.LFB207:
 630               	.LSM82:
 631               	.LVL31:
 632 0000 AF92      		push r10
 633 0002 BF92      		push r11
 634 0004 CF92      		push r12
 635 0006 DF92      		push r13
 636 0008 EF92      		push r14
 637 000a FF92      		push r15
 638 000c 0F93      		push r16
 639 000e 1F93      		push r17
 640 0010 CF93      		push r28
 641 0012 DF93      		push r29
 642               	/* prologue: function */
 643               	/* frame size = 0 */
 644 0014 6A01      		movw r12,r20
 645 0016 7901      		movw r14,r18
 646               	.LSM83:
 647 0018 09E0      		ldi r16,9
 648 001a 660F      	1:	lsl r22
 649 001c 771F      		rol r23
 650 001e 881F      		rol r24
 651 0020 991F      		rol r25
 652 0022 0A95      		dec r16
 653 0024 01F4      		brne 1b
 654               	.LVL32:
 655 0026 9B01      		movw r18,r22
 656 0028 AC01      		movw r20,r24
 657               	.LVL33:
 658 002a 1AE0      		ldi r17,10
 659 002c 5695      	1:	lsr r21
 660 002e 4795      		ror r20
 661 0030 3795      		ror r19
 662 0032 2795      		ror r18
 663 0034 1A95      		dec r17
 664 0036 01F4      		brne 1b
 665 0038 8901      		movw r16,r18
 666               	.LVL34:
 667               	.LSM84:
 668 003a EB01      		movw r28,r22
 669               	.LVL35:
 670 003c D370      		andi r29,hi8(1023)
 671               	.LSM85:
 672 003e C901      		movw r24,r18
 673 0040 0E94 0000 		call Dataflash_SelectChipFromPage
 674               	.LVL36:
 675               	.LBB575:
 676               	.LBB576:
 677               	.LBB577:
 678               	.LBB578:
 679               	.LSM86:
 680 0044 82ED      		ldi r24,lo8(-46)
 681 0046 8EBD      		out 78-32,r24
 682               	.L56:
 683               	.LSM87:
 684 0048 0DB4      		in __tmp_reg__,77-32
 685 004a 07FE      		sbrs __tmp_reg__,7
 686 004c 00C0      		rjmp .L56
 687               	.LBE578:
 688               	.LBE577:
 689               	.LBE576:
 690               	.LBE575:
 691               	.LSM88:
 692 004e C801      		movw r24,r16
 693 0050 BE01      		movw r22,r28
 694 0052 0E94 0000 		call Dataflash_SendAddressBytes
 695               	.LBB579:
 696               	.LBB580:
 697               	.LBB581:
 698               	.LBB582:
 699               	.LSM89:
 700 0056 1EBC      		out 78-32,__zero_reg__
 701               	.L57:
 702               	.LSM90:
 703 0058 0DB4      		in __tmp_reg__,77-32
 704 005a 07FE      		sbrs __tmp_reg__,7
 705 005c 00C0      		rjmp .L57
 706               	.LBE582:
 707               	.LBE581:
 708               	.LBE580:
 709               	.LBE579:
 710               	.LBB583:
 711               	.LBB584:
 712               	.LBB585:
 713               	.LBB586:
 714               	.LSM91:
 715 005e 1EBC      		out 78-32,__zero_reg__
 716               	.L58:
 717               	.LSM92:
 718 0060 0DB4      		in __tmp_reg__,77-32
 719 0062 07FE      		sbrs __tmp_reg__,7
 720 0064 00C0      		rjmp .L58
 721               	.LBE586:
 722               	.LBE585:
 723               	.LBE584:
 724               	.LBE583:
 725               	.LBB587:
 726               	.LBB588:
 727               	.LBB589:
 728               	.LBB590:
 729               	.LSM93:
 730 0066 1EBC      		out 78-32,__zero_reg__
 731               	.L59:
 732               	.LSM94:
 733 0068 0DB4      		in __tmp_reg__,77-32
 734 006a 07FE      		sbrs __tmp_reg__,7
 735 006c 00C0      		rjmp .L59
 736               	.LBE590:
 737               	.LBE589:
 738               	.LBE588:
 739               	.LBE587:
 740               	.LBB591:
 741               	.LBB592:
 742               	.LBB593:
 743               	.LBB594:
 744               	.LSM95:
 745 006e 1EBC      		out 78-32,__zero_reg__
 746               	.L60:
 747               	.LSM96:
 748 0070 0DB4      		in __tmp_reg__,77-32
 749 0072 07FE      		sbrs __tmp_reg__,7
 750 0074 00C0      		rjmp .L60
 751               	.LBE594:
 752               	.LBE593:
 753               	.LBE592:
 754               	.LBE591:
 755               	.LSM97:
 756 0076 B4E0      		ldi r27,4
 757 0078 D695      	1:	lsr r29
 758 007a C795      		ror r28
 759 007c BA95      		dec r27
 760 007e 01F4      		brne 1b
 761 0080 6C2F      		mov r22,r28
 762               	.LVL37:
 763               	.LBB595:
 764               	.LBB596:
 765               	.LBB597:
 766               	.LBB598:
 767               	.LBB599:
 768               	.LSM98:
 769 0082 A2ED      		ldi r26,lo8(-46)
 770 0084 AA2E      		mov r10,r26
 771 0086 00C0      		rjmp .L61
 772               	.LVL38:
 773               	.L71:
 774               	.LBE599:
 775               	.LBE598:
 776               	.LBE597:
 777               	.LBE596:
 778               	.LBE595:
 779               	.LSM99:
 780 0088 E701      		movw r28,r14
 781               	.LVL39:
 782 008a BB24      		clr r11
 783               	.LVL40:
 784               	.L70:
 785               	.LBB625:
 786               	.LSM100:
 787 008c 6034      		cpi r22,lo8(64)
 788 008e 01F4      		brne .L62
 789               	.LSM101:
 790 0090 0F5F      		subi r16,lo8(-(1))
 791 0092 1F4F      		sbci r17,hi8(-(1))
 792               	.LSM102:
 793 0094 C801      		movw r24,r16
 794 0096 0E94 0000 		call Dataflash_SelectChipFromPage
 795               	.LVL41:
 796               	.LBB603:
 797               	.LBB602:
 798               	.LBB601:
 799               	.LBB600:
 800               	.LSM103:
 801 009a AEBC      		out 78-32,r10
 802               	.L63:
 803               	.LSM104:
 804 009c 0DB4      		in __tmp_reg__,77-32
 805 009e 07FE      		sbrs __tmp_reg__,7
 806 00a0 00C0      		rjmp .L63
 807               	.LBE600:
 808               	.LBE601:
 809               	.LBE602:
 810               	.LBE603:
 811               	.LSM105:
 812 00a2 C801      		movw r24,r16
 813 00a4 60E0      		ldi r22,lo8(0)
 814 00a6 70E0      		ldi r23,hi8(0)
 815 00a8 0E94 0000 		call Dataflash_SendAddressBytes
 816               	.LBB604:
 817               	.LBB605:
 818               	.LBB606:
 819               	.LBB607:
 820               	.LSM106:
 821 00ac 1EBC      		out 78-32,__zero_reg__
 822               	.L64:
 823               	.LSM107:
 824 00ae 0DB4      		in __tmp_reg__,77-32
 825 00b0 07FE      		sbrs __tmp_reg__,7
 826 00b2 00C0      		rjmp .L64
 827               	.LBE607:
 828               	.LBE606:
 829               	.LBE605:
 830               	.LBE604:
 831               	.LBB608:
 832               	.LBB609:
 833               	.LBB610:
 834               	.LBB611:
 835               	.LSM108:
 836 00b4 1EBC      		out 78-32,__zero_reg__
 837               	.L65:
 838               	.LSM109:
 839 00b6 0DB4      		in __tmp_reg__,77-32
 840 00b8 07FE      		sbrs __tmp_reg__,7
 841 00ba 00C0      		rjmp .L65
 842               	.LBE611:
 843               	.LBE610:
 844               	.LBE609:
 845               	.LBE608:
 846               	.LBB612:
 847               	.LBB613:
 848               	.LBB614:
 849               	.LBB615:
 850               	.LSM110:
 851 00bc 1EBC      		out 78-32,__zero_reg__
 852               	.L66:
 853               	.LSM111:
 854 00be 0DB4      		in __tmp_reg__,77-32
 855 00c0 07FE      		sbrs __tmp_reg__,7
 856 00c2 00C0      		rjmp .L66
 857               	.LBE615:
 858               	.LBE614:
 859               	.LBE613:
 860               	.LBE612:
 861               	.LBB616:
 862               	.LBB617:
 863               	.LBB618:
 864               	.LBB619:
 865               	.LSM112:
 866 00c4 1EBC      		out 78-32,__zero_reg__
 867               	.L67:
 868               	.LSM113:
 869 00c6 0DB4      		in __tmp_reg__,77-32
 870 00c8 07FE      		sbrs __tmp_reg__,7
 871 00ca 00C0      		rjmp .L67
 872 00cc 60E0      		ldi r22,lo8(0)
 873               	.LVL42:
 874               	.L62:
 875 00ce FE01      		movw r30,r28
 876 00d0 90E0      		ldi r25,lo8(0)
 877               	.LVL43:
 878               	.L69:
 879               	.LBE619:
 880               	.LBE618:
 881               	.LBE617:
 882               	.LBE616:
 883               	.LBB620:
 884               	.LBB621:
 885               	.LBB622:
 886               	.LBB623:
 887               	.LBB624:
 888               	.LSM114:
 889 00d2 1EBC      		out 78-32,__zero_reg__
 890               	.L68:
 891               	.LSM115:
 892 00d4 0DB4      		in __tmp_reg__,77-32
 893 00d6 07FE      		sbrs __tmp_reg__,7
 894 00d8 00C0      		rjmp .L68
 895               	.LSM116:
 896 00da 8EB5      		in r24,78-32
 897               	.LBE624:
 898               	.LBE623:
 899               	.LBE622:
 900               	.LBE621:
 901               	.LSM117:
 902 00dc 8193      		st Z+,r24
 903               	.LSM118:
 904 00de 9F5F      		subi r25,lo8(-(1))
 905 00e0 9031      		cpi r25,lo8(16)
 906 00e2 01F4      		brne .L69
 907 00e4 6096      		adiw r28,16
 908               	.LVL44:
 909               	.LBE620:
 910               	.LSM119:
 911 00e6 6F5F      		subi r22,lo8(-(1))
 912               	.LSM120:
 913 00e8 B394      		inc r11
 914               	.LSM121:
 915 00ea 80E2      		ldi r24,lo8(32)
 916 00ec B816      		cp r11,r24
 917 00ee 01F4      		brne .L70
 918 00f0 80E0      		ldi r24,lo8(512)
 919 00f2 92E0      		ldi r25,hi8(512)
 920 00f4 E80E      		add r14,r24
 921 00f6 F91E      		adc r15,r25
 922               	.LVL45:
 923               	.LSM122:
 924 00f8 0894      		sec
 925 00fa C108      		sbc r12,__zero_reg__
 926 00fc D108      		sbc r13,__zero_reg__
 927               	.LVL46:
 928               	.L61:
 929               	.LBE625:
 930               	.LSM123:
 931 00fe C114      		cp r12,__zero_reg__
 932 0100 D104      		cpc r13,__zero_reg__
 933 0102 01F4      		brne .L71
 934               	.LBB626:
 935               	.LBB627:
 936               	.LBB628:
 937               	.LBB629:
 938               	.LSM124:
 939 0104 8EB1      		in r24,46-32
 940 0106 8360      		ori r24,lo8(3)
 941 0108 8EB9      		out 46-32,r24
 942               	/* epilogue start */
 943               	.LBE629:
 944               	.LBE628:
 945               	.LBE627:
 946               	.LBE626:
 947               	.LSM125:
 948 010a DF91      		pop r29
 949 010c CF91      		pop r28
 950               	.LVL47:
 951 010e 1F91      		pop r17
 952 0110 0F91      		pop r16
 953               	.LVL48:
 954 0112 FF90      		pop r15
 955 0114 EF90      		pop r14
 956               	.LVL49:
 957 0116 DF90      		pop r13
 958 0118 CF90      		pop r12
 959               	.LVL50:
 960 011a BF90      		pop r11
 961               	.LVL51:
 962 011c AF90      		pop r10
 963 011e 0895      		ret
 964               	.LFE207:
 966               		.section	.text.DataflashManager_ResetDataflashProtections,"ax",@progbits
 967               	.global	DataflashManager_ResetDataflashProtections
 969               	DataflashManager_ResetDataflashProtections:
 970               	.LFB208:
 971               	.LSM126:
 972               	/* prologue: function */
 973               	/* frame size = 0 */
 974               	.LBB630:
 975               	.LBB631:
 976               	.LSM127:
 977 0000 8EB1      		in r24,46-32
 978 0002 8C7F      		andi r24,lo8(-4)
 979 0004 8260      		ori r24,lo8(2)
 980 0006 8EB9      		out 46-32,r24
 981               	.LBE631:
 982               	.LBE630:
 983               	.LBB632:
 984               	.LBB633:
 985               	.LBB634:
 986               	.LBB635:
 987               	.LSM128:
 988 0008 87ED      		ldi r24,lo8(-41)
 989 000a 8EBD      		out 78-32,r24
 990               	.L87:
 991               	.LSM129:
 992 000c 0DB4      		in __tmp_reg__,77-32
 993 000e 07FE      		sbrs __tmp_reg__,7
 994 0010 00C0      		rjmp .L87
 995               	.LBE635:
 996               	.LBE634:
 997               	.LBE633:
 998               	.LBE632:
 999               	.LBB636:
 1000               	.LBB637:
 1001               	.LBB638:
 1002               	.LBB639:
 1003               	.LSM130:
 1004 0012 1EBC      		out 78-32,__zero_reg__
 1005               	.L88:
 1006               	.LSM131:
 1007 0014 0DB4      		in __tmp_reg__,77-32
 1008 0016 07FE      		sbrs __tmp_reg__,7
 1009 0018 00C0      		rjmp .L88
 1010               	.LBE639:
 1011               	.LBE638:
 1012               	.LBE637:
 1013               	.LBE636:
 1014               	.LSM132:
 1015 001a 0EB4      		in __tmp_reg__,78-32
 1016 001c 01FE      		sbrs __tmp_reg__,1
 1017 001e 00C0      		rjmp .L89
 1018               	.LSM133:
 1019 0020 0E94 0000 		call Dataflash_ToggleSelectedChipCS
 1020               	.LBB640:
 1021               	.LBB641:
 1022               	.LBB642:
 1023               	.LBB643:
 1024               	.LSM134:
 1025 0024 8DE3      		ldi r24,lo8(61)
 1026 0026 8EBD      		out 78-32,r24
 1027               	.L90:
 1028               	.LSM135:
 1029 0028 0DB4      		in __tmp_reg__,77-32
 1030 002a 07FE      		sbrs __tmp_reg__,7
 1031 002c 00C0      		rjmp .L90
 1032               	.LBE643:
 1033               	.LBE642:
 1034               	.LBE641:
 1035               	.LBE640:
 1036               	.LBB644:
 1037               	.LBB645:
 1038               	.LBB646:
 1039               	.LBB647:
 1040               	.LSM136:
 1041 002e 8AE2      		ldi r24,lo8(42)
 1042 0030 8EBD      		out 78-32,r24
 1043               	.L91:
 1044               	.LSM137:
 1045 0032 0DB4      		in __tmp_reg__,77-32
 1046 0034 07FE      		sbrs __tmp_reg__,7
 1047 0036 00C0      		rjmp .L91
 1048               	.LBE647:
 1049               	.LBE646:
 1050               	.LBE645:
 1051               	.LBE644:
 1052               	.LBB648:
 1053               	.LBB649:
 1054               	.LBB650:
 1055               	.LBB651:
 1056               	.LSM138:
 1057 0038 8FE7      		ldi r24,lo8(127)
 1058 003a 8EBD      		out 78-32,r24
 1059               	.L92:
 1060               	.LSM139:
 1061 003c 0DB4      		in __tmp_reg__,77-32
 1062 003e 07FE      		sbrs __tmp_reg__,7
 1063 0040 00C0      		rjmp .L92
 1064               	.LBE651:
 1065               	.LBE650:
 1066               	.LBE649:
 1067               	.LBE648:
 1068               	.LBB652:
 1069               	.LBB653:
 1070               	.LBB654:
 1071               	.LBB655:
 1072               	.LSM140:
 1073 0042 8AE9      		ldi r24,lo8(-102)
 1074 0044 8EBD      		out 78-32,r24
 1075               	.L93:
 1076               	.LSM141:
 1077 0046 0DB4      		in __tmp_reg__,77-32
 1078 0048 07FE      		sbrs __tmp_reg__,7
 1079 004a 00C0      		rjmp .L93
 1080               	.L89:
 1081               	.LBE655:
 1082               	.LBE654:
 1083               	.LBE653:
 1084               	.LBE652:
 1085               	.LBB656:
 1086               	.LBB657:
 1087               	.LSM142:
 1088 004c 8EB1      		in r24,46-32
 1089 004e 8C7F      		andi r24,lo8(-4)
 1090 0050 8160      		ori r24,lo8(1)
 1091 0052 8EB9      		out 46-32,r24
 1092               	.LBE657:
 1093               	.LBE656:
 1094               	.LBB658:
 1095               	.LBB659:
 1096               	.LBB660:
 1097               	.LBB661:
 1098               	.LSM143:
 1099 0054 87ED      		ldi r24,lo8(-41)
 1100 0056 8EBD      		out 78-32,r24
 1101               	.L94:
 1102               	.LSM144:
 1103 0058 0DB4      		in __tmp_reg__,77-32
 1104 005a 07FE      		sbrs __tmp_reg__,7
 1105 005c 00C0      		rjmp .L94
 1106               	.LBE661:
 1107               	.LBE660:
 1108               	.LBE659:
 1109               	.LBE658:
 1110               	.LBB662:
 1111               	.LBB663:
 1112               	.LBB664:
 1113               	.LBB665:
 1114               	.LSM145:
 1115 005e 1EBC      		out 78-32,__zero_reg__
 1116               	.L95:
 1117               	.LSM146:
 1118 0060 0DB4      		in __tmp_reg__,77-32
 1119 0062 07FE      		sbrs __tmp_reg__,7
 1120 0064 00C0      		rjmp .L95
 1121               	.LBE665:
 1122               	.LBE664:
 1123               	.LBE663:
 1124               	.LBE662:
 1125               	.LSM147:
 1126 0066 0EB4      		in __tmp_reg__,78-32
 1127 0068 01FE      		sbrs __tmp_reg__,1
 1128 006a 00C0      		rjmp .L96
 1129               	.LSM148:
 1130 006c 0E94 0000 		call Dataflash_ToggleSelectedChipCS
 1131               	.LBB666:
 1132               	.LBB667:
 1133               	.LBB668:
 1134               	.LBB669:
 1135               	.LSM149:
 1136 0070 8DE3      		ldi r24,lo8(61)
 1137 0072 8EBD      		out 78-32,r24
 1138               	.L97:
 1139               	.LSM150:
 1140 0074 0DB4      		in __tmp_reg__,77-32
 1141 0076 07FE      		sbrs __tmp_reg__,7
 1142 0078 00C0      		rjmp .L97
 1143               	.LBE669:
 1144               	.LBE668:
 1145               	.LBE667:
 1146               	.LBE666:
 1147               	.LBB670:
 1148               	.LBB671:
 1149               	.LBB672:
 1150               	.LBB673:
 1151               	.LSM151:
 1152 007a 8AE2      		ldi r24,lo8(42)
 1153 007c 8EBD      		out 78-32,r24
 1154               	.L98:
 1155               	.LSM152:
 1156 007e 0DB4      		in __tmp_reg__,77-32
 1157 0080 07FE      		sbrs __tmp_reg__,7
 1158 0082 00C0      		rjmp .L98
 1159               	.LBE673:
 1160               	.LBE672:
 1161               	.LBE671:
 1162               	.LBE670:
 1163               	.LBB674:
 1164               	.LBB675:
 1165               	.LBB676:
 1166               	.LBB677:
 1167               	.LSM153:
 1168 0084 8FE7      		ldi r24,lo8(127)
 1169 0086 8EBD      		out 78-32,r24
 1170               	.L99:
 1171               	.LSM154:
 1172 0088 0DB4      		in __tmp_reg__,77-32
 1173 008a 07FE      		sbrs __tmp_reg__,7
 1174 008c 00C0      		rjmp .L99
 1175               	.LBE677:
 1176               	.LBE676:
 1177               	.LBE675:
 1178               	.LBE674:
 1179               	.LBB678:
 1180               	.LBB679:
 1181               	.LBB680:
 1182               	.LBB681:
 1183               	.LSM155:
 1184 008e 8AE9      		ldi r24,lo8(-102)
 1185 0090 8EBD      		out 78-32,r24
 1186               	.L100:
 1187               	.LSM156:
 1188 0092 0DB4      		in __tmp_reg__,77-32
 1189 0094 07FE      		sbrs __tmp_reg__,7
 1190 0096 00C0      		rjmp .L100
 1191               	.L96:
 1192               	.LBE681:
 1193               	.LBE680:
 1194               	.LBE679:
 1195               	.LBE678:
 1196               	.LBB682:
 1197               	.LBB683:
 1198               	.LBB684:
 1199               	.LBB685:
 1200               	.LSM157:
 1201 0098 8EB1      		in r24,46-32
 1202 009a 8360      		ori r24,lo8(3)
 1203 009c 8EB9      		out 46-32,r24
 1204               	/* epilogue start */
 1205               	.LBE685:
 1206               	.LBE684:
 1207               	.LBE683:
 1208               	.LBE682:
 1209               	.LSM158:
 1210 009e 0895      		ret
 1211               	.LFE208:
 1213               		.section	.text.DataflashManager_CheckDataflashOperation,"ax",@progbits
 1214               	.global	DataflashManager_CheckDataflashOperation
 1216               	DataflashManager_CheckDataflashOperation:
 1217               	.LFB209:
 1218               	.LSM159:
 1219               	/* prologue: function */
 1220               	/* frame size = 0 */
 1221               	.LBB686:
 1222               	.LBB687:
 1223               	.LSM160:
 1224 0000 8EB1      		in r24,46-32
 1225 0002 8C7F      		andi r24,lo8(-4)
 1226 0004 8260      		ori r24,lo8(2)
 1227 0006 8EB9      		out 46-32,r24
 1228               	.LBE687:
 1229               	.LBE686:
 1230               	.LBB688:
 1231               	.LBB689:
 1232               	.LBB690:
 1233               	.LBB691:
 1234               	.LSM161:
 1235 0008 8FE9      		ldi r24,lo8(-97)
 1236 000a 8EBD      		out 78-32,r24
 1237               	.L115:
 1238               	.LSM162:
 1239 000c 0DB4      		in __tmp_reg__,77-32
 1240 000e 07FE      		sbrs __tmp_reg__,7
 1241 0010 00C0      		rjmp .L115
 1242               	.LBE691:
 1243               	.LBE690:
 1244               	.LBE689:
 1245               	.LBE688:
 1246               	.LBB692:
 1247               	.LBB693:
 1248               	.LBB694:
 1249               	.LBB695:
 1250               	.LSM163:
 1251 0012 1EBC      		out 78-32,__zero_reg__
 1252               	.L116:
 1253               	.LSM164:
 1254 0014 0DB4      		in __tmp_reg__,77-32
 1255 0016 07FE      		sbrs __tmp_reg__,7
 1256 0018 00C0      		rjmp .L116
 1257               	.LSM165:
 1258 001a 9EB5      		in r25,78-32
 1259               	.LVL52:
 1260               	.LBE695:
 1261               	.LBE694:
 1262               	.LBE693:
 1263               	.LBE692:
 1264               	.LBB696:
 1265               	.LBB697:
 1266               	.LBB698:
 1267               	.LBB699:
 1268               	.LSM166:
 1269 001c 8EB1      		in r24,46-32
 1270 001e 8360      		ori r24,lo8(3)
 1271 0020 8EB9      		out 46-32,r24
 1272               	.LBE699:
 1273               	.LBE698:
 1274               	.LBE697:
 1275               	.LBE696:
 1276               	.LSM167:
 1277 0022 9F31      		cpi r25,lo8(31)
 1278 0024 01F0      		breq .L117
 1279 0026 80E0      		ldi r24,lo8(0)
 1280 0028 0895      		ret
 1281               	.L117:
 1282               	.LBB700:
 1283               	.LBB701:
 1284               	.LSM168:
 1285 002a 8EB1      		in r24,46-32
 1286 002c 8C7F      		andi r24,lo8(-4)
 1287 002e 8160      		ori r24,lo8(1)
 1288 0030 8EB9      		out 46-32,r24
 1289               	.LBE701:
 1290               	.LBE700:
 1291               	.LBB702:
 1292               	.LBB703:
 1293               	.LBB704:
 1294               	.LBB705:
 1295               	.LSM169:
 1296 0032 8FE9      		ldi r24,lo8(-97)
 1297 0034 8EBD      		out 78-32,r24
 1298               	.L119:
 1299               	.LSM170:
 1300 0036 0DB4      		in __tmp_reg__,77-32
 1301 0038 07FE      		sbrs __tmp_reg__,7
 1302 003a 00C0      		rjmp .L119
 1303               	.LBE705:
 1304               	.LBE704:
 1305               	.LBE703:
 1306               	.LBE702:
 1307               	.LBB706:
 1308               	.LBB707:
 1309               	.LBB708:
 1310               	.LBB709:
 1311               	.LSM171:
 1312 003c 1EBC      		out 78-32,__zero_reg__
 1313               	.L120:
 1314               	.LSM172:
 1315 003e 0DB4      		in __tmp_reg__,77-32
 1316 0040 07FE      		sbrs __tmp_reg__,7
 1317 0042 00C0      		rjmp .L120
 1318               	.LSM173:
 1319 0044 9EB5      		in r25,78-32
 1320               	.LVL53:
 1321               	.LBE709:
 1322               	.LBE708:
 1323               	.LBE707:
 1324               	.LBE706:
 1325               	.LBB710:
 1326               	.LBB711:
 1327               	.LBB712:
 1328               	.LBB713:
 1329               	.LSM174:
 1330 0046 8EB1      		in r24,46-32
 1331 0048 8360      		ori r24,lo8(3)
 1332 004a 8EB9      		out 46-32,r24
 1333 004c 80E0      		ldi r24,lo8(0)
 1334 004e 9F31      		cpi r25,lo8(31)
 1335 0050 01F4      		brne .L118
 1336 0052 81E0      		ldi r24,lo8(1)
 1337               	.L118:
 1338               	.LBE713:
 1339               	.LBE712:
 1340               	.LBE711:
 1341               	.LBE710:
 1342               	.LSM175:
 1343 0054 0895      		ret
 1344               	.LFE209:
 1346               		.section	.text.DataflashManager_ReadBlocks,"ax",@progbits
 1347               	.global	DataflashManager_ReadBlocks
 1349               	DataflashManager_ReadBlocks:
 1350               	.LFB205:
 1351               	.LSM176:
 1352               	.LVL54:
 1353 0000 AF92      		push r10
 1354 0002 BF92      		push r11
 1355 0004 CF92      		push r12
 1356 0006 DF92      		push r13
 1357 0008 EF92      		push r14
 1358 000a FF92      		push r15
 1359 000c 0F93      		push r16
 1360 000e 1F93      		push r17
 1361 0010 DF93      		push r29
 1362 0012 CF93      		push r28
 1363 0014 0F92      		push __tmp_reg__
 1364 0016 CDB7      		in r28,__SP_L__
 1365 0018 DEB7      		in r29,__SP_H__
 1366               	/* prologue: function */
 1367               	/* frame size = 1 */
 1368 001a 5C01      		movw r10,r24
 1369 001c 7901      		movw r14,r18
 1370               	.LSM177:
 1371 001e E9E0      		ldi r30,9
 1372 0020 440F      	1:	lsl r20
 1373 0022 551F      		rol r21
 1374 0024 661F      		rol r22
 1375 0026 771F      		rol r23
 1376 0028 EA95      		dec r30
 1377 002a 01F4      		brne 1b
 1378               	.LVL55:
 1379 002c DB01      		movw r26,r22
 1380 002e CA01      		movw r24,r20
 1381               	.LVL56:
 1382 0030 3AE0      		ldi r19,10
 1383 0032 B695      	1:	lsr r27
 1384 0034 A795      		ror r26
 1385 0036 9795      		ror r25
 1386 0038 8795      		ror r24
 1387 003a 3A95      		dec r19
 1388 003c 01F4      		brne 1b
 1389 003e 8C01      		movw r16,r24
 1390               	.LVL57:
 1391               	.LSM178:
 1392 0040 2FEF      		ldi r18,lo8(1023)
 1393 0042 C22E      		mov r12,r18
 1394 0044 23E0      		ldi r18,hi8(1023)
 1395 0046 D22E      		mov r13,r18
 1396               	.LVL58:
 1397 0048 C422      		and r12,r20
 1398 004a D522      		and r13,r21
 1399               	.LSM179:
 1400 004c 0E94 0000 		call Dataflash_SelectChipFromPage
 1401               	.LBB714:
 1402               	.LBB715:
 1403               	.LBB716:
 1404               	.LBB717:
 1405               	.LSM180:
 1406 0050 82ED      		ldi r24,lo8(-46)
 1407 0052 8EBD      		out 78-32,r24
 1408               	.L128:
 1409               	.LSM181:
 1410 0054 0DB4      		in __tmp_reg__,77-32
 1411 0056 07FE      		sbrs __tmp_reg__,7
 1412 0058 00C0      		rjmp .L128
 1413               	.LBE717:
 1414               	.LBE716:
 1415               	.LBE715:
 1416               	.LBE714:
 1417               	.LSM182:
 1418 005a C801      		movw r24,r16
 1419 005c B601      		movw r22,r12
 1420 005e 0E94 0000 		call Dataflash_SendAddressBytes
 1421               	.LBB718:
 1422               	.LBB719:
 1423               	.LBB720:
 1424               	.LBB721:
 1425               	.LSM183:
 1426 0062 1EBC      		out 78-32,__zero_reg__
 1427               	.L129:
 1428               	.LSM184:
 1429 0064 0DB4      		in __tmp_reg__,77-32
 1430 0066 07FE      		sbrs __tmp_reg__,7
 1431 0068 00C0      		rjmp .L129
 1432               	.LBE721:
 1433               	.LBE720:
 1434               	.LBE719:
 1435               	.LBE718:
 1436               	.LBB722:
 1437               	.LBB723:
 1438               	.LBB724:
 1439               	.LBB725:
 1440               	.LSM185:
 1441 006a 1EBC      		out 78-32,__zero_reg__
 1442               	.L130:
 1443               	.LSM186:
 1444 006c 0DB4      		in __tmp_reg__,77-32
 1445 006e 07FE      		sbrs __tmp_reg__,7
 1446 0070 00C0      		rjmp .L130
 1447               	.LBE725:
 1448               	.LBE724:
 1449               	.LBE723:
 1450               	.LBE722:
 1451               	.LBB726:
 1452               	.LBB727:
 1453               	.LBB728:
 1454               	.LBB729:
 1455               	.LSM187:
 1456 0072 1EBC      		out 78-32,__zero_reg__
 1457               	.L131:
 1458               	.LSM188:
 1459 0074 0DB4      		in __tmp_reg__,77-32
 1460 0076 07FE      		sbrs __tmp_reg__,7
 1461 0078 00C0      		rjmp .L131
 1462               	.LBE729:
 1463               	.LBE728:
 1464               	.LBE727:
 1465               	.LBE726:
 1466               	.LBB730:
 1467               	.LBB731:
 1468               	.LBB732:
 1469               	.LBB733:
 1470               	.LSM189:
 1471 007a 1EBC      		out 78-32,__zero_reg__
 1472               	.L132:
 1473               	.LSM190:
 1474 007c 0DB4      		in __tmp_reg__,77-32
 1475 007e 07FE      		sbrs __tmp_reg__,7
 1476 0080 00C0      		rjmp .L132
 1477               	.LBE733:
 1478               	.LBE732:
 1479               	.LBE731:
 1480               	.LBE730:
 1481               	.LSM191:
 1482 0082 0E94 0000 		call Endpoint_WaitUntilReady
 1483 0086 8823      		tst r24
 1484 0088 01F0      		breq .+2
 1485 008a 00C0      		rjmp .L161
 1486               	.LSM192:
 1487 008c 94E0      		ldi r25,4
 1488 008e D694      	1:	lsr r13
 1489 0090 C794      		ror r12
 1490 0092 9A95      		dec r25
 1491 0094 01F4      		brne 1b
 1492 0096 9C2D      		mov r25,r12
 1493               	.LVL59:
 1494               	.LBB734:
 1495               	.LBB735:
 1496               	.LBB736:
 1497               	.LBB737:
 1498               	.LBB738:
 1499               	.LSM193:
 1500 0098 82ED      		ldi r24,lo8(-46)
 1501 009a C82E      		mov r12,r24
 1502               	.LVL60:
 1503 009c 00C0      		rjmp .L134
 1504               	.LVL61:
 1505               	.L159:
 1506               	.LBE738:
 1507               	.LBE737:
 1508               	.LBE736:
 1509               	.LBE735:
 1510               	.LBE734:
 1511               	.LSM194:
 1512 009e DD24      		clr r13
 1513               	.L158:
 1514               	.LBB859:
 1515               	.LBB742:
 1516               	.LBB743:
 1517               	.LSM195:
 1518 00a0 8091 E800 		lds r24,232
 1519               	.LBE743:
 1520               	.LBE742:
 1521               	.LSM196:
 1522 00a4 85FD      		sbrc r24,5
 1523 00a6 00C0      		rjmp .L135
 1524               	.LBB744:
 1525               	.LBB745:
 1526               	.LSM197:
 1527 00a8 8091 E800 		lds r24,232
 1528 00ac 8E77      		andi r24,lo8(126)
 1529 00ae 8093 E800 		sts 232,r24
 1530               	.LBE745:
 1531               	.LBE744:
 1532               	.LSM198:
 1533 00b2 9983      		std Y+1,r25
 1534               	.LVL62:
 1535 00b4 0E94 0000 		call Endpoint_WaitUntilReady
 1536 00b8 9981      		ldd r25,Y+1
 1537 00ba 8823      		tst r24
 1538 00bc 01F0      		breq .+2
 1539 00be 00C0      		rjmp .L161
 1540               	.LVL63:
 1541               	.L135:
 1542               	.LSM199:
 1543 00c0 9034      		cpi r25,lo8(64)
 1544 00c2 01F4      		brne .L136
 1545               	.LSM200:
 1546 00c4 0F5F      		subi r16,lo8(-(1))
 1547 00c6 1F4F      		sbci r17,hi8(-(1))
 1548               	.LSM201:
 1549 00c8 C801      		movw r24,r16
 1550 00ca 0E94 0000 		call Dataflash_SelectChipFromPage
 1551               	.LVL64:
 1552               	.LBB746:
 1553               	.LBB741:
 1554               	.LBB740:
 1555               	.LBB739:
 1556               	.LSM202:
 1557 00ce CEBC      		out 78-32,r12
 1558               	.L137:
 1559               	.LSM203:
 1560 00d0 0DB4      		in __tmp_reg__,77-32
 1561 00d2 07FE      		sbrs __tmp_reg__,7
 1562 00d4 00C0      		rjmp .L137
 1563               	.LBE739:
 1564               	.LBE740:
 1565               	.LBE741:
 1566               	.LBE746:
 1567               	.LSM204:
 1568 00d6 C801      		movw r24,r16
 1569 00d8 60E0      		ldi r22,lo8(0)
 1570 00da 70E0      		ldi r23,hi8(0)
 1571 00dc 0E94 0000 		call Dataflash_SendAddressBytes
 1572               	.LBB747:
 1573               	.LBB748:
 1574               	.LBB749:
 1575               	.LBB750:
 1576               	.LSM205:
 1577 00e0 1EBC      		out 78-32,__zero_reg__
 1578               	.L138:
 1579               	.LSM206:
 1580 00e2 0DB4      		in __tmp_reg__,77-32
 1581 00e4 07FE      		sbrs __tmp_reg__,7
 1582 00e6 00C0      		rjmp .L138
 1583               	.LBE750:
 1584               	.LBE749:
 1585               	.LBE748:
 1586               	.LBE747:
 1587               	.LBB751:
 1588               	.LBB752:
 1589               	.LBB753:
 1590               	.LBB754:
 1591               	.LSM207:
 1592 00e8 1EBC      		out 78-32,__zero_reg__
 1593               	.L139:
 1594               	.LSM208:
 1595 00ea 0DB4      		in __tmp_reg__,77-32
 1596 00ec 07FE      		sbrs __tmp_reg__,7
 1597 00ee 00C0      		rjmp .L139
 1598               	.LBE754:
 1599               	.LBE753:
 1600               	.LBE752:
 1601               	.LBE751:
 1602               	.LBB755:
 1603               	.LBB756:
 1604               	.LBB757:
 1605               	.LBB758:
 1606               	.LSM209:
 1607 00f0 1EBC      		out 78-32,__zero_reg__
 1608               	.L140:
 1609               	.LSM210:
 1610 00f2 0DB4      		in __tmp_reg__,77-32
 1611 00f4 07FE      		sbrs __tmp_reg__,7
 1612 00f6 00C0      		rjmp .L140
 1613               	.LBE758:
 1614               	.LBE757:
 1615               	.LBE756:
 1616               	.LBE755:
 1617               	.LBB759:
 1618               	.LBB760:
 1619               	.LBB761:
 1620               	.LBB762:
 1621               	.LSM211:
 1622 00f8 1EBC      		out 78-32,__zero_reg__
 1623               	.L141:
 1624               	.LSM212:
 1625 00fa 0DB4      		in __tmp_reg__,77-32
 1626 00fc 07FE      		sbrs __tmp_reg__,7
 1627 00fe 00C0      		rjmp .L141
 1628 0100 90E0      		ldi r25,lo8(0)
 1629               	.LVL65:
 1630               	.L136:
 1631               	.LBE762:
 1632               	.LBE761:
 1633               	.LBE760:
 1634               	.LBE759:
 1635               	.LBB763:
 1636               	.LBB764:
 1637               	.LBB765:
 1638               	.LBB766:
 1639               	.LSM213:
 1640 0102 1EBC      		out 78-32,__zero_reg__
 1641               	.L142:
 1642               	.LSM214:
 1643 0104 0DB4      		in __tmp_reg__,77-32
 1644 0106 07FE      		sbrs __tmp_reg__,7
 1645 0108 00C0      		rjmp .L142
 1646               	.LSM215:
 1647 010a 8EB5      		in r24,78-32
 1648               	.LBE766:
 1649               	.LBE765:
 1650               	.LBE764:
 1651               	.LBE763:
 1652               	.LBB767:
 1653               	.LBB768:
 1654               	.LSM216:
 1655 010c 8093 F100 		sts 241,r24
 1656               	.LBE768:
 1657               	.LBE767:
 1658               	.LBB769:
 1659               	.LBB770:
 1660               	.LBB771:
 1661               	.LBB772:
 1662               	.LSM217:
 1663 0110 1EBC      		out 78-32,__zero_reg__
 1664               	.L143:
 1665               	.LSM218:
 1666 0112 0DB4      		in __tmp_reg__,77-32
 1667 0114 07FE      		sbrs __tmp_reg__,7
 1668 0116 00C0      		rjmp .L143
 1669               	.LSM219:
 1670 0118 8EB5      		in r24,78-32
 1671               	.LBE772:
 1672               	.LBE771:
 1673               	.LBE770:
 1674               	.LBE769:
 1675               	.LBB773:
 1676               	.LBB774:
 1677               	.LSM220:
 1678 011a 8093 F100 		sts 241,r24
 1679               	.LBE774:
 1680               	.LBE773:
 1681               	.LBB775:
 1682               	.LBB776:
 1683               	.LBB777:
 1684               	.LBB778:
 1685               	.LSM221:
 1686 011e 1EBC      		out 78-32,__zero_reg__
 1687               	.L144:
 1688               	.LSM222:
 1689 0120 0DB4      		in __tmp_reg__,77-32
 1690 0122 07FE      		sbrs __tmp_reg__,7
 1691 0124 00C0      		rjmp .L144
 1692               	.LSM223:
 1693 0126 8EB5      		in r24,78-32
 1694               	.LBE778:
 1695               	.LBE777:
 1696               	.LBE776:
 1697               	.LBE775:
 1698               	.LBB779:
 1699               	.LBB780:
 1700               	.LSM224:
 1701 0128 8093 F100 		sts 241,r24
 1702               	.LBE780:
 1703               	.LBE779:
 1704               	.LBB781:
 1705               	.LBB782:
 1706               	.LBB783:
 1707               	.LBB784:
 1708               	.LSM225:
 1709 012c 1EBC      		out 78-32,__zero_reg__
 1710               	.L145:
 1711               	.LSM226:
 1712 012e 0DB4      		in __tmp_reg__,77-32
 1713 0130 07FE      		sbrs __tmp_reg__,7
 1714 0132 00C0      		rjmp .L145
 1715               	.LSM227:
 1716 0134 8EB5      		in r24,78-32
 1717               	.LBE784:
 1718               	.LBE783:
 1719               	.LBE782:
 1720               	.LBE781:
 1721               	.LBB785:
 1722               	.LBB786:
 1723               	.LSM228:
 1724 0136 8093 F100 		sts 241,r24
 1725               	.LBE786:
 1726               	.LBE785:
 1727               	.LBB787:
 1728               	.LBB788:
 1729               	.LBB789:
 1730               	.LBB790:
 1731               	.LSM229:
 1732 013a 1EBC      		out 78-32,__zero_reg__
 1733               	.L146:
 1734               	.LSM230:
 1735 013c 0DB4      		in __tmp_reg__,77-32
 1736 013e 07FE      		sbrs __tmp_reg__,7
 1737 0140 00C0      		rjmp .L146
 1738               	.LSM231:
 1739 0142 8EB5      		in r24,78-32
 1740               	.LBE790:
 1741               	.LBE789:
 1742               	.LBE788:
 1743               	.LBE787:
 1744               	.LBB791:
 1745               	.LBB792:
 1746               	.LSM232:
 1747 0144 8093 F100 		sts 241,r24
 1748               	.LBE792:
 1749               	.LBE791:
 1750               	.LBB793:
 1751               	.LBB794:
 1752               	.LBB795:
 1753               	.LBB796:
 1754               	.LSM233:
 1755 0148 1EBC      		out 78-32,__zero_reg__
 1756               	.L147:
 1757               	.LSM234:
 1758 014a 0DB4      		in __tmp_reg__,77-32
 1759 014c 07FE      		sbrs __tmp_reg__,7
 1760 014e 00C0      		rjmp .L147
 1761               	.LSM235:
 1762 0150 8EB5      		in r24,78-32
 1763               	.LBE796:
 1764               	.LBE795:
 1765               	.LBE794:
 1766               	.LBE793:
 1767               	.LBB797:
 1768               	.LBB798:
 1769               	.LSM236:
 1770 0152 8093 F100 		sts 241,r24
 1771               	.LBE798:
 1772               	.LBE797:
 1773               	.LBB799:
 1774               	.LBB800:
 1775               	.LBB801:
 1776               	.LBB802:
 1777               	.LSM237:
 1778 0156 1EBC      		out 78-32,__zero_reg__
 1779               	.L148:
 1780               	.LSM238:
 1781 0158 0DB4      		in __tmp_reg__,77-32
 1782 015a 07FE      		sbrs __tmp_reg__,7
 1783 015c 00C0      		rjmp .L148
 1784               	.LSM239:
 1785 015e 8EB5      		in r24,78-32
 1786               	.LBE802:
 1787               	.LBE801:
 1788               	.LBE800:
 1789               	.LBE799:
 1790               	.LBB803:
 1791               	.LBB804:
 1792               	.LSM240:
 1793 0160 8093 F100 		sts 241,r24
 1794               	.LBE804:
 1795               	.LBE803:
 1796               	.LBB805:
 1797               	.LBB806:
 1798               	.LBB807:
 1799               	.LBB808:
 1800               	.LSM241:
 1801 0164 1EBC      		out 78-32,__zero_reg__
 1802               	.L149:
 1803               	.LSM242:
 1804 0166 0DB4      		in __tmp_reg__,77-32
 1805 0168 07FE      		sbrs __tmp_reg__,7
 1806 016a 00C0      		rjmp .L149
 1807               	.LSM243:
 1808 016c 8EB5      		in r24,78-32
 1809               	.LBE808:
 1810               	.LBE807:
 1811               	.LBE806:
 1812               	.LBE805:
 1813               	.LBB809:
 1814               	.LBB810:
 1815               	.LSM244:
 1816 016e 8093 F100 		sts 241,r24
 1817               	.LBE810:
 1818               	.LBE809:
 1819               	.LBB811:
 1820               	.LBB812:
 1821               	.LBB813:
 1822               	.LBB814:
 1823               	.LSM245:
 1824 0172 1EBC      		out 78-32,__zero_reg__
 1825               	.L150:
 1826               	.LSM246:
 1827 0174 0DB4      		in __tmp_reg__,77-32
 1828 0176 07FE      		sbrs __tmp_reg__,7
 1829 0178 00C0      		rjmp .L150
 1830               	.LSM247:
 1831 017a 8EB5      		in r24,78-32
 1832               	.LBE814:
 1833               	.LBE813:
 1834               	.LBE812:
 1835               	.LBE811:
 1836               	.LBB815:
 1837               	.LBB816:
 1838               	.LSM248:
 1839 017c 8093 F100 		sts 241,r24
 1840               	.LBE816:
 1841               	.LBE815:
 1842               	.LBB817:
 1843               	.LBB818:
 1844               	.LBB819:
 1845               	.LBB820:
 1846               	.LSM249:
 1847 0180 1EBC      		out 78-32,__zero_reg__
 1848               	.L151:
 1849               	.LSM250:
 1850 0182 0DB4      		in __tmp_reg__,77-32
 1851 0184 07FE      		sbrs __tmp_reg__,7
 1852 0186 00C0      		rjmp .L151
 1853               	.LSM251:
 1854 0188 8EB5      		in r24,78-32
 1855               	.LBE820:
 1856               	.LBE819:
 1857               	.LBE818:
 1858               	.LBE817:
 1859               	.LBB821:
 1860               	.LBB822:
 1861               	.LSM252:
 1862 018a 8093 F100 		sts 241,r24
 1863               	.LBE822:
 1864               	.LBE821:
 1865               	.LBB823:
 1866               	.LBB824:
 1867               	.LBB825:
 1868               	.LBB826:
 1869               	.LSM253:
 1870 018e 1EBC      		out 78-32,__zero_reg__
 1871               	.L152:
 1872               	.LSM254:
 1873 0190 0DB4      		in __tmp_reg__,77-32
 1874 0192 07FE      		sbrs __tmp_reg__,7
 1875 0194 00C0      		rjmp .L152
 1876               	.LSM255:
 1877 0196 8EB5      		in r24,78-32
 1878               	.LBE826:
 1879               	.LBE825:
 1880               	.LBE824:
 1881               	.LBE823:
 1882               	.LBB827:
 1883               	.LBB828:
 1884               	.LSM256:
 1885 0198 8093 F100 		sts 241,r24
 1886               	.LBE828:
 1887               	.LBE827:
 1888               	.LBB829:
 1889               	.LBB830:
 1890               	.LBB831:
 1891               	.LBB832:
 1892               	.LSM257:
 1893 019c 1EBC      		out 78-32,__zero_reg__
 1894               	.L153:
 1895               	.LSM258:
 1896 019e 0DB4      		in __tmp_reg__,77-32
 1897 01a0 07FE      		sbrs __tmp_reg__,7
 1898 01a2 00C0      		rjmp .L153
 1899               	.LSM259:
 1900 01a4 8EB5      		in r24,78-32
 1901               	.LBE832:
 1902               	.LBE831:
 1903               	.LBE830:
 1904               	.LBE829:
 1905               	.LBB833:
 1906               	.LBB834:
 1907               	.LSM260:
 1908 01a6 8093 F100 		sts 241,r24
 1909               	.LBE834:
 1910               	.LBE833:
 1911               	.LBB835:
 1912               	.LBB836:
 1913               	.LBB837:
 1914               	.LBB838:
 1915               	.LSM261:
 1916 01aa 1EBC      		out 78-32,__zero_reg__
 1917               	.L154:
 1918               	.LSM262:
 1919 01ac 0DB4      		in __tmp_reg__,77-32
 1920 01ae 07FE      		sbrs __tmp_reg__,7
 1921 01b0 00C0      		rjmp .L154
 1922               	.LSM263:
 1923 01b2 8EB5      		in r24,78-32
 1924               	.LBE838:
 1925               	.LBE837:
 1926               	.LBE836:
 1927               	.LBE835:
 1928               	.LBB839:
 1929               	.LBB840:
 1930               	.LSM264:
 1931 01b4 8093 F100 		sts 241,r24
 1932               	.LBE840:
 1933               	.LBE839:
 1934               	.LBB841:
 1935               	.LBB842:
 1936               	.LBB843:
 1937               	.LBB844:
 1938               	.LSM265:
 1939 01b8 1EBC      		out 78-32,__zero_reg__
 1940               	.L155:
 1941               	.LSM266:
 1942 01ba 0DB4      		in __tmp_reg__,77-32
 1943 01bc 07FE      		sbrs __tmp_reg__,7
 1944 01be 00C0      		rjmp .L155
 1945               	.LSM267:
 1946 01c0 8EB5      		in r24,78-32
 1947               	.LBE844:
 1948               	.LBE843:
 1949               	.LBE842:
 1950               	.LBE841:
 1951               	.LBB845:
 1952               	.LBB846:
 1953               	.LSM268:
 1954 01c2 8093 F100 		sts 241,r24
 1955               	.LBE846:
 1956               	.LBE845:
 1957               	.LBB847:
 1958               	.LBB848:
 1959               	.LBB849:
 1960               	.LBB850:
 1961               	.LSM269:
 1962 01c6 1EBC      		out 78-32,__zero_reg__
 1963               	.L156:
 1964               	.LSM270:
 1965 01c8 0DB4      		in __tmp_reg__,77-32
 1966 01ca 07FE      		sbrs __tmp_reg__,7
 1967 01cc 00C0      		rjmp .L156
 1968               	.LSM271:
 1969 01ce 8EB5      		in r24,78-32
 1970               	.LBE850:
 1971               	.LBE849:
 1972               	.LBE848:
 1973               	.LBE847:
 1974               	.LBB851:
 1975               	.LBB852:
 1976               	.LSM272:
 1977 01d0 8093 F100 		sts 241,r24
 1978               	.LBE852:
 1979               	.LBE851:
 1980               	.LBB853:
 1981               	.LBB854:
 1982               	.LBB855:
 1983               	.LBB856:
 1984               	.LSM273:
 1985 01d4 1EBC      		out 78-32,__zero_reg__
 1986               	.L157:
 1987               	.LSM274:
 1988 01d6 0DB4      		in __tmp_reg__,77-32
 1989 01d8 07FE      		sbrs __tmp_reg__,7
 1990 01da 00C0      		rjmp .L157
 1991               	.LSM275:
 1992 01dc 8EB5      		in r24,78-32
 1993               	.LBE856:
 1994               	.LBE855:
 1995               	.LBE854:
 1996               	.LBE853:
 1997               	.LBB857:
 1998               	.LBB858:
 1999               	.LSM276:
 2000 01de 8093 F100 		sts 241,r24
 2001               	.LBE858:
 2002               	.LBE857:
 2003               	.LSM277:
 2004 01e2 F501      		movw r30,r10
 2005 01e4 86A9      		ldd r24,Z+54
 2006 01e6 8823      		tst r24
 2007 01e8 01F4      		brne .L161
 2008               	.LSM278:
 2009 01ea 9F5F      		subi r25,lo8(-(1))
 2010               	.LSM279:
 2011 01ec D394      		inc r13
 2012               	.LSM280:
 2013 01ee F0E2      		ldi r31,lo8(32)
 2014 01f0 DF16      		cp r13,r31
 2015 01f2 01F0      		breq .+2
 2016 01f4 00C0      		rjmp .L158
 2017               	.LSM281:
 2018 01f6 0894      		sec
 2019 01f8 E108      		sbc r14,__zero_reg__
 2020 01fa F108      		sbc r15,__zero_reg__
 2021               	.L134:
 2022               	.LBE859:
 2023               	.LSM282:
 2024 01fc E114      		cp r14,__zero_reg__
 2025 01fe F104      		cpc r15,__zero_reg__
 2026 0200 01F0      		breq .+2
 2027 0202 00C0      		rjmp .L159
 2028               	.LBB860:
 2029               	.LBB861:
 2030               	.LSM283:
 2031 0204 8091 E800 		lds r24,232
 2032               	.LBE861:
 2033               	.LBE860:
 2034               	.LSM284:
 2035 0208 85FD      		sbrc r24,5
 2036 020a 00C0      		rjmp .L160
 2037               	.LBB862:
 2038               	.LBB863:
 2039               	.LSM285:
 2040 020c 8091 E800 		lds r24,232
 2041 0210 8E77      		andi r24,lo8(126)
 2042 0212 8093 E800 		sts 232,r24
 2043               	.L160:
 2044               	.LBE863:
 2045               	.LBE862:
 2046               	.LBB864:
 2047               	.LBB865:
 2048               	.LBB866:
 2049               	.LBB867:
 2050               	.LSM286:
 2051 0216 8EB1      		in r24,46-32
 2052 0218 8360      		ori r24,lo8(3)
 2053 021a 8EB9      		out 46-32,r24
 2054               	.LVL66:
 2055               	.L161:
 2056               	/* epilogue start */
 2057               	.LBE867:
 2058               	.LBE866:
 2059               	.LBE865:
 2060               	.LBE864:
 2061               	.LSM287:
 2062 021c 0F90      		pop __tmp_reg__
 2063 021e CF91      		pop r28
 2064 0220 DF91      		pop r29
 2065 0222 1F91      		pop r17
 2066 0224 0F91      		pop r16
 2067               	.LVL67:
 2068 0226 FF90      		pop r15
 2069 0228 EF90      		pop r14
 2070               	.LVL68:
 2071 022a DF90      		pop r13
 2072               	.LVL69:
 2073 022c CF90      		pop r12
 2074               	.LVL70:
 2075 022e BF90      		pop r11
 2076 0230 AF90      		pop r10
 2077               	.LVL71:
 2078 0232 0895      		ret
 2079               	.LFE205:
 2081               		.section	.text.DataflashManager_WriteBlocks,"ax",@progbits
 2082               	.global	DataflashManager_WriteBlocks
 2084               	DataflashManager_WriteBlocks:
 2085               	.LFB204:
 2086               	.LSM288:
 2087               	.LVL72:
 2088 0000 8F92      		push r8
 2089 0002 9F92      		push r9
 2090 0004 AF92      		push r10
 2091 0006 BF92      		push r11
 2092 0008 CF92      		push r12
 2093 000a DF92      		push r13
 2094 000c EF92      		push r14
 2095 000e FF92      		push r15
 2096 0010 0F93      		push r16
 2097 0012 1F93      		push r17
 2098 0014 DF93      		push r29
 2099 0016 CF93      		push r28
 2100 0018 0F92      		push __tmp_reg__
 2101 001a CDB7      		in r28,__SP_L__
 2102 001c DEB7      		in r29,__SP_H__
 2103               	/* prologue: function */
 2104               	/* frame size = 1 */
 2105 001e 5C01      		movw r10,r24
 2106 0020 7901      		movw r14,r18
 2107               	.LSM289:
 2108 0022 09E0      		ldi r16,9
 2109 0024 440F      	1:	lsl r20
 2110 0026 551F      		rol r21
 2111 0028 661F      		rol r22
 2112 002a 771F      		rol r23
 2113 002c 0A95      		dec r16
 2114 002e 01F4      		brne 1b
 2115               	.LVL73:
 2116 0030 DB01      		movw r26,r22
 2117 0032 CA01      		movw r24,r20
 2118               	.LVL74:
 2119 0034 1AE0      		ldi r17,10
 2120 0036 B695      	1:	lsr r27
 2121 0038 A795      		ror r26
 2122 003a 9795      		ror r25
 2123 003c 8795      		ror r24
 2124 003e 1A95      		dec r17
 2125 0040 01F4      		brne 1b
 2126 0042 8C01      		movw r16,r24
 2127               	.LVL75:
 2128               	.LSM290:
 2129 0044 BFEF      		ldi r27,lo8(1023)
 2130 0046 CB2E      		mov r12,r27
 2131 0048 B3E0      		ldi r27,hi8(1023)
 2132 004a DB2E      		mov r13,r27
 2133               	.LVL76:
 2134 004c C422      		and r12,r20
 2135 004e D522      		and r13,r21
 2136               	.LSM291:
 2137 0050 0E94 0000 		call Dataflash_SelectChipFromPage
 2138               	.LVL77:
 2139               	.LBB868:
 2140               	.LBB869:
 2141               	.LBB870:
 2142               	.LBB871:
 2143               	.LSM292:
 2144 0054 83E5      		ldi r24,lo8(83)
 2145 0056 8EBD      		out 78-32,r24
 2146               	.L190:
 2147               	.LSM293:
 2148 0058 0DB4      		in __tmp_reg__,77-32
 2149 005a 07FE      		sbrs __tmp_reg__,7
 2150 005c 00C0      		rjmp .L190
 2151               	.LBE871:
 2152               	.LBE870:
 2153               	.LBE869:
 2154               	.LBE868:
 2155               	.LSM294:
 2156 005e C801      		movw r24,r16
 2157 0060 60E0      		ldi r22,lo8(0)
 2158 0062 70E0      		ldi r23,hi8(0)
 2159 0064 0E94 0000 		call Dataflash_SendAddressBytes
 2160               	.LSM295:
 2161 0068 0E94 0000 		call Dataflash_WaitWhileBusy
 2162               	.LBB872:
 2163               	.LBB873:
 2164               	.LBB874:
 2165               	.LBB875:
 2166               	.LSM296:
 2167 006c 84E8      		ldi r24,lo8(-124)
 2168 006e 8EBD      		out 78-32,r24
 2169               	.L191:
 2170               	.LSM297:
 2171 0070 0DB4      		in __tmp_reg__,77-32
 2172 0072 07FE      		sbrs __tmp_reg__,7
 2173 0074 00C0      		rjmp .L191
 2174               	.LBE875:
 2175               	.LBE874:
 2176               	.LBE873:
 2177               	.LBE872:
 2178               	.LSM298:
 2179 0076 80E0      		ldi r24,lo8(0)
 2180 0078 90E0      		ldi r25,hi8(0)
 2181 007a B601      		movw r22,r12
 2182 007c 0E94 0000 		call Dataflash_SendAddressBytes
 2183               	.LSM299:
 2184 0080 0E94 0000 		call Endpoint_WaitUntilReady
 2185 0084 8823      		tst r24
 2186 0086 01F0      		breq .+2
 2187 0088 00C0      		rjmp .L229
 2188               	.LSM300:
 2189 008a A4E0      		ldi r26,4
 2190 008c D694      	1:	lsr r13
 2191 008e C794      		ror r12
 2192 0090 AA95      		dec r26
 2193 0092 01F4      		brne 1b
 2194 0094 9C2D      		mov r25,r12
 2195               	.LVL78:
 2196 0096 4701      		movw r8,r14
 2197 0098 F5E0      		ldi r31,5
 2198 009a 880C      	1:	lsl r8
 2199 009c 991C      		rol r9
 2200 009e FA95      		dec r31
 2201 00a0 01F4      		brne 1b
 2202 00a2 DD24      		clr r13
 2203               	.LVL79:
 2204 00a4 00C0      		rjmp .L193
 2205               	.LVL80:
 2206               	.L224:
 2207 00a6 CC24      		clr r12
 2208               	.LVL81:
 2209               	.L223:
 2210               	.LBB876:
 2211               	.LBB877:
 2212               	.LBB878:
 2213               	.LSM301:
 2214 00a8 8091 E800 		lds r24,232
 2215               	.LBE878:
 2216               	.LBE877:
 2217               	.LSM302:
 2218 00ac 85FD      		sbrc r24,5
 2219 00ae 00C0      		rjmp .L194
 2220               	.LBB879:
 2221               	.LBB880:
 2222               	.LSM303:
 2223 00b0 8091 E800 		lds r24,232
 2224 00b4 8B77      		andi r24,lo8(123)
 2225 00b6 8093 E800 		sts 232,r24
 2226               	.LBE880:
 2227               	.LBE879:
 2228               	.LSM304:
 2229 00ba 9983      		std Y+1,r25
 2230               	.LVL82:
 2231 00bc 0E94 0000 		call Endpoint_WaitUntilReady
 2232 00c0 9981      		ldd r25,Y+1
 2233 00c2 8823      		tst r24
 2234 00c4 01F0      		breq .+2
 2235 00c6 00C0      		rjmp .L229
 2236               	.LVL83:
 2237               	.L194:
 2238               	.LSM305:
 2239 00c8 9034      		cpi r25,lo8(64)
 2240 00ca 01F0      		breq .+2
 2241 00cc 00C0      		rjmp .L195
 2242               	.LSM306:
 2243 00ce 0E94 0000 		call Dataflash_WaitWhileBusy
 2244               	.LVL84:
 2245               	.LSM307:
 2246 00d2 DD20      		tst r13
 2247 00d4 01F4      		brne .L196
 2248 00d6 83E8      		ldi r24,lo8(-125)
 2249 00d8 00C0      		rjmp .L197
 2250               	.L196:
 2251 00da 86E8      		ldi r24,lo8(-122)
 2252               	.L197:
 2253               	.LBB881:
 2254               	.LBB882:
 2255               	.LBB883:
 2256               	.LBB884:
 2257               	.LSM308:
 2258 00dc 8EBD      		out 78-32,r24
 2259               	.L198:
 2260               	.LSM309:
 2261 00de 0DB4      		in __tmp_reg__,77-32
 2262 00e0 07FE      		sbrs __tmp_reg__,7
 2263 00e2 00C0      		rjmp .L198
 2264               	.LBE884:
 2265               	.LBE883:
 2266               	.LBE882:
 2267               	.LBE881:
 2268               	.LSM310:
 2269 00e4 C801      		movw r24,r16
 2270 00e6 60E0      		ldi r22,lo8(0)
 2271 00e8 70E0      		ldi r23,hi8(0)
 2272 00ea 0E94 0000 		call Dataflash_SendAddressBytes
 2273               	.LSM311:
 2274 00ee 0F5F      		subi r16,lo8(-(1))
 2275 00f0 1F4F      		sbci r17,hi8(-(1))
 2276               	.LBB885:
 2277               	.LBB886:
 2278               	.LSM312:
 2279 00f2 8EB1      		in r24,46-32
 2280               	.LBE886:
 2281               	.LBE885:
 2282               	.LSM313:
 2283 00f4 8370      		andi r24,lo8(3)
 2284 00f6 8130      		cpi r24,lo8(1)
 2285 00f8 01F4      		brne .L199
 2286               	.LSM314:
 2287 00fa D826      		eor r13,r24
 2288               	.L199:
 2289               	.LSM315:
 2290 00fc C801      		movw r24,r16
 2291 00fe 0E94 0000 		call Dataflash_SelectChipFromPage
 2292               	.LSM316:
 2293 0102 20E4      		ldi r18,lo8(64)
 2294 0104 8216      		cp r8,r18
 2295 0106 9104      		cpc r9,__zero_reg__
 2296 0108 00F4      		brsh .L200
 2297               	.LSM317:
 2298 010a 0E94 0000 		call Dataflash_WaitWhileBusy
 2299               	.LSM318:
 2300 010e DD20      		tst r13
 2301 0110 01F4      		brne .L201
 2302 0112 83E5      		ldi r24,lo8(83)
 2303 0114 00C0      		rjmp .L202
 2304               	.L201:
 2305 0116 85E5      		ldi r24,lo8(85)
 2306               	.L202:
 2307               	.LBB887:
 2308               	.LBB888:
 2309               	.LBB889:
 2310               	.LBB890:
 2311               	.LSM319:
 2312 0118 8EBD      		out 78-32,r24
 2313               	.L203:
 2314               	.LSM320:
 2315 011a 0DB4      		in __tmp_reg__,77-32
 2316 011c 07FE      		sbrs __tmp_reg__,7
 2317 011e 00C0      		rjmp .L203
 2318               	.LBE890:
 2319               	.LBE889:
 2320               	.LBE888:
 2321               	.LBE887:
 2322               	.LSM321:
 2323 0120 C801      		movw r24,r16
 2324 0122 60E0      		ldi r22,lo8(0)
 2325 0124 70E0      		ldi r23,hi8(0)
 2326 0126 0E94 0000 		call Dataflash_SendAddressBytes
 2327               	.LSM322:
 2328 012a 0E94 0000 		call Dataflash_WaitWhileBusy
 2329               	.L200:
 2330               	.LSM323:
 2331 012e DD20      		tst r13
 2332 0130 01F4      		brne .L204
 2333 0132 84E8      		ldi r24,lo8(-124)
 2334 0134 00C0      		rjmp .L205
 2335               	.L204:
 2336 0136 87E8      		ldi r24,lo8(-121)
 2337               	.L205:
 2338               	.LBB891:
 2339               	.LBB892:
 2340               	.LBB893:
 2341               	.LBB894:
 2342               	.LSM324:
 2343 0138 8EBD      		out 78-32,r24
 2344               	.L206:
 2345               	.LSM325:
 2346 013a 0DB4      		in __tmp_reg__,77-32
 2347 013c 07FE      		sbrs __tmp_reg__,7
 2348 013e 00C0      		rjmp .L206
 2349               	.LBE894:
 2350               	.LBE893:
 2351               	.LBE892:
 2352               	.LBE891:
 2353               	.LSM326:
 2354 0140 80E0      		ldi r24,lo8(0)
 2355 0142 90E0      		ldi r25,hi8(0)
 2356 0144 60E0      		ldi r22,lo8(0)
 2357 0146 70E0      		ldi r23,hi8(0)
 2358 0148 0E94 0000 		call Dataflash_SendAddressBytes
 2359 014c 90E0      		ldi r25,lo8(0)
 2360               	.LVL85:
 2361               	.L195:
 2362               	.LBB895:
 2363               	.LBB896:
 2364               	.LSM327:
 2365 014e 8091 F100 		lds r24,241
 2366               	.LBE896:
 2367               	.LBE895:
 2368               	.LBB897:
 2369               	.LBB898:
 2370               	.LBB899:
 2371               	.LBB900:
 2372               	.LSM328:
 2373 0152 8EBD      		out 78-32,r24
 2374               	.L207:
 2375               	.LSM329:
 2376 0154 0DB4      		in __tmp_reg__,77-32
 2377 0156 07FE      		sbrs __tmp_reg__,7
 2378 0158 00C0      		rjmp .L207
 2379               	.LBE900:
 2380               	.LBE899:
 2381               	.LBE898:
 2382               	.LBE897:
 2383               	.LBB901:
 2384               	.LBB902:
 2385               	.LSM330:
 2386 015a 8091 F100 		lds r24,241
 2387               	.LBE902:
 2388               	.LBE901:
 2389               	.LBB903:
 2390               	.LBB904:
 2391               	.LBB905:
 2392               	.LBB906:
 2393               	.LSM331:
 2394 015e 8EBD      		out 78-32,r24
 2395               	.L208:
 2396               	.LSM332:
 2397 0160 0DB4      		in __tmp_reg__,77-32
 2398 0162 07FE      		sbrs __tmp_reg__,7
 2399 0164 00C0      		rjmp .L208
 2400               	.LBE906:
 2401               	.LBE905:
 2402               	.LBE904:
 2403               	.LBE903:
 2404               	.LBB907:
 2405               	.LBB908:
 2406               	.LSM333:
 2407 0166 8091 F100 		lds r24,241
 2408               	.LBE908:
 2409               	.LBE907:
 2410               	.LBB909:
 2411               	.LBB910:
 2412               	.LBB911:
 2413               	.LBB912:
 2414               	.LSM334:
 2415 016a 8EBD      		out 78-32,r24
 2416               	.L209:
 2417               	.LSM335:
 2418 016c 0DB4      		in __tmp_reg__,77-32
 2419 016e 07FE      		sbrs __tmp_reg__,7
 2420 0170 00C0      		rjmp .L209
 2421               	.LBE912:
 2422               	.LBE911:
 2423               	.LBE910:
 2424               	.LBE909:
 2425               	.LBB913:
 2426               	.LBB914:
 2427               	.LSM336:
 2428 0172 8091 F100 		lds r24,241
 2429               	.LBE914:
 2430               	.LBE913:
 2431               	.LBB915:
 2432               	.LBB916:
 2433               	.LBB917:
 2434               	.LBB918:
 2435               	.LSM337:
 2436 0176 8EBD      		out 78-32,r24
 2437               	.L210:
 2438               	.LSM338:
 2439 0178 0DB4      		in __tmp_reg__,77-32
 2440 017a 07FE      		sbrs __tmp_reg__,7
 2441 017c 00C0      		rjmp .L210
 2442               	.LBE918:
 2443               	.LBE917:
 2444               	.LBE916:
 2445               	.LBE915:
 2446               	.LBB919:
 2447               	.LBB920:
 2448               	.LSM339:
 2449 017e 8091 F100 		lds r24,241
 2450               	.LBE920:
 2451               	.LBE919:
 2452               	.LBB921:
 2453               	.LBB922:
 2454               	.LBB923:
 2455               	.LBB924:
 2456               	.LSM340:
 2457 0182 8EBD      		out 78-32,r24
 2458               	.L211:
 2459               	.LSM341:
 2460 0184 0DB4      		in __tmp_reg__,77-32
 2461 0186 07FE      		sbrs __tmp_reg__,7
 2462 0188 00C0      		rjmp .L211
 2463               	.LBE924:
 2464               	.LBE923:
 2465               	.LBE922:
 2466               	.LBE921:
 2467               	.LBB925:
 2468               	.LBB926:
 2469               	.LSM342:
 2470 018a 8091 F100 		lds r24,241
 2471               	.LBE926:
 2472               	.LBE925:
 2473               	.LBB927:
 2474               	.LBB928:
 2475               	.LBB929:
 2476               	.LBB930:
 2477               	.LSM343:
 2478 018e 8EBD      		out 78-32,r24
 2479               	.L212:
 2480               	.LSM344:
 2481 0190 0DB4      		in __tmp_reg__,77-32
 2482 0192 07FE      		sbrs __tmp_reg__,7
 2483 0194 00C0      		rjmp .L212
 2484               	.LBE930:
 2485               	.LBE929:
 2486               	.LBE928:
 2487               	.LBE927:
 2488               	.LBB931:
 2489               	.LBB932:
 2490               	.LSM345:
 2491 0196 8091 F100 		lds r24,241
 2492               	.LBE932:
 2493               	.LBE931:
 2494               	.LBB933:
 2495               	.LBB934:
 2496               	.LBB935:
 2497               	.LBB936:
 2498               	.LSM346:
 2499 019a 8EBD      		out 78-32,r24
 2500               	.L213:
 2501               	.LSM347:
 2502 019c 0DB4      		in __tmp_reg__,77-32
 2503 019e 07FE      		sbrs __tmp_reg__,7
 2504 01a0 00C0      		rjmp .L213
 2505               	.LBE936:
 2506               	.LBE935:
 2507               	.LBE934:
 2508               	.LBE933:
 2509               	.LBB937:
 2510               	.LBB938:
 2511               	.LSM348:
 2512 01a2 8091 F100 		lds r24,241
 2513               	.LBE938:
 2514               	.LBE937:
 2515               	.LBB939:
 2516               	.LBB940:
 2517               	.LBB941:
 2518               	.LBB942:
 2519               	.LSM349:
 2520 01a6 8EBD      		out 78-32,r24
 2521               	.L214:
 2522               	.LSM350:
 2523 01a8 0DB4      		in __tmp_reg__,77-32
 2524 01aa 07FE      		sbrs __tmp_reg__,7
 2525 01ac 00C0      		rjmp .L214
 2526               	.LBE942:
 2527               	.LBE941:
 2528               	.LBE940:
 2529               	.LBE939:
 2530               	.LBB943:
 2531               	.LBB944:
 2532               	.LSM351:
 2533 01ae 8091 F100 		lds r24,241
 2534               	.LBE944:
 2535               	.LBE943:
 2536               	.LBB945:
 2537               	.LBB946:
 2538               	.LBB947:
 2539               	.LBB948:
 2540               	.LSM352:
 2541 01b2 8EBD      		out 78-32,r24
 2542               	.L215:
 2543               	.LSM353:
 2544 01b4 0DB4      		in __tmp_reg__,77-32
 2545 01b6 07FE      		sbrs __tmp_reg__,7
 2546 01b8 00C0      		rjmp .L215
 2547               	.LBE948:
 2548               	.LBE947:
 2549               	.LBE946:
 2550               	.LBE945:
 2551               	.LBB949:
 2552               	.LBB950:
 2553               	.LSM354:
 2554 01ba 8091 F100 		lds r24,241
 2555               	.LBE950:
 2556               	.LBE949:
 2557               	.LBB951:
 2558               	.LBB952:
 2559               	.LBB953:
 2560               	.LBB954:
 2561               	.LSM355:
 2562 01be 8EBD      		out 78-32,r24
 2563               	.L216:
 2564               	.LSM356:
 2565 01c0 0DB4      		in __tmp_reg__,77-32
 2566 01c2 07FE      		sbrs __tmp_reg__,7
 2567 01c4 00C0      		rjmp .L216
 2568               	.LBE954:
 2569               	.LBE953:
 2570               	.LBE952:
 2571               	.LBE951:
 2572               	.LBB955:
 2573               	.LBB956:
 2574               	.LSM357:
 2575 01c6 8091 F100 		lds r24,241
 2576               	.LBE956:
 2577               	.LBE955:
 2578               	.LBB957:
 2579               	.LBB958:
 2580               	.LBB959:
 2581               	.LBB960:
 2582               	.LSM358:
 2583 01ca 8EBD      		out 78-32,r24
 2584               	.L217:
 2585               	.LSM359:
 2586 01cc 0DB4      		in __tmp_reg__,77-32
 2587 01ce 07FE      		sbrs __tmp_reg__,7
 2588 01d0 00C0      		rjmp .L217
 2589               	.LBE960:
 2590               	.LBE959:
 2591               	.LBE958:
 2592               	.LBE957:
 2593               	.LBB961:
 2594               	.LBB962:
 2595               	.LSM360:
 2596 01d2 8091 F100 		lds r24,241
 2597               	.LBE962:
 2598               	.LBE961:
 2599               	.LBB963:
 2600               	.LBB964:
 2601               	.LBB965:
 2602               	.LBB966:
 2603               	.LSM361:
 2604 01d6 8EBD      		out 78-32,r24
 2605               	.L218:
 2606               	.LSM362:
 2607 01d8 0DB4      		in __tmp_reg__,77-32
 2608 01da 07FE      		sbrs __tmp_reg__,7
 2609 01dc 00C0      		rjmp .L218
 2610               	.LBE966:
 2611               	.LBE965:
 2612               	.LBE964:
 2613               	.LBE963:
 2614               	.LBB967:
 2615               	.LBB968:
 2616               	.LSM363:
 2617 01de 8091 F100 		lds r24,241
 2618               	.LBE968:
 2619               	.LBE967:
 2620               	.LBB969:
 2621               	.LBB970:
 2622               	.LBB971:
 2623               	.LBB972:
 2624               	.LSM364:
 2625 01e2 8EBD      		out 78-32,r24
 2626               	.L219:
 2627               	.LSM365:
 2628 01e4 0DB4      		in __tmp_reg__,77-32
 2629 01e6 07FE      		sbrs __tmp_reg__,7
 2630 01e8 00C0      		rjmp .L219
 2631               	.LBE972:
 2632               	.LBE971:
 2633               	.LBE970:
 2634               	.LBE969:
 2635               	.LBB973:
 2636               	.LBB974:
 2637               	.LSM366:
 2638 01ea 8091 F100 		lds r24,241
 2639               	.LBE974:
 2640               	.LBE973:
 2641               	.LBB975:
 2642               	.LBB976:
 2643               	.LBB977:
 2644               	.LBB978:
 2645               	.LSM367:
 2646 01ee 8EBD      		out 78-32,r24
 2647               	.L220:
 2648               	.LSM368:
 2649 01f0 0DB4      		in __tmp_reg__,77-32
 2650 01f2 07FE      		sbrs __tmp_reg__,7
 2651 01f4 00C0      		rjmp .L220
 2652               	.LBE978:
 2653               	.LBE977:
 2654               	.LBE976:
 2655               	.LBE975:
 2656               	.LBB979:
 2657               	.LBB980:
 2658               	.LSM369:
 2659 01f6 8091 F100 		lds r24,241
 2660               	.LBE980:
 2661               	.LBE979:
 2662               	.LBB981:
 2663               	.LBB982:
 2664               	.LBB983:
 2665               	.LBB984:
 2666               	.LSM370:
 2667 01fa 8EBD      		out 78-32,r24
 2668               	.L221:
 2669               	.LSM371:
 2670 01fc 0DB4      		in __tmp_reg__,77-32
 2671 01fe 07FE      		sbrs __tmp_reg__,7
 2672 0200 00C0      		rjmp .L221
 2673               	.LBE984:
 2674               	.LBE983:
 2675               	.LBE982:
 2676               	.LBE981:
 2677               	.LBB985:
 2678               	.LBB986:
 2679               	.LSM372:
 2680 0202 8091 F100 		lds r24,241
 2681               	.LBE986:
 2682               	.LBE985:
 2683               	.LBB987:
 2684               	.LBB988:
 2685               	.LBB989:
 2686               	.LBB990:
 2687               	.LSM373:
 2688 0206 8EBD      		out 78-32,r24
 2689               	.L222:
 2690               	.LSM374:
 2691 0208 0DB4      		in __tmp_reg__,77-32
 2692 020a 07FE      		sbrs __tmp_reg__,7
 2693 020c 00C0      		rjmp .L222
 2694               	.LBE990:
 2695               	.LBE989:
 2696               	.LBE988:
 2697               	.LBE987:
 2698               	.LSM375:
 2699 020e F501      		movw r30,r10
 2700 0210 86A9      		ldd r24,Z+54
 2701 0212 8823      		tst r24
 2702 0214 01F4      		brne .L229
 2703               	.LSM376:
 2704 0216 9F5F      		subi r25,lo8(-(1))
 2705               	.LSM377:
 2706 0218 C394      		inc r12
 2707               	.LSM378:
 2708 021a F0E2      		ldi r31,lo8(32)
 2709 021c CF16      		cp r12,r31
 2710 021e 01F0      		breq .+2
 2711 0220 00C0      		rjmp .L223
 2712               	.LSM379:
 2713 0222 0894      		sec
 2714 0224 E108      		sbc r14,__zero_reg__
 2715 0226 F108      		sbc r15,__zero_reg__
 2716 0228 20EE      		ldi r18,lo8(-32)
 2717 022a 3FEF      		ldi r19,hi8(-32)
 2718 022c 820E      		add r8,r18
 2719 022e 931E      		adc r9,r19
 2720               	.LVL86:
 2721               	.L193:
 2722               	.LBE876:
 2723               	.LSM380:
 2724 0230 E114      		cp r14,__zero_reg__
 2725 0232 F104      		cpc r15,__zero_reg__
 2726 0234 01F0      		breq .+2
 2727 0236 00C0      		rjmp .L224
 2728               	.LSM381:
 2729 0238 0E94 0000 		call Dataflash_WaitWhileBusy
 2730               	.LVL87:
 2731               	.LSM382:
 2732 023c DD20      		tst r13
 2733 023e 01F4      		brne .L225
 2734 0240 83E8      		ldi r24,lo8(-125)
 2735 0242 00C0      		rjmp .L226
 2736               	.L225:
 2737 0244 86E8      		ldi r24,lo8(-122)
 2738               	.L226:
 2739               	.LBB991:
 2740               	.LBB992:
 2741               	.LBB993:
 2742               	.LBB994:
 2743               	.LSM383:
 2744 0246 8EBD      		out 78-32,r24
 2745               	.L227:
 2746               	.LSM384:
 2747 0248 0DB4      		in __tmp_reg__,77-32
 2748 024a 07FE      		sbrs __tmp_reg__,7
 2749 024c 00C0      		rjmp .L227
 2750               	.LBE994:
 2751               	.LBE993:
 2752               	.LBE992:
 2753               	.LBE991:
 2754               	.LSM385:
 2755 024e C801      		movw r24,r16
 2756 0250 60E0      		ldi r22,lo8(0)
 2757 0252 70E0      		ldi r23,hi8(0)
 2758 0254 0E94 0000 		call Dataflash_SendAddressBytes
 2759               	.LSM386:
 2760 0258 0E94 0000 		call Dataflash_WaitWhileBusy
 2761               	.LBB995:
 2762               	.LBB996:
 2763               	.LSM387:
 2764 025c 8091 E800 		lds r24,232
 2765               	.LBE996:
 2766               	.LBE995:
 2767               	.LSM388:
 2768 0260 85FD      		sbrc r24,5
 2769 0262 00C0      		rjmp .L228
 2770               	.LBB997:
 2771               	.LBB998:
 2772               	.LSM389:
 2773 0264 8091 E800 		lds r24,232
 2774 0268 8B77      		andi r24,lo8(123)
 2775 026a 8093 E800 		sts 232,r24
 2776               	.L228:
 2777               	.LBE998:
 2778               	.LBE997:
 2779               	.LBB999:
 2780               	.LBB1000:
 2781               	.LBB1001:
 2782               	.LBB1002:
 2783               	.LSM390:
 2784 026e 8EB1      		in r24,46-32
 2785 0270 8360      		ori r24,lo8(3)
 2786 0272 8EB9      		out 46-32,r24
 2787               	.LVL88:
 2788               	.L229:
 2789               	/* epilogue start */
 2790               	.LBE1002:
 2791               	.LBE1001:
 2792               	.LBE1000:
 2793               	.LBE999:
 2794               	.LSM391:
 2795 0274 0F90      		pop __tmp_reg__
 2796 0276 CF91      		pop r28
 2797 0278 DF91      		pop r29
 2798 027a 1F91      		pop r17
 2799 027c 0F91      		pop r16
 2800               	.LVL89:
 2801 027e FF90      		pop r15
 2802 0280 EF90      		pop r14
 2803               	.LVL90:
 2804 0282 DF90      		pop r13
 2805               	.LVL91:
 2806 0284 CF90      		pop r12
 2807               	.LVL92:
 2808 0286 BF90      		pop r11
 2809 0288 AF90      		pop r10
 2810               	.LVL93:
 2811 028a 9F90      		pop r9
 2812 028c 8F90      		pop r8
 2813 028e 0895      		ret
 2814               	.LFE204:
 2912               	.Letext0:
DEFINED SYMBOLS
                            *ABS*:00000000 DataflashManager.c
     /tmp/cc4n5l5d.s:2      *ABS*:0000003f __SREG__
     /tmp/cc4n5l5d.s:3      *ABS*:0000003e __SP_H__
     /tmp/cc4n5l5d.s:4      *ABS*:0000003d __SP_L__
     /tmp/cc4n5l5d.s:5      *ABS*:00000034 __CCP__
     /tmp/cc4n5l5d.s:6      *ABS*:00000000 __tmp_reg__
     /tmp/cc4n5l5d.s:7      *ABS*:00000001 __zero_reg__
     /tmp/cc4n5l5d.s:18     .text.Dataflash_SelectChipFromPage:00000000 Dataflash_SelectChipFromPage
     /tmp/cc4n5l5d.s:71     .text.Dataflash_ToggleSelectedChipCS:00000000 Dataflash_ToggleSelectedChipCS
     /tmp/cc4n5l5d.s:110    .text.Dataflash_WaitWhileBusy:00000000 Dataflash_WaitWhileBusy
     /tmp/cc4n5l5d.s:162    .text.Dataflash_SendAddressBytes:00000000 Dataflash_SendAddressBytes
     /tmp/cc4n5l5d.s:242    .text.DataflashManager_WriteBlocks_RAM:00000000 DataflashManager_WriteBlocks_RAM
     /tmp/cc4n5l5d.s:628    .text.DataflashManager_ReadBlocks_RAM:00000000 DataflashManager_ReadBlocks_RAM
     /tmp/cc4n5l5d.s:969    .text.DataflashManager_ResetDataflashProtections:00000000 DataflashManager_ResetDataflashProtections
     /tmp/cc4n5l5d.s:1216   .text.DataflashManager_CheckDataflashOperation:00000000 DataflashManager_CheckDataflashOperation
     /tmp/cc4n5l5d.s:1349   .text.DataflashManager_ReadBlocks:00000000 DataflashManager_ReadBlocks
     /tmp/cc4n5l5d.s:2084   .text.DataflashManager_WriteBlocks:00000000 DataflashManager_WriteBlocks

UNDEFINED SYMBOLS
Endpoint_WaitUntilReady
