   1               		.file	"AVRISP-MKII.c"
   2               	__SREG__ = 0x3f
   3               	__SP_H__ = 0x3e
   4               	__SP_L__ = 0x3d
   5               	__CCP__  = 0x34
   6               	__tmp_reg__ = 0
   7               	__zero_reg__ = 1
  15               	.Ltext0:
  16               		.section	.text.EVENT_USB_Device_Connect,"ax",@progbits
  17               	.global	EVENT_USB_Device_Connect
  19               	EVENT_USB_Device_Connect:
  20               	.LFB109:
  21               	.LSM0:
  22               	/* prologue: function */
  23               	/* frame size = 0 */
  24               	.LBB30:
  25               	.LBB31:
  26               	.LSM1:
  27 0000 85B1      		in r24,37-32
  28 0002 8F71      		andi r24,lo8(31)
  29 0004 806C      		ori r24,lo8(-64)
  30 0006 85B9      		out 37-32,r24
  31               	/* epilogue start */
  32               	.LBE31:
  33               	.LBE30:
  34               	.LSM2:
  35 0008 0895      		ret
  36               	.LFE109:
  38               		.section	.text.EVENT_USB_Device_Disconnect,"ax",@progbits
  39               	.global	EVENT_USB_Device_Disconnect
  41               	EVENT_USB_Device_Disconnect:
  42               	.LFB110:
  43               	.LSM3:
  44               	/* prologue: function */
  45               	/* frame size = 0 */
  46               	.LBB32:
  47               	.LBB33:
  48               	.LSM4:
  49 0000 85B1      		in r24,37-32
  50 0002 8F71      		andi r24,lo8(31)
  51 0004 8064      		ori r24,lo8(64)
  52 0006 85B9      		out 37-32,r24
  53               	/* epilogue start */
  54               	.LBE33:
  55               	.LBE32:
  56               	.LSM5:
  57 0008 0895      		ret
  58               	.LFE110:
  60               		.section	.text.AVRISP_Task,"ax",@progbits
  61               	.global	AVRISP_Task
  63               	AVRISP_Task:
  64               	.LFB112:
  65               	.LSM6:
  66               	/* prologue: function */
  67               	/* frame size = 0 */
  68               	.LSM7:
  69 0000 8EB3      		in r24,62-32
  70 0002 8430      		cpi r24,lo8(4)
  71 0004 01F4      		brne .L7
  72               	.LSM8:
  73 0006 0E94 0000 		call V2Params_UpdateParamValues
  74               	.LBB34:
  75               	.LBB35:
  76               	.LSM9:
  77 000a 82E0      		ldi r24,lo8(2)
  78 000c 8093 E900 		sts 233,r24
  79               	.LBE35:
  80               	.LBE34:
  81               	.LBB36:
  82               	.LBB37:
  83               	.LSM10:
  84 0010 8091 E800 		lds r24,232
  85               	.LBE37:
  86               	.LBE36:
  87               	.LSM11:
  88 0014 82FF      		sbrs r24,2
  89 0016 00C0      		rjmp .L7
  90               	.LBB38:
  91               	.LBB39:
  92               	.LSM12:
  93 0018 85B1      		in r24,37-32
  94 001a 8F71      		andi r24,lo8(31)
  95 001c 806C      		ori r24,lo8(-64)
  96 001e 85B9      		out 37-32,r24
  97               	.LBE39:
  98               	.LBE38:
  99               	.LSM13:
 100 0020 0E94 0000 		call V2Protocol_ProcessCommand
 101               	.LBB40:
 102               	.LBB41:
 103               	.LSM14:
 104 0024 85B1      		in r24,37-32
 105 0026 8F71      		andi r24,lo8(31)
 106 0028 8068      		ori r24,lo8(-128)
 107 002a 85B9      		out 37-32,r24
 108               	.L7:
 109 002c 0895      		ret
 110               	.LBE41:
 111               	.LBE40:
 112               	.LFE112:
 114               		.section	.text.EVENT_USB_Device_ConfigurationChanged,"ax",@progbits
 115               	.global	EVENT_USB_Device_ConfigurationChanged
 117               	EVENT_USB_Device_ConfigurationChanged:
 118               	.LFB111:
 119               	.LSM15:
 120               	/* prologue: function */
 121               	/* frame size = 0 */
 122               	.LBB42:
 123               	.LSM16:
 124 0000 82E0      		ldi r24,lo8(2)
 125 0002 60E8      		ldi r22,lo8(-128)
 126 0004 42E3      		ldi r20,lo8(50)
 127 0006 0E94 0000 		call Endpoint_ConfigureEndpoint_Prv
 128               	.LBE42:
 129               	.LSM17:
 130 000a 80FD      		sbrc r24,0
 131 000c 00C0      		rjmp .L9
 132 000e 90E4      		ldi r25,lo8(64)
 133 0010 00C0      		rjmp .L10
 134               	.L9:
 135 0012 90E8      		ldi r25,lo8(-128)
 136               	.L10:
 137               	.LBB43:
 138               	.LBB44:
 139               	.LSM18:
 140 0014 85B1      		in r24,37-32
 141 0016 8F71      		andi r24,lo8(31)
 142 0018 982B      		or r25,r24
 143 001a 95B9      		out 37-32,r25
 144               	/* epilogue start */
 145               	.LBE44:
 146               	.LBE43:
 147               	.LSM19:
 148 001c 0895      		ret
 149               	.LFE111:
 151               		.section	.text.SetupHardware,"ax",@progbits
 152               	.global	SetupHardware
 154               	SetupHardware:
 155               	.LFB108:
 156               	.LSM20:
 157               	/* prologue: function */
 158               	/* frame size = 0 */
 159               	.LSM21:
 160 0000 84B7      		in r24,84-32
 161 0002 877F      		andi r24,lo8(-9)
 162 0004 84BF      		out 84-32,r24
 163               	.LSM22:
 164 0006 88E1      		ldi r24,lo8(24)
 165               	/* #APP */
 166               	 ;  68 "AVRISP-MKII.c" 1
 167 0008 0FB6      		in __tmp_reg__, __SREG__
 168 000a F894      		cli
 169 000c 8093 6000 		sts 96, r24
 170 0010 1092 6000 		sts 96, __zero_reg__
 171 0014 0FBE      		out __SREG__,__tmp_reg__
 172               		
 173               	 ;  0 "" 2
 174               	/* #NOAPP */
 175               	.LBB45:
 176               	.LBB46:
 177               	.LSM23:
 178 0016 90E0      		ldi r25,lo8(0)
 179 0018 80E8      		ldi r24,lo8(-128)
 180               	/* #APP */
 181               	 ;  1394 "/usr/lib/gcc/avr/4.3.5/../../../avr/include/avr/power.h" 1
 182 001a 0FB6      		in __tmp_reg__,__SREG__
 183 001c F894      		cli
 184 001e 8093 6100 		sts 97, r24
 185 0022 9093 6100 		sts 97, r25
 186 0026 0FBE      		out __SREG__, __tmp_reg__
 187               	 ;  0 "" 2
 188               	/* #NOAPP */
 189               	.LBE46:
 190               	.LBE45:
 191               	.LBB47:
 192               	.LBB48:
 193               	.LSM24:
 194 0028 84B1      		in r24,36-32
 195 002a 806E      		ori r24,lo8(-32)
 196 002c 84B9      		out 36-32,r24
 197               	.LSM25:
 198 002e 85B1      		in r24,37-32
 199 0030 8F71      		andi r24,lo8(31)
 200 0032 85B9      		out 37-32,r24
 201               	.LBE48:
 202               	.LBE47:
 203               	.LSM26:
 204 0034 0E94 0000 		call USB_Init
 205               	/* epilogue start */
 206               	.LSM27:
 207 0038 0895      		ret
 208               	.LFE108:
 210               		.section	.text.main,"ax",@progbits
 211               	.global	main
 213               	main:
 214               	.LFB107:
 215               	.LSM28:
 216               	/* prologue: function */
 217               	/* frame size = 0 */
 218               	.LSM29:
 219 0000 0E94 0000 		call SetupHardware
 220               	.LSM30:
 221 0004 0E94 0000 		call V2Protocol_Init
 222               	.LBB49:
 223               	.LBB50:
 224               	.LSM31:
 225 0008 85B1      		in r24,37-32
 226 000a 8F71      		andi r24,lo8(31)
 227 000c 8064      		ori r24,lo8(64)
 228 000e 85B9      		out 37-32,r24
 229               	.LBE50:
 230               	.LBE49:
 231               	.LSM32:
 232               	/* #APP */
 233               	 ;  48 "AVRISP-MKII.c" 1
 234 0010 7894      		sei
 235               	 ;  0 "" 2
 236               	/* #NOAPP */
 237               	.L17:
 238               	.LSM33:
 239 0012 4899      		sbic 41-32,0
 240 0014 00C0      		rjmp .L15
 241 0016 90E2      		ldi r25,lo8(32)
 242 0018 00C0      		rjmp .L16
 243               	.L15:
 244 001a 90E0      		ldi r25,lo8(0)
 245               	.L16:
 246               	.LBB51:
 247               	.LBB52:
 248               	.LSM34:
 249 001c 85B1      		in r24,37-32
 250 001e 8F7D      		andi r24,lo8(-33)
 251 0020 982B      		or r25,r24
 252 0022 95B9      		out 37-32,r25
 253               	.LBE52:
 254               	.LBE51:
 255               	.LSM35:
 256 0024 0E94 0000 		call AVRISP_Task
 257               	.LSM36:
 258 0028 0E94 0000 		call USB_USBTask
 259 002c 00C0      		rjmp .L17
 260               	.LFE107:
 326               	.Letext0:
DEFINED SYMBOLS
                            *ABS*:00000000 AVRISP-MKII.c
     /tmp/cc2BUBnA.s:2      *ABS*:0000003f __SREG__
     /tmp/cc2BUBnA.s:3      *ABS*:0000003e __SP_H__
     /tmp/cc2BUBnA.s:4      *ABS*:0000003d __SP_L__
     /tmp/cc2BUBnA.s:5      *ABS*:00000034 __CCP__
     /tmp/cc2BUBnA.s:6      *ABS*:00000000 __tmp_reg__
     /tmp/cc2BUBnA.s:7      *ABS*:00000001 __zero_reg__
     /tmp/cc2BUBnA.s:19     .text.EVENT_USB_Device_Connect:00000000 EVENT_USB_Device_Connect
     /tmp/cc2BUBnA.s:41     .text.EVENT_USB_Device_Disconnect:00000000 EVENT_USB_Device_Disconnect
     /tmp/cc2BUBnA.s:63     .text.AVRISP_Task:00000000 AVRISP_Task
     /tmp/cc2BUBnA.s:117    .text.EVENT_USB_Device_ConfigurationChanged:00000000 EVENT_USB_Device_ConfigurationChanged
     /tmp/cc2BUBnA.s:154    .text.SetupHardware:00000000 SetupHardware
     /tmp/cc2BUBnA.s:213    .text.main:00000000 main

UNDEFINED SYMBOLS
V2Params_UpdateParamValues
V2Protocol_ProcessCommand
Endpoint_ConfigureEndpoint_Prv
USB_Init
V2Protocol_Init
USB_USBTask
